Start auto log messages stack - Iteration 1.	[MsgId: MMSG-10545]
..\\Parameters\\GlobalActions.h(266): web_add_auto_header("Origin") was successful  	[MsgId: MMSG-26392]
..\\Parameters\\GlobalActions.h(269): web_reg_save_param_attrib started  	[MsgId: MMSG-26355]
..\\Parameters\\GlobalActions.h(269): Registering web_reg_save_param_attrib was successful  	[MsgId: MMSG-26390]
..\\Parameters\\GlobalActions.h(279): web_reg_find started  	[MsgId: MMSG-26355]
..\\Parameters\\GlobalActions.h(279): Registering web_reg_find was successful  	[MsgId: MMSG-26390]
..\\Parameters\\GlobalActions.h(281): web_submit_data("reservations.pl") started  	[MsgId: MMSG-26355]
..\\Parameters\\GlobalActions.h(281): Error -35048: No match found for the requested parameter "outboundFlight". Check whether the tag with specific attributes exists in the response data  	[MsgId: MERR-35048]
..\\Parameters\\GlobalActions.h(281): Error -26366: "Text=<B>Denver</B> to <B>London</B>" not found for web_reg_find  	[MsgId: MERR-26366]
End auto log messages stack.	[MsgId: MMSG-10544]


Start auto log messages stack - Iteration 1.	[MsgId: MMSG-10545]
..\\Parameters\\GlobalActions.h(266): web_add_auto_header("Origin") was successful  	[MsgId: MMSG-26392]
..\\Parameters\\GlobalActions.h(269): web_reg_save_param_attrib started  	[MsgId: MMSG-26355]
..\\Parameters\\GlobalActions.h(269): Registering web_reg_save_param_attrib was successful  	[MsgId: MMSG-26390]
..\\Parameters\\GlobalActions.h(279): web_reg_find started  	[MsgId: MMSG-26355]
..\\Parameters\\GlobalActions.h(279): Registering web_reg_find was successful  	[MsgId: MMSG-26390]
..\\Parameters\\GlobalActions.h(281): web_submit_data("reservations.pl") started  	[MsgId: MMSG-26355]
..\\Parameters\\GlobalActions.h(281): Error -35048: No match found for the requested parameter "outboundFlight". Check whether the tag with specific attributes exists in the response data  	[MsgId: MERR-35048]
..\\Parameters\\GlobalActions.h(281): Error -26366: "Text=<B>Denver</B> to <B>London</B>" not found for web_reg_find  	[MsgId: MERR-26366]
End auto log messages stack.	[MsgId: MMSG-10544]


Start auto log messages stack - Iteration 2.	[MsgId: MMSG-10545]
..\\Parameters\\GlobalActions.h(266): web_add_auto_header("Origin") was successful  	[MsgId: MMSG-26392]
..\\Parameters\\GlobalActions.h(269): web_reg_save_param_attrib started  	[MsgId: MMSG-26355]
..\\Parameters\\GlobalActions.h(269): Registering web_reg_save_param_attrib was successful  	[MsgId: MMSG-26390]
..\\Parameters\\GlobalActions.h(279): web_reg_find started  	[MsgId: MMSG-26355]
..\\Parameters\\GlobalActions.h(279): Registering web_reg_find was successful  	[MsgId: MMSG-26390]
..\\Parameters\\GlobalActions.h(281): web_submit_data("reservations.pl") started  	[MsgId: MMSG-26355]
..\\Parameters\\GlobalActions.h(281): Error -35048: No match found for the requested parameter "outboundFlight". Check whether the tag with specific attributes exists in the response data  	[MsgId: MERR-35048]
..\\Parameters\\GlobalActions.h(281): Error -26366: "Text=<B>London</B> to <B>Paris</B>" not found for web_reg_find  	[MsgId: MERR-26366]
End auto log messages stack.	[MsgId: MMSG-10544]


Start auto log messages stack - Iteration 2.	[MsgId: MMSG-10545]
..\\Parameters\\GlobalActions.h(266): web_add_auto_header("Origin") was successful  	[MsgId: MMSG-26392]
..\\Parameters\\GlobalActions.h(269): web_reg_save_param_attrib started  	[MsgId: MMSG-26355]
..\\Parameters\\GlobalActions.h(269): Registering web_reg_save_param_attrib was successful  	[MsgId: MMSG-26390]
..\\Parameters\\GlobalActions.h(279): web_reg_find started  	[MsgId: MMSG-26355]
..\\Parameters\\GlobalActions.h(279): Registering web_reg_find was successful  	[MsgId: MMSG-26390]
..\\Parameters\\GlobalActions.h(281): web_submit_data("reservations.pl") started  	[MsgId: MMSG-26355]
..\\Parameters\\GlobalActions.h(281): Error -35048: No match found for the requested parameter "outboundFlight". Check whether the tag with specific attributes exists in the response data  	[MsgId: MERR-35048]
..\\Parameters\\GlobalActions.h(281): Error -26366: "Text=<B>London</B> to <B>Paris</B>" not found for web_reg_find  	[MsgId: MERR-26366]
End auto log messages stack.	[MsgId: MMSG-10544]


Start auto log messages stack - Iteration 3.	[MsgId: MMSG-10545]
..\\Parameters\\GlobalActions.h(266): web_add_auto_header("Origin") was successful  	[MsgId: MMSG-26392]
..\\Parameters\\GlobalActions.h(269): web_reg_save_param_attrib started  	[MsgId: MMSG-26355]
..\\Parameters\\GlobalActions.h(269): Registering web_reg_save_param_attrib was successful  	[MsgId: MMSG-26390]
..\\Parameters\\GlobalActions.h(279): web_reg_find started  	[MsgId: MMSG-26355]
..\\Parameters\\GlobalActions.h(279): Registering web_reg_find was successful  	[MsgId: MMSG-26390]
..\\Parameters\\GlobalActions.h(281): web_submit_data("reservations.pl") started  	[MsgId: MMSG-26355]
..\\Parameters\\GlobalActions.h(281): Error -35048: No match found for the requested parameter "outboundFlight". Check whether the tag with specific attributes exists in the response data  	[MsgId: MERR-35048]
..\\Parameters\\GlobalActions.h(281): Error -26366: "Text=<B>Los Angeles</B> to <B>Denver</B>" not found for web_reg_find  	[MsgId: MERR-26366]
End auto log messages stack.	[MsgId: MMSG-10544]


Start auto log messages stack - Iteration 3.	[MsgId: MMSG-10545]
..\\Parameters\\GlobalActions.h(266): web_add_auto_header("Origin") was successful  	[MsgId: MMSG-26392]
..\\Parameters\\GlobalActions.h(269): web_reg_save_param_attrib started  	[MsgId: MMSG-26355]
..\\Parameters\\GlobalActions.h(269): Registering web_reg_save_param_attrib was successful  	[MsgId: MMSG-26390]
..\\Parameters\\GlobalActions.h(279): web_reg_find started  	[MsgId: MMSG-26355]
..\\Parameters\\GlobalActions.h(279): Registering web_reg_find was successful  	[MsgId: MMSG-26390]
..\\Parameters\\GlobalActions.h(281): web_submit_data("reservations.pl") started  	[MsgId: MMSG-26355]
..\\Parameters\\GlobalActions.h(281): Error -35048: No match found for the requested parameter "outboundFlight". Check whether the tag with specific attributes exists in the response data  	[MsgId: MERR-35048]
..\\Parameters\\GlobalActions.h(281): Error -26366: "Text=<B>Los Angeles</B> to <B>Denver</B>" not found for web_reg_find  	[MsgId: MERR-26366]
End auto log messages stack.	[MsgId: MMSG-10544]


Start auto log messages stack - Iteration 4.	[MsgId: MMSG-10545]
..\\Parameters\\GlobalActions.h(266): web_add_auto_header("Origin") was successful  	[MsgId: MMSG-26392]
..\\Parameters\\GlobalActions.h(269): web_reg_save_param_attrib started  	[MsgId: MMSG-26355]
..\\Parameters\\GlobalActions.h(269): Registering web_reg_save_param_attrib was successful  	[MsgId: MMSG-26390]
..\\Parameters\\GlobalActions.h(279): web_reg_find started  	[MsgId: MMSG-26355]
..\\Parameters\\GlobalActions.h(279): Registering web_reg_find was successful  	[MsgId: MMSG-26390]
..\\Parameters\\GlobalActions.h(281): web_submit_data("reservations.pl") started  	[MsgId: MMSG-26355]
..\\Parameters\\GlobalActions.h(281): Error -35048: No match found for the requested parameter "outboundFlight". Check whether the tag with specific attributes exists in the response data  	[MsgId: MERR-35048]
..\\Parameters\\GlobalActions.h(281): Error -26366: "Text=<B>Frankfurt</B> to <B>Sydney</B>" not found for web_reg_find  	[MsgId: MERR-26366]
End auto log messages stack.	[MsgId: MMSG-10544]


Start auto log messages stack - Iteration 4.	[MsgId: MMSG-10545]
..\\Parameters\\GlobalActions.h(266): web_add_auto_header("Origin") was successful  	[MsgId: MMSG-26392]
..\\Parameters\\GlobalActions.h(269): web_reg_save_param_attrib started  	[MsgId: MMSG-26355]
..\\Parameters\\GlobalActions.h(269): Registering web_reg_save_param_attrib was successful  	[MsgId: MMSG-26390]
..\\Parameters\\GlobalActions.h(279): web_reg_find started  	[MsgId: MMSG-26355]
..\\Parameters\\GlobalActions.h(279): Registering web_reg_find was successful  	[MsgId: MMSG-26390]
..\\Parameters\\GlobalActions.h(281): web_submit_data("reservations.pl") started  	[MsgId: MMSG-26355]
..\\Parameters\\GlobalActions.h(281): Error -35048: No match found for the requested parameter "outboundFlight". Check whether the tag with specific attributes exists in the response data  	[MsgId: MERR-35048]
..\\Parameters\\GlobalActions.h(281): Error -26366: "Text=<B>Frankfurt</B> to <B>Sydney</B>" not found for web_reg_find  	[MsgId: MERR-26366]
End auto log messages stack.	[MsgId: MMSG-10544]


Start auto log messages stack - Iteration 5.	[MsgId: MMSG-10545]
..\\Parameters\\GlobalActions.h(266): web_add_auto_header("Origin") was successful  	[MsgId: MMSG-26392]
..\\Parameters\\GlobalActions.h(269): web_reg_save_param_attrib started  	[MsgId: MMSG-26355]
..\\Parameters\\GlobalActions.h(269): Registering web_reg_save_param_attrib was successful  	[MsgId: MMSG-26390]
..\\Parameters\\GlobalActions.h(279): web_reg_find started  	[MsgId: MMSG-26355]
..\\Parameters\\GlobalActions.h(279): Registering web_reg_find was successful  	[MsgId: MMSG-26390]
..\\Parameters\\GlobalActions.h(281): web_submit_data("reservations.pl") started  	[MsgId: MMSG-26355]
..\\Parameters\\GlobalActions.h(281): Error -35048: No match found for the requested parameter "outboundFlight". Check whether the tag with specific attributes exists in the response data  	[MsgId: MERR-35048]
..\\Parameters\\GlobalActions.h(281): Error -26366: "Text=<B>Denver</B> to <B>Zurich</B>" not found for web_reg_find  	[MsgId: MERR-26366]
End auto log messages stack.	[MsgId: MMSG-10544]


Start auto log messages stack - Iteration 5.	[MsgId: MMSG-10545]
..\\Parameters\\GlobalActions.h(266): web_add_auto_header("Origin") was successful  	[MsgId: MMSG-26392]
..\\Parameters\\GlobalActions.h(269): web_reg_save_param_attrib started  	[MsgId: MMSG-26355]
..\\Parameters\\GlobalActions.h(269): Registering web_reg_save_param_attrib was successful  	[MsgId: MMSG-26390]
..\\Parameters\\GlobalActions.h(279): web_reg_find started  	[MsgId: MMSG-26355]
..\\Parameters\\GlobalActions.h(279): Registering web_reg_find was successful  	[MsgId: MMSG-26390]
..\\Parameters\\GlobalActions.h(281): web_submit_data("reservations.pl") started  	[MsgId: MMSG-26355]
..\\Parameters\\GlobalActions.h(281): Error -35048: No match found for the requested parameter "outboundFlight". Check whether the tag with specific attributes exists in the response data  	[MsgId: MERR-35048]
..\\Parameters\\GlobalActions.h(281): Error -26366: "Text=<B>Denver</B> to <B>Zurich</B>" not found for web_reg_find  	[MsgId: MERR-26366]
End auto log messages stack.	[MsgId: MMSG-10544]


Start auto log messages stack - Iteration 6.	[MsgId: MMSG-10545]
..\\Parameters\\GlobalActions.h(266): web_add_auto_header("Origin") was successful  	[MsgId: MMSG-26392]
..\\Parameters\\GlobalActions.h(269): web_reg_save_param_attrib started  	[MsgId: MMSG-26355]
..\\Parameters\\GlobalActions.h(269): Registering web_reg_save_param_attrib was successful  	[MsgId: MMSG-26390]
..\\Parameters\\GlobalActions.h(279): web_reg_find started  	[MsgId: MMSG-26355]
..\\Parameters\\GlobalActions.h(279): Registering web_reg_find was successful  	[MsgId: MMSG-26390]
..\\Parameters\\GlobalActions.h(281): web_submit_data("reservations.pl") started  	[MsgId: MMSG-26355]
..\\Parameters\\GlobalActions.h(281): Error -35048: No match found for the requested parameter "outboundFlight". Check whether the tag with specific attributes exists in the response data  	[MsgId: MERR-35048]
..\\Parameters\\GlobalActions.h(281): Error -26366: "Text=<B>Sydney</B> to <B>Portland</B>" not found for web_reg_find  	[MsgId: MERR-26366]
End auto log messages stack.	[MsgId: MMSG-10544]


