Virtual User Script started at: 10.09.2021 19:45:37
Starting action vuser_init.
Web Turbo Replay of LoadRunner 12.55.0 for Windows 10; build 911 (июл 24 2017 19:46:00)  	[MsgId: MMSG-26983]
Run mode: HTML  	[MsgId: MMSG-26993]
Replay user agent: Mozilla/5.0 (compatible; MSIE 10.0; Windows NT 6.1; Trident/6.0)  	[MsgId: MMSG-26988]
Run-Time Settings file: "D:\Новая папка\Applana\Scripts\3_Buying_ticket\\default.cfg"  	[MsgId: MMSG-27141]
Ending action vuser_init.
Running Vuser...
Starting iteration 1.
Maximum number of concurrent connections per server: 6  	[MsgId: MMSG-26989]
Starting action Action.
Action.c(4): Notify: Transaction "UC_03_Buy_ticket" started.
..\\Parameters\\GlobalActions.h(11): Notify: Transaction "Main_page" started.
..\\Parameters\\GlobalActions.h(13): web_add_auto_header("Upgrade-Insecure-Requests") started  	[MsgId: MMSG-26355]
..\\Parameters\\GlobalActions.h(13): web_add_auto_header("Upgrade-Insecure-Requests") was successful  	[MsgId: MMSG-26392]
..\\Parameters\\GlobalActions.h(30): web_reg_save_param started  	[MsgId: MMSG-26355]
..\\Parameters\\GlobalActions.h(30): Registering web_reg_save_param was successful  	[MsgId: MMSG-26390]
..\\Parameters\\GlobalActions.h(35): web_reg_find started  	[MsgId: MMSG-26355]
..\\Parameters\\GlobalActions.h(35): Registering web_reg_find was successful  	[MsgId: MMSG-26390]
..\\Parameters\\GlobalActions.h(38): web_url("welcome.pl") started  	[MsgId: MMSG-26355]
..\\Parameters\\GlobalActions.h(38): Detected non-resource "http://localhost.com:1080/cgi-bin/nav.pl?in=home" in "http://localhost.com:1080/cgi-bin/welcome.pl?signOff=true"  	[MsgId: MMSG-26574]
..\\Parameters\\GlobalActions.h(38): Detected non-resource "http://localhost.com:1080/WebTours/home.html" in "http://localhost.com:1080/cgi-bin/welcome.pl?signOff=true"  	[MsgId: MMSG-26574]
..\\Parameters\\GlobalActions.h(38): Found resource "http://localhost.com:1080/WebTours/images/mer_login.gif" in HTML "http://localhost.com:1080/cgi-bin/nav.pl?in=home"  	[MsgId: MMSG-26659]
..\\Parameters\\GlobalActions.h(38): Registered web_reg_find successful for "Text=Web Tours" (count=5)  	[MsgId: MMSG-26364]
..\\Parameters\\GlobalActions.h(38): web_url("welcome.pl") was successful, 4216 body bytes, 1180 header bytes, 24 chunking overhead bytes  	[MsgId: MMSG-26385]
..\\Parameters\\GlobalActions.h(48): web_set_sockets_option started  	[MsgId: MMSG-26355]
..\\Parameters\\GlobalActions.h(48): web_set_sockets_option was successful  	[MsgId: MMSG-26392]
..\\Parameters\\GlobalActions.h(50): Notify: Transaction "Main_page" ended with a "Pass" status (Duration: 0.3465 Wasted Time: 0.0687).
..\\Parameters\\GlobalActions.h(150): Notify: Transaction "login" started.
..\\Parameters\\GlobalActions.h(152): web_add_header("Origin") started  	[MsgId: MMSG-26355]
..\\Parameters\\GlobalActions.h(152): web_add_header("Origin") was successful  	[MsgId: MMSG-26392]
..\\Parameters\\GlobalActions.h(155): web_reg_find started  	[MsgId: MMSG-26355]
..\\Parameters\\GlobalActions.h(155): Registering web_reg_find was successful  	[MsgId: MMSG-26390]
..\\Parameters\\GlobalActions.h(158): web_submit_data("login.pl") started  	[MsgId: MMSG-26355]
..\\Parameters\\GlobalActions.h(158): Detected non-resource "http://localhost.com:1080/cgi-bin/nav.pl?page=menu&in=home" in "http://localhost.com:1080/cgi-bin/login.pl"  	[MsgId: MMSG-26574]
..\\Parameters\\GlobalActions.h(158): Detected non-resource "http://localhost.com:1080/cgi-bin/login.pl?intro=true" in "http://localhost.com:1080/cgi-bin/login.pl"  	[MsgId: MMSG-26574]
..\\Parameters\\GlobalActions.h(158): Found resource "http://localhost.com:1080/WebTours/images/flights.gif" in HTML "http://localhost.com:1080/cgi-bin/nav.pl?page=menu&in=home"  	[MsgId: MMSG-26659]
..\\Parameters\\GlobalActions.h(158): Found resource "http://localhost.com:1080/WebTours/images/itinerary.gif" in HTML "http://localhost.com:1080/cgi-bin/nav.pl?page=menu&in=home"  	[MsgId: MMSG-26659]
..\\Parameters\\GlobalActions.h(158): Found resource "http://localhost.com:1080/WebTours/images/in_home.gif" in HTML "http://localhost.com:1080/cgi-bin/nav.pl?page=menu&in=home"  	[MsgId: MMSG-26659]
..\\Parameters\\GlobalActions.h(158): Found resource "http://localhost.com:1080/WebTours/images/signoff.gif" in HTML "http://localhost.com:1080/cgi-bin/nav.pl?page=menu&in=home"  	[MsgId: MMSG-26659]
..\\Parameters\\GlobalActions.h(158): Registered web_reg_find successful for "Text=User password was correct" (count=1)  	[MsgId: MMSG-26364]
..\\Parameters\\GlobalActions.h(158): web_submit_data("login.pl") was successful, 5779 body bytes, 2032 header bytes, 36 chunking overhead bytes  	[MsgId: MMSG-26385]
..\\Parameters\\GlobalActions.h(175): Notify: Transaction "login" ended with a "Pass" status (Duration: 0.1096 Wasted Time: 0.0049).
..\\Parameters\\GlobalActions.h(263): Notify: Transaction "flights" started.
..\\Parameters\\GlobalActions.h(265): web_reg_find started  	[MsgId: MMSG-26355]
..\\Parameters\\GlobalActions.h(265): Registering web_reg_find was successful  	[MsgId: MMSG-26390]
..\\Parameters\\GlobalActions.h(268): web_url("Search Flights Button") started  	[MsgId: MMSG-26355]
..\\Parameters\\GlobalActions.h(268): Detected non-resource "http://localhost.com:1080/cgi-bin/nav.pl?page=menu&in=flights" in "http://localhost.com:1080/cgi-bin/welcome.pl?page=search"  	[MsgId: MMSG-26574]
..\\Parameters\\GlobalActions.h(268): Detected non-resource "http://localhost.com:1080/cgi-bin/reservations.pl?page=welcome" in "http://localhost.com:1080/cgi-bin/welcome.pl?page=search"  	[MsgId: MMSG-26574]
..\\Parameters\\GlobalActions.h(268): Found resource "http://localhost.com:1080/WebTours/images/in_flights.gif" in HTML "http://localhost.com:1080/cgi-bin/nav.pl?page=menu&in=flights"  	[MsgId: MMSG-26659]
..\\Parameters\\GlobalActions.h(268): Resource "http://localhost.com:1080/WebTours/images/itinerary.gif" is in the cache already and will not be downloaded again  	[MsgId: MMSG-26655]
..\\Parameters\\GlobalActions.h(268): Found resource "http://localhost.com:1080/WebTours/images/home.gif" in HTML "http://localhost.com:1080/cgi-bin/nav.pl?page=menu&in=flights"  	[MsgId: MMSG-26659]
..\\Parameters\\GlobalActions.h(268): Resource "http://localhost.com:1080/WebTours/images/signoff.gif" is in the cache already and will not be downloaded again  	[MsgId: MMSG-26655]
..\\Parameters\\GlobalActions.h(268): Found resource "http://localhost.com:1080/WebTours/images/button_next.gif" in HTML "http://localhost.com:1080/cgi-bin/reservations.pl?page=welcome"  	[MsgId: MMSG-26659]
..\\Parameters\\GlobalActions.h(268): Registered web_reg_find successful for "Text=Flight Selections" (count=1)  	[MsgId: MMSG-26364]
..\\Parameters\\GlobalActions.h(268): web_url("Search Flights Button") was successful, 8516 body bytes, 1616 header bytes, 43 chunking overhead bytes  	[MsgId: MMSG-26385]
..\\Parameters\\GlobalActions.h(278): Notify: Transaction "flights" ended with a "Pass" status (Duration: 0.1419 Wasted Time: 0.0046).
..\\Parameters\\GlobalActions.h(353): Notify: Transaction "find_flight" started.
..\\Parameters\\GlobalActions.h(355): web_add_auto_header("Origin") started  	[MsgId: MMSG-26355]
..\\Parameters\\GlobalActions.h(355): web_add_auto_header("Origin") was successful  	[MsgId: MMSG-26392]
..\\Parameters\\GlobalActions.h(358): web_reg_find started  	[MsgId: MMSG-26355]
..\\Parameters\\GlobalActions.h(358): Registering web_reg_find was successful  	[MsgId: MMSG-26390]
..\\Parameters\\GlobalActions.h(364): web_reg_save_param started  	[MsgId: MMSG-26355]
..\\Parameters\\GlobalActions.h(364): Registering web_reg_save_param was successful  	[MsgId: MMSG-26390]
..\\Parameters\\GlobalActions.h(371): web_submit_data("reservations.pl") started  	[MsgId: MMSG-26355]
..\\Parameters\\GlobalActions.h(371): Resource "http://localhost.com:1080/WebTours/images/button_next.gif" is in the cache already and will not be downloaded again  	[MsgId: MMSG-26655]
..\\Parameters\\GlobalActions.h(371): Registered web_reg_find successful for "Text=Flight Selections" (count=1)  	[MsgId: MMSG-26364]
..\\Parameters\\GlobalActions.h(371): web_submit_data("reservations.pl") was successful, 2442 body bytes, 255 header bytes, 12 chunking overhead bytes  	[MsgId: MMSG-26385]
..\\Parameters\\GlobalActions.h(398): Notify: Transaction "find_flight" ended with a "Pass" status (Duration: 0.0597 Wasted Time: 0.0034).
..\\Parameters\\GlobalActions.h(446): Notify: Transaction "choose_ticket" started.
..\\Parameters\\GlobalActions.h(448): web_reg_find started  	[MsgId: MMSG-26355]
..\\Parameters\\GlobalActions.h(448): Registering web_reg_find was successful  	[MsgId: MMSG-26390]
..\\Parameters\\GlobalActions.h(451): web_submit_data("reservations.pl_2") started  	[MsgId: MMSG-26355]
..\\Parameters\\GlobalActions.h(451): Resource "http://localhost.com:1080/WebTours/images/button_next.gif" is in the cache already and will not be downloaded again  	[MsgId: MMSG-26655]
..\\Parameters\\GlobalActions.h(451): Registered web_reg_find successful for "Text=Flight Reservation" (count=1)  	[MsgId: MMSG-26364]
..\\Parameters\\GlobalActions.h(451): web_submit_data("reservations.pl_2") was successful, 2700 body bytes, 255 header bytes, 12 chunking overhead bytes  	[MsgId: MMSG-26385]
..\\Parameters\\GlobalActions.h(469): Notify: Transaction "choose_ticket" ended with a "Pass" status (Duration: 0,0545 Wasted Time: 0,0030).
..\\Parameters\\GlobalActions.h(485): Notify: Transaction "payment_details" started.
..\\Parameters\\GlobalActions.h(487): web_remove_auto_header("Origin") started  	[MsgId: MMSG-26355]
..\\Parameters\\GlobalActions.h(487): Previous automatically added web header for "Origin" removed  	[MsgId: MMSG-26587]
..\\Parameters\\GlobalActions.h(487): web_remove/revert_auto_header("Origin") was successful  	[MsgId: MMSG-26392]
..\\Parameters\\GlobalActions.h(489): web_remove_auto_header("Upgrade-Insecure-Requests") started  	[MsgId: MMSG-26355]
..\\Parameters\\GlobalActions.h(489): Previous automatically added web header for "Upgrade-Insecure-Requests" removed  	[MsgId: MMSG-26587]
..\\Parameters\\GlobalActions.h(489): web_remove/revert_auto_header("Upgrade-Insecure-Requests") was successful  	[MsgId: MMSG-26392]
..\\Parameters\\GlobalActions.h(491): web_add_header("Origin") started  	[MsgId: MMSG-26355]
..\\Parameters\\GlobalActions.h(491): web_add_header("Origin") was successful  	[MsgId: MMSG-26392]
..\\Parameters\\GlobalActions.h(494): web_reg_find started  	[MsgId: MMSG-26355]
..\\Parameters\\GlobalActions.h(494): Registering web_reg_find was successful  	[MsgId: MMSG-26390]
..\\Parameters\\GlobalActions.h(497): web_submit_data("reservations.pl_3") started  	[MsgId: MMSG-26355]
..\\Parameters\\GlobalActions.h(497): Found resource "http://localhost.com:1080/WebTours/images/bookanother.gif" in HTML "http://localhost.com:1080/cgi-bin/reservations.pl"  	[MsgId: MMSG-26659]
..\\Parameters\\GlobalActions.h(497): Registered web_reg_find successful for "Text=Reservation Made!" (count=1)  	[MsgId: MMSG-26364]
..\\Parameters\\GlobalActions.h(497): web_submit_data("reservations.pl_3") was successful, 3283 body bytes, 658 header bytes, 12 chunking overhead bytes  	[MsgId: MMSG-26385]
..\\Parameters\\GlobalActions.h(526): Notify: Transaction "payment_details" ended with a "Pass" status (Duration: 0.0680 Wasted Time: 0.0033).
..\\Parameters\\GlobalActions.h(190): Notify: Transaction "Itinerary" started.
..\\Parameters\\GlobalActions.h(192): web_reg_find started  	[MsgId: MMSG-26355]
..\\Parameters\\GlobalActions.h(192): Registering web_reg_find was successful  	[MsgId: MMSG-26390]
..\\Parameters\\GlobalActions.h(195): web_reg_save_param started  	[MsgId: MMSG-26355]
..\\Parameters\\GlobalActions.h(195): Registering web_reg_save_param was successful  	[MsgId: MMSG-26390]
..\\Parameters\\GlobalActions.h(201): web_url("Itinerary Button") started  	[MsgId: MMSG-26355]
..\\Parameters\\GlobalActions.h(201): Detected non-resource "http://localhost.com:1080/cgi-bin/nav.pl?page=menu&in=itinerary" in "http://localhost.com:1080/cgi-bin/welcome.pl?page=itinerary"  	[MsgId: MMSG-26574]
..\\Parameters\\GlobalActions.h(201): Detected non-resource "http://localhost.com:1080/cgi-bin/itinerary.pl" in "http://localhost.com:1080/cgi-bin/welcome.pl?page=itinerary"  	[MsgId: MMSG-26574]
..\\Parameters\\GlobalActions.h(201): Resource "http://localhost.com:1080/WebTours/images/flights.gif" is in the cache already and will not be downloaded again  	[MsgId: MMSG-26655]
..\\Parameters\\GlobalActions.h(201): Found resource "http://localhost.com:1080/WebTours/images/in_itinerary.gif" in HTML "http://localhost.com:1080/cgi-bin/nav.pl?page=menu&in=itinerary"  	[MsgId: MMSG-26659]
..\\Parameters\\GlobalActions.h(201): Resource "http://localhost.com:1080/WebTours/images/home.gif" is in the cache already and will not be downloaded again  	[MsgId: MMSG-26655]
..\\Parameters\\GlobalActions.h(201): Resource "http://localhost.com:1080/WebTours/images/signoff.gif" is in the cache already and will not be downloaded again  	[MsgId: MMSG-26655]
..\\Parameters\\GlobalActions.h(201): Found resource "http://localhost.com:1080/WebTours/images/cancelreservation.gif" in HTML "http://localhost.com:1080/cgi-bin/itinerary.pl"  	[MsgId: MMSG-26659]
..\\Parameters\\GlobalActions.h(201): Found resource "http://localhost.com:1080/WebTours/images/cancelallreservations.gif" in HTML "http://localhost.com:1080/cgi-bin/itinerary.pl"  	[MsgId: MMSG-26659]
..\\Parameters\\GlobalActions.h(201): Registered web_reg_find successful for "Text=Flights List" (count=1)  	[MsgId: MMSG-26364]
..\\Parameters\\GlobalActions.h(201): web_url("Itinerary Button") was successful, 53375 body bytes, 1616 header bytes, 123 chunking overhead bytes  	[MsgId: MMSG-26385]
..\\Parameters\\GlobalActions.h(211): Notify: Transaction "Itinerary" ended with a "Pass" status (Duration: 0.1534 Wasted Time: 0.0049).
..\\Parameters\\GlobalActions.h(539): Notify: Transaction "sign_off" started.
..\\Parameters\\GlobalActions.h(541): web_reg_find started  	[MsgId: MMSG-26355]
..\\Parameters\\GlobalActions.h(541): Registering web_reg_find was successful  	[MsgId: MMSG-26390]
..\\Parameters\\GlobalActions.h(544): web_url("SignOff Button") started  	[MsgId: MMSG-26355]
..\\Parameters\\GlobalActions.h(544): Detected non-resource "http://localhost.com:1080/cgi-bin/nav.pl?in=home" in "http://localhost.com:1080/cgi-bin/welcome.pl?signOff=1"  	[MsgId: MMSG-26574]
..\\Parameters\\GlobalActions.h(544): Detected non-resource "http://localhost.com:1080/WebTours/home.html" in "http://localhost.com:1080/cgi-bin/welcome.pl?signOff=1"  	[MsgId: MMSG-26574]
..\\Parameters\\GlobalActions.h(544): Retrieving data from cache for "http://localhost.com:1080/WebTours/home.html"  	[MsgId: MMSG-26558]
..\\Parameters\\GlobalActions.h(544): Resource "http://localhost.com:1080/WebTours/images/mer_login.gif" is in the cache already and will not be downloaded again  	[MsgId: MMSG-26655]
..\\Parameters\\GlobalActions.h(544): Registered web_reg_find successful for "Text=Web Tours" (count=5)  	[MsgId: MMSG-26364]
..\\Parameters\\GlobalActions.h(544): web_url("SignOff Button") was successful, 2175 body bytes, 582 header bytes, 24 chunking overhead bytes  	[MsgId: MMSG-26385]
..\\Parameters\\GlobalActions.h(554): Notify: Transaction "sign_off" ended with a "Pass" status (Duration: 0.0814 Wasted Time: 0.0035).
Action.c(36): Notify: Transaction "UC_03_Buy_ticket" ended with a "Pass" status (Duration: 1.2424 Wasted Time: 0.0962).
Ending action Action.
Ending iteration 1.
Starting iteration 2.
Starting action Action.
Action.c(4): Notify: Transaction "UC_03_Buy_ticket" started.
..\\Parameters\\GlobalActions.h(11): Notify: Transaction "Main_page" started.
..\\Parameters\\GlobalActions.h(13): web_add_auto_header("Upgrade-Insecure-Requests") started  	[MsgId: MMSG-26355]
..\\Parameters\\GlobalActions.h(13): web_add_auto_header("Upgrade-Insecure-Requests") was successful  	[MsgId: MMSG-26392]
..\\Parameters\\GlobalActions.h(30): web_reg_save_param started  	[MsgId: MMSG-26355]
..\\Parameters\\GlobalActions.h(30): Registering web_reg_save_param was successful  	[MsgId: MMSG-26390]
..\\Parameters\\GlobalActions.h(35): web_reg_find started  	[MsgId: MMSG-26355]
..\\Parameters\\GlobalActions.h(35): Registering web_reg_find was successful  	[MsgId: MMSG-26390]
..\\Parameters\\GlobalActions.h(38): web_url("welcome.pl") started  	[MsgId: MMSG-26355]
..\\Parameters\\GlobalActions.h(38): Detected non-resource "http://localhost.com:1080/cgi-bin/nav.pl?in=home" in "http://localhost.com:1080/cgi-bin/welcome.pl?signOff=true"  	[MsgId: MMSG-26574]
..\\Parameters\\GlobalActions.h(38): Detected non-resource "http://localhost.com:1080/WebTours/home.html" in "http://localhost.com:1080/cgi-bin/welcome.pl?signOff=true"  	[MsgId: MMSG-26574]
..\\Parameters\\GlobalActions.h(38): Found resource "http://localhost.com:1080/WebTours/images/mer_login.gif" in HTML "http://localhost.com:1080/cgi-bin/nav.pl?in=home"  	[MsgId: MMSG-26659]
..\\Parameters\\GlobalActions.h(38): Registered web_reg_find successful for "Text=Web Tours" (count=5)  	[MsgId: MMSG-26364]
..\\Parameters\\GlobalActions.h(38): web_url("welcome.pl") was successful, 4215 body bytes, 1180 header bytes, 24 chunking overhead bytes  	[MsgId: MMSG-26385]
..\\Parameters\\GlobalActions.h(48): web_set_sockets_option started  	[MsgId: MMSG-26355]
..\\Parameters\\GlobalActions.h(48): web_set_sockets_option was successful  	[MsgId: MMSG-26392]
..\\Parameters\\GlobalActions.h(50): Notify: Transaction "Main_page" ended with a "Pass" status (Duration: 0.1116 Wasted Time: 0.0076).
..\\Parameters\\GlobalActions.h(150): Notify: Transaction "login" started.
..\\Parameters\\GlobalActions.h(152): web_add_header("Origin") started  	[MsgId: MMSG-26355]
..\\Parameters\\GlobalActions.h(152): web_add_header("Origin") was successful  	[MsgId: MMSG-26392]
..\\Parameters\\GlobalActions.h(155): web_reg_find started  	[MsgId: MMSG-26355]
..\\Parameters\\GlobalActions.h(155): Registering web_reg_find was successful  	[MsgId: MMSG-26390]
..\\Parameters\\GlobalActions.h(158): web_submit_data("login.pl") started  	[MsgId: MMSG-26355]
..\\Parameters\\GlobalActions.h(158): Detected non-resource "http://localhost.com:1080/cgi-bin/nav.pl?page=menu&in=home" in "http://localhost.com:1080/cgi-bin/login.pl"  	[MsgId: MMSG-26574]
..\\Parameters\\GlobalActions.h(158): Detected non-resource "http://localhost.com:1080/cgi-bin/login.pl?intro=true" in "http://localhost.com:1080/cgi-bin/login.pl"  	[MsgId: MMSG-26574]
..\\Parameters\\GlobalActions.h(158): Found resource "http://localhost.com:1080/WebTours/images/flights.gif" in HTML "http://localhost.com:1080/cgi-bin/nav.pl?page=menu&in=home"  	[MsgId: MMSG-26659]
..\\Parameters\\GlobalActions.h(158): Found resource "http://localhost.com:1080/WebTours/images/itinerary.gif" in HTML "http://localhost.com:1080/cgi-bin/nav.pl?page=menu&in=home"  	[MsgId: MMSG-26659]
..\\Parameters\\GlobalActions.h(158): Found resource "http://localhost.com:1080/WebTours/images/in_home.gif" in HTML "http://localhost.com:1080/cgi-bin/nav.pl?page=menu&in=home"  	[MsgId: MMSG-26659]
..\\Parameters\\GlobalActions.h(158): Found resource "http://localhost.com:1080/WebTours/images/signoff.gif" in HTML "http://localhost.com:1080/cgi-bin/nav.pl?page=menu&in=home"  	[MsgId: MMSG-26659]
..\\Parameters\\GlobalActions.h(158): Registered web_reg_find successful for "Text=User password was correct" (count=1)  	[MsgId: MMSG-26364]
..\\Parameters\\GlobalActions.h(158): web_submit_data("login.pl") was successful, 5780 body bytes, 2045 header bytes, 36 chunking overhead bytes  	[MsgId: MMSG-26385]
..\\Parameters\\GlobalActions.h(175): Notify: Transaction "login" ended with a "Pass" status (Duration: 0.1140 Wasted Time: 0.0066).
..\\Parameters\\GlobalActions.h(263): Notify: Transaction "flights" started.
..\\Parameters\\GlobalActions.h(265): web_reg_find started  	[MsgId: MMSG-26355]
..\\Parameters\\GlobalActions.h(265): Registering web_reg_find was successful  	[MsgId: MMSG-26390]
..\\Parameters\\GlobalActions.h(268): web_url("Search Flights Button") started  	[MsgId: MMSG-26355]
..\\Parameters\\GlobalActions.h(268): Detected non-resource "http://localhost.com:1080/cgi-bin/nav.pl?page=menu&in=flights" in "http://localhost.com:1080/cgi-bin/welcome.pl?page=search"  	[MsgId: MMSG-26574]
..\\Parameters\\GlobalActions.h(268): Detected non-resource "http://localhost.com:1080/cgi-bin/reservations.pl?page=welcome" in "http://localhost.com:1080/cgi-bin/welcome.pl?page=search"  	[MsgId: MMSG-26574]
..\\Parameters\\GlobalActions.h(268): Found resource "http://localhost.com:1080/WebTours/images/in_flights.gif" in HTML "http://localhost.com:1080/cgi-bin/nav.pl?page=menu&in=flights"  	[MsgId: MMSG-26659]
..\\Parameters\\GlobalActions.h(268): Resource "http://localhost.com:1080/WebTours/images/itinerary.gif" is in the cache already and will not be downloaded again  	[MsgId: MMSG-26655]
..\\Parameters\\GlobalActions.h(268): Found resource "http://localhost.com:1080/WebTours/images/home.gif" in HTML "http://localhost.com:1080/cgi-bin/nav.pl?page=menu&in=flights"  	[MsgId: MMSG-26659]
..\\Parameters\\GlobalActions.h(268): Resource "http://localhost.com:1080/WebTours/images/signoff.gif" is in the cache already and will not be downloaded again  	[MsgId: MMSG-26655]
..\\Parameters\\GlobalActions.h(268): Found resource "http://localhost.com:1080/WebTours/images/button_next.gif" in HTML "http://localhost.com:1080/cgi-bin/reservations.pl?page=welcome"  	[MsgId: MMSG-26659]
..\\Parameters\\GlobalActions.h(268): Registered web_reg_find successful for "Text=Flight Selections" (count=1)  	[MsgId: MMSG-26364]
..\\Parameters\\GlobalActions.h(268): web_url("Search Flights Button") was successful, 8516 body bytes, 1616 header bytes, 43 chunking overhead bytes  	[MsgId: MMSG-26385]
..\\Parameters\\GlobalActions.h(278): Notify: Transaction "flights" ended with a "Pass" status (Duration: 0.1432 Wasted Time: 0.0066).
..\\Parameters\\GlobalActions.h(353): Notify: Transaction "find_flight" started.
..\\Parameters\\GlobalActions.h(355): web_add_auto_header("Origin") started  	[MsgId: MMSG-26355]
..\\Parameters\\GlobalActions.h(355): web_add_auto_header("Origin") was successful  	[MsgId: MMSG-26392]
..\\Parameters\\GlobalActions.h(358): web_reg_find started  	[MsgId: MMSG-26355]
..\\Parameters\\GlobalActions.h(358): Registering web_reg_find was successful  	[MsgId: MMSG-26390]
..\\Parameters\\GlobalActions.h(364): web_reg_save_param started  	[MsgId: MMSG-26355]
..\\Parameters\\GlobalActions.h(364): Registering web_reg_save_param was successful  	[MsgId: MMSG-26390]
..\\Parameters\\GlobalActions.h(371): web_submit_data("reservations.pl") started  	[MsgId: MMSG-26355]
..\\Parameters\\GlobalActions.h(371): Resource "http://localhost.com:1080/WebTours/images/button_next.gif" is in the cache already and will not be downloaded again  	[MsgId: MMSG-26655]
..\\Parameters\\GlobalActions.h(371): Registered web_reg_find successful for "Text=Flight Selections" (count=1)  	[MsgId: MMSG-26364]
..\\Parameters\\GlobalActions.h(371): web_submit_data("reservations.pl") was successful, 2416 body bytes, 255 header bytes, 12 chunking overhead bytes  	[MsgId: MMSG-26385]
..\\Parameters\\GlobalActions.h(398): Notify: Transaction "find_flight" ended with a "Pass" status (Duration: 0.0611 Wasted Time: 0.0051).
..\\Parameters\\GlobalActions.h(446): Notify: Transaction "choose_ticket" started.
..\\Parameters\\GlobalActions.h(448): web_reg_find started  	[MsgId: MMSG-26355]
..\\Parameters\\GlobalActions.h(448): Registering web_reg_find was successful  	[MsgId: MMSG-26390]
..\\Parameters\\GlobalActions.h(451): web_submit_data("reservations.pl_2") started  	[MsgId: MMSG-26355]
..\\Parameters\\GlobalActions.h(451): Resource "http://localhost.com:1080/WebTours/images/button_next.gif" is in the cache already and will not be downloaded again  	[MsgId: MMSG-26655]
..\\Parameters\\GlobalActions.h(451): Registered web_reg_find successful for "Text=Flight Reservation" (count=1)  	[MsgId: MMSG-26364]
..\\Parameters\\GlobalActions.h(451): web_submit_data("reservations.pl_2") was successful, 2726 body bytes, 255 header bytes, 12 chunking overhead bytes  	[MsgId: MMSG-26385]
..\\Parameters\\GlobalActions.h(469): Notify: Transaction "choose_ticket" ended with a "Pass" status (Duration: 0.0729 Wasted Time: 0.0053).
..\\Parameters\\GlobalActions.h(485): Notify: Transaction "payment_details" started.
..\\Parameters\\GlobalActions.h(487): web_remove_auto_header("Origin") started  	[MsgId: MMSG-26355]
..\\Parameters\\GlobalActions.h(487): Previous automatically added web header for "Origin" removed  	[MsgId: MMSG-26587]
..\\Parameters\\GlobalActions.h(487): web_remove/revert_auto_header("Origin") was successful  	[MsgId: MMSG-26392]
..\\Parameters\\GlobalActions.h(489): web_remove_auto_header("Upgrade-Insecure-Requests") started  	[MsgId: MMSG-26355]
..\\Parameters\\GlobalActions.h(489): Previous automatically added web header for "Upgrade-Insecure-Requests" removed  	[MsgId: MMSG-26587]
..\\Parameters\\GlobalActions.h(489): web_remove/revert_auto_header("Upgrade-Insecure-Requests") was successful  	[MsgId: MMSG-26392]
..\\Parameters\\GlobalActions.h(491): web_add_header("Origin") started  	[MsgId: MMSG-26355]
..\\Parameters\\GlobalActions.h(491): web_add_header("Origin") was successful  	[MsgId: MMSG-26392]
..\\Parameters\\GlobalActions.h(494): web_reg_find started  	[MsgId: MMSG-26355]
..\\Parameters\\GlobalActions.h(494): Registering web_reg_find was successful  	[MsgId: MMSG-26390]
..\\Parameters\\GlobalActions.h(497): web_submit_data("reservations.pl_3") started  	[MsgId: MMSG-26355]
..\\Parameters\\GlobalActions.h(497): Found resource "http://localhost.com:1080/WebTours/images/bookanother.gif" in HTML "http://localhost.com:1080/cgi-bin/reservations.pl"  	[MsgId: MMSG-26659]
..\\Parameters\\GlobalActions.h(497): Registered web_reg_find successful for "Text=Reservation Made!" (count=1)  	[MsgId: MMSG-26364]
..\\Parameters\\GlobalActions.h(497): web_submit_data("reservations.pl_3") was successful, 3268 body bytes, 671 header bytes, 12 chunking overhead bytes  	[MsgId: MMSG-26385]
..\\Parameters\\GlobalActions.h(526): Notify: Transaction "payment_details" ended with a "Pass" status (Duration: 0.0716 Wasted Time: 0.0053).
..\\Parameters\\GlobalActions.h(190): Notify: Transaction "Itinerary" started.
..\\Parameters\\GlobalActions.h(192): web_reg_find started  	[MsgId: MMSG-26355]
..\\Parameters\\GlobalActions.h(192): Registering web_reg_find was successful  	[MsgId: MMSG-26390]
..\\Parameters\\GlobalActions.h(195): web_reg_save_param started  	[MsgId: MMSG-26355]
..\\Parameters\\GlobalActions.h(195): Registering web_reg_save_param was successful  	[MsgId: MMSG-26390]
..\\Parameters\\GlobalActions.h(201): web_url("Itinerary Button") started  	[MsgId: MMSG-26355]
..\\Parameters\\GlobalActions.h(201): Detected non-resource "http://localhost.com:1080/cgi-bin/nav.pl?page=menu&in=itinerary" in "http://localhost.com:1080/cgi-bin/welcome.pl?page=itinerary"  	[MsgId: MMSG-26574]
..\\Parameters\\GlobalActions.h(201): Detected non-resource "http://localhost.com:1080/cgi-bin/itinerary.pl" in "http://localhost.com:1080/cgi-bin/welcome.pl?page=itinerary"  	[MsgId: MMSG-26574]
..\\Parameters\\GlobalActions.h(201): Resource "http://localhost.com:1080/WebTours/images/flights.gif" is in the cache already and will not be downloaded again  	[MsgId: MMSG-26655]
..\\Parameters\\GlobalActions.h(201): Found resource "http://localhost.com:1080/WebTours/images/in_itinerary.gif" in HTML "http://localhost.com:1080/cgi-bin/nav.pl?page=menu&in=itinerary"  	[MsgId: MMSG-26659]
..\\Parameters\\GlobalActions.h(201): Resource "http://localhost.com:1080/WebTours/images/home.gif" is in the cache already and will not be downloaded again  	[MsgId: MMSG-26655]
..\\Parameters\\GlobalActions.h(201): Resource "http://localhost.com:1080/WebTours/images/signoff.gif" is in the cache already and will not be downloaded again  	[MsgId: MMSG-26655]
..\\Parameters\\GlobalActions.h(201): Found resource "http://localhost.com:1080/WebTours/images/cancelreservation.gif" in HTML "http://localhost.com:1080/cgi-bin/itinerary.pl"  	[MsgId: MMSG-26659]
..\\Parameters\\GlobalActions.h(201): Found resource "http://localhost.com:1080/WebTours/images/cancelallreservations.gif" in HTML "http://localhost.com:1080/cgi-bin/itinerary.pl"  	[MsgId: MMSG-26659]
..\\Parameters\\GlobalActions.h(201): Registered web_reg_find successful for "Text=Flights List" (count=1)  	[MsgId: MMSG-26364]
..\\Parameters\\GlobalActions.h(201): web_url("Itinerary Button") was successful, 11490 body bytes, 1616 header bytes, 43 chunking overhead bytes  	[MsgId: MMSG-26385]
..\\Parameters\\GlobalActions.h(211): Notify: Transaction "Itinerary" ended with a "Pass" status (Duration: 0.1120 Wasted Time: 0.0066).
..\\Parameters\\GlobalActions.h(539): Notify: Transaction "sign_off" started.
..\\Parameters\\GlobalActions.h(541): web_reg_find started  	[MsgId: MMSG-26355]
..\\Parameters\\GlobalActions.h(541): Registering web_reg_find was successful  	[MsgId: MMSG-26390]
..\\Parameters\\GlobalActions.h(544): web_url("SignOff Button") started  	[MsgId: MMSG-26355]
..\\Parameters\\GlobalActions.h(544): Detected non-resource "http://localhost.com:1080/cgi-bin/nav.pl?in=home" in "http://localhost.com:1080/cgi-bin/welcome.pl?signOff=1"  	[MsgId: MMSG-26574]
..\\Parameters\\GlobalActions.h(544): Detected non-resource "http://localhost.com:1080/WebTours/home.html" in "http://localhost.com:1080/cgi-bin/welcome.pl?signOff=1"  	[MsgId: MMSG-26574]
..\\Parameters\\GlobalActions.h(544): Retrieving data from cache for "http://localhost.com:1080/WebTours/home.html"  	[MsgId: MMSG-26558]
..\\Parameters\\GlobalActions.h(544): Resource "http://localhost.com:1080/WebTours/images/mer_login.gif" is in the cache already and will not be downloaded again  	[MsgId: MMSG-26655]
..\\Parameters\\GlobalActions.h(544): Registered web_reg_find successful for "Text=Web Tours" (count=5)  	[MsgId: MMSG-26364]
..\\Parameters\\GlobalActions.h(544): web_url("SignOff Button") was successful, 2170 body bytes, 582 header bytes, 24 chunking overhead bytes  	[MsgId: MMSG-26385]
..\\Parameters\\GlobalActions.h(554): Notify: Transaction "sign_off" ended with a "Pass" status (Duration: 0.0836 Wasted Time: 0.0054).
Action.c(36): Notify: Transaction "UC_03_Buy_ticket" ended with a "Pass" status (Duration: 0.9731 Wasted Time: 0.0486).
Ending action Action.
Ending iteration 2.
Starting iteration 3.
Starting action Action.
Action.c(4): Notify: Transaction "UC_03_Buy_ticket" started.
..\\Parameters\\GlobalActions.h(11): Notify: Transaction "Main_page" started.
..\\Parameters\\GlobalActions.h(13): web_add_auto_header("Upgrade-Insecure-Requests") started  	[MsgId: MMSG-26355]
..\\Parameters\\GlobalActions.h(13): web_add_auto_header("Upgrade-Insecure-Requests") was successful  	[MsgId: MMSG-26392]
..\\Parameters\\GlobalActions.h(30): web_reg_save_param started  	[MsgId: MMSG-26355]
..\\Parameters\\GlobalActions.h(30): Registering web_reg_save_param was successful  	[MsgId: MMSG-26390]
..\\Parameters\\GlobalActions.h(35): web_reg_find started  	[MsgId: MMSG-26355]
..\\Parameters\\GlobalActions.h(35): Registering web_reg_find was successful  	[MsgId: MMSG-26390]
..\\Parameters\\GlobalActions.h(38): web_url("welcome.pl") started  	[MsgId: MMSG-26355]
..\\Parameters\\GlobalActions.h(38): Detected non-resource "http://localhost.com:1080/cgi-bin/nav.pl?in=home" in "http://localhost.com:1080/cgi-bin/welcome.pl?signOff=true"  	[MsgId: MMSG-26574]
..\\Parameters\\GlobalActions.h(38): Detected non-resource "http://localhost.com:1080/WebTours/home.html" in "http://localhost.com:1080/cgi-bin/welcome.pl?signOff=true"  	[MsgId: MMSG-26574]
..\\Parameters\\GlobalActions.h(38): Found resource "http://localhost.com:1080/WebTours/images/mer_login.gif" in HTML "http://localhost.com:1080/cgi-bin/nav.pl?in=home"  	[MsgId: MMSG-26659]
..\\Parameters\\GlobalActions.h(38): Registered web_reg_find successful for "Text=Web Tours" (count=5)  	[MsgId: MMSG-26364]
..\\Parameters\\GlobalActions.h(38): web_url("welcome.pl") was successful, 4210 body bytes, 1180 header bytes, 24 chunking overhead bytes  	[MsgId: MMSG-26385]
..\\Parameters\\GlobalActions.h(48): web_set_sockets_option started  	[MsgId: MMSG-26355]
..\\Parameters\\GlobalActions.h(48): web_set_sockets_option was successful  	[MsgId: MMSG-26392]
..\\Parameters\\GlobalActions.h(50): Notify: Transaction "Main_page" ended with a "Pass" status (Duration: 0.1151 Wasted Time: 0.0082).
..\\Parameters\\GlobalActions.h(150): Notify: Transaction "login" started.
..\\Parameters\\GlobalActions.h(152): web_add_header("Origin") started  	[MsgId: MMSG-26355]
..\\Parameters\\GlobalActions.h(152): web_add_header("Origin") was successful  	[MsgId: MMSG-26392]
..\\Parameters\\GlobalActions.h(155): web_reg_find started  	[MsgId: MMSG-26355]
..\\Parameters\\GlobalActions.h(155): Registering web_reg_find was successful  	[MsgId: MMSG-26390]
..\\Parameters\\GlobalActions.h(158): web_submit_data("login.pl") started  	[MsgId: MMSG-26355]
..\\Parameters\\GlobalActions.h(158): Detected non-resource "http://localhost.com:1080/cgi-bin/nav.pl?page=menu&in=home" in "http://localhost.com:1080/cgi-bin/login.pl"  	[MsgId: MMSG-26574]
..\\Parameters\\GlobalActions.h(158): Detected non-resource "http://localhost.com:1080/cgi-bin/login.pl?intro=true" in "http://localhost.com:1080/cgi-bin/login.pl"  	[MsgId: MMSG-26574]
..\\Parameters\\GlobalActions.h(158): Found resource "http://localhost.com:1080/WebTours/images/flights.gif" in HTML "http://localhost.com:1080/cgi-bin/nav.pl?page=menu&in=home"  	[MsgId: MMSG-26659]
..\\Parameters\\GlobalActions.h(158): Found resource "http://localhost.com:1080/WebTours/images/itinerary.gif" in HTML "http://localhost.com:1080/cgi-bin/nav.pl?page=menu&in=home"  	[MsgId: MMSG-26659]
..\\Parameters\\GlobalActions.h(158): Found resource "http://localhost.com:1080/WebTours/images/in_home.gif" in HTML "http://localhost.com:1080/cgi-bin/nav.pl?page=menu&in=home"  	[MsgId: MMSG-26659]
..\\Parameters\\GlobalActions.h(158): Found resource "http://localhost.com:1080/WebTours/images/signoff.gif" in HTML "http://localhost.com:1080/cgi-bin/nav.pl?page=menu&in=home"  	[MsgId: MMSG-26659]
..\\Parameters\\GlobalActions.h(158): Registered web_reg_find successful for "Text=User password was correct" (count=1)  	[MsgId: MMSG-26364]
..\\Parameters\\GlobalActions.h(158): web_submit_data("login.pl") was successful, 5779 body bytes, 2044 header bytes, 36 chunking overhead bytes  	[MsgId: MMSG-26385]
..\\Parameters\\GlobalActions.h(175): Notify: Transaction "login" ended with a "Pass" status (Duration: 0.1165 Wasted Time: 0.0088).
..\\Parameters\\GlobalActions.h(263): Notify: Transaction "flights" started.
..\\Parameters\\GlobalActions.h(265): web_reg_find started  	[MsgId: MMSG-26355]
..\\Parameters\\GlobalActions.h(265): Registering web_reg_find was successful  	[MsgId: MMSG-26390]
..\\Parameters\\GlobalActions.h(268): web_url("Search Flights Button") started  	[MsgId: MMSG-26355]
..\\Parameters\\GlobalActions.h(268): Detected non-resource "http://localhost.com:1080/cgi-bin/nav.pl?page=menu&in=flights" in "http://localhost.com:1080/cgi-bin/welcome.pl?page=search"  	[MsgId: MMSG-26574]
..\\Parameters\\GlobalActions.h(268): Detected non-resource "http://localhost.com:1080/cgi-bin/reservations.pl?page=welcome" in "http://localhost.com:1080/cgi-bin/welcome.pl?page=search"  	[MsgId: MMSG-26574]
..\\Parameters\\GlobalActions.h(268): Found resource "http://localhost.com:1080/WebTours/images/in_flights.gif" in HTML "http://localhost.com:1080/cgi-bin/nav.pl?page=menu&in=flights"  	[MsgId: MMSG-26659]
..\\Parameters\\GlobalActions.h(268): Resource "http://localhost.com:1080/WebTours/images/itinerary.gif" is in the cache already and will not be downloaded again  	[MsgId: MMSG-26655]
..\\Parameters\\GlobalActions.h(268): Found resource "http://localhost.com:1080/WebTours/images/home.gif" in HTML "http://localhost.com:1080/cgi-bin/nav.pl?page=menu&in=flights"  	[MsgId: MMSG-26659]
..\\Parameters\\GlobalActions.h(268): Resource "http://localhost.com:1080/WebTours/images/signoff.gif" is in the cache already and will not be downloaded again  	[MsgId: MMSG-26655]
..\\Parameters\\GlobalActions.h(268): Found resource "http://localhost.com:1080/WebTours/images/button_next.gif" in HTML "http://localhost.com:1080/cgi-bin/reservations.pl?page=welcome"  	[MsgId: MMSG-26659]
..\\Parameters\\GlobalActions.h(268): Registered web_reg_find successful for "Text=Flight Selections" (count=1)  	[MsgId: MMSG-26364]
..\\Parameters\\GlobalActions.h(268): web_url("Search Flights Button") was successful, 8516 body bytes, 1616 header bytes, 43 chunking overhead bytes  	[MsgId: MMSG-26385]
..\\Parameters\\GlobalActions.h(278): Notify: Transaction "flights" ended with a "Pass" status (Duration: 0.2388 Wasted Time: 0.0089).
..\\Parameters\\GlobalActions.h(353): Notify: Transaction "find_flight" started.
..\\Parameters\\GlobalActions.h(355): web_add_auto_header("Origin") started  	[MsgId: MMSG-26355]
..\\Parameters\\GlobalActions.h(355): web_add_auto_header("Origin") was successful  	[MsgId: MMSG-26392]
..\\Parameters\\GlobalActions.h(358): web_reg_find started  	[MsgId: MMSG-26355]
..\\Parameters\\GlobalActions.h(358): Registering web_reg_find was successful  	[MsgId: MMSG-26390]
..\\Parameters\\GlobalActions.h(364): web_reg_save_param started  	[MsgId: MMSG-26355]
..\\Parameters\\GlobalActions.h(364): Registering web_reg_save_param was successful  	[MsgId: MMSG-26390]
..\\Parameters\\GlobalActions.h(371): web_submit_data("reservations.pl") started  	[MsgId: MMSG-26355]
..\\Parameters\\GlobalActions.h(371): Resource "http://localhost.com:1080/WebTours/images/button_next.gif" is in the cache already and will not be downloaded again  	[MsgId: MMSG-26655]
..\\Parameters\\GlobalActions.h(371): Registered web_reg_find successful for "Text=Flight Selections" (count=1)  	[MsgId: MMSG-26364]
..\\Parameters\\GlobalActions.h(371): web_submit_data("reservations.pl") was successful, 2436 body bytes, 255 header bytes, 12 chunking overhead bytes  	[MsgId: MMSG-26385]
..\\Parameters\\GlobalActions.h(398): Notify: Transaction "find_flight" ended with a "Pass" status (Duration: 0.0610 Wasted Time: 0.0074).
..\\Parameters\\GlobalActions.h(446): Notify: Transaction "choose_ticket" started.
..\\Parameters\\GlobalActions.h(448): web_reg_find started  	[MsgId: MMSG-26355]
..\\Parameters\\GlobalActions.h(448): Registering web_reg_find was successful  	[MsgId: MMSG-26390]
..\\Parameters\\GlobalActions.h(451): web_submit_data("reservations.pl_2") started  	[MsgId: MMSG-26355]
..\\Parameters\\GlobalActions.h(451): Resource "http://localhost.com:1080/WebTours/images/button_next.gif" is in the cache already and will not be downloaded again  	[MsgId: MMSG-26655]
..\\Parameters\\GlobalActions.h(451): Registered web_reg_find successful for "Text=Flight Reservation" (count=1)  	[MsgId: MMSG-26364]
..\\Parameters\\GlobalActions.h(451): web_submit_data("reservations.pl_2") was successful, 2730 body bytes, 255 header bytes, 12 chunking overhead bytes  	[MsgId: MMSG-26385]
..\\Parameters\\GlobalActions.h(469): Notify: Transaction "choose_ticket" ended with a "Pass" status (Duration: 0.0739 Wasted Time: 0.0072).
..\\Parameters\\GlobalActions.h(485): Notify: Transaction "payment_details" started.
..\\Parameters\\GlobalActions.h(487): web_remove_auto_header("Origin") started  	[MsgId: MMSG-26355]
..\\Parameters\\GlobalActions.h(487): Previous automatically added web header for "Origin" removed  	[MsgId: MMSG-26587]
..\\Parameters\\GlobalActions.h(487): web_remove/revert_auto_header("Origin") was successful  	[MsgId: MMSG-26392]
..\\Parameters\\GlobalActions.h(489): web_remove_auto_header("Upgrade-Insecure-Requests") started  	[MsgId: MMSG-26355]
..\\Parameters\\GlobalActions.h(489): Previous automatically added web header for "Upgrade-Insecure-Requests" removed  	[MsgId: MMSG-26587]
..\\Parameters\\GlobalActions.h(489): web_remove/revert_auto_header("Upgrade-Insecure-Requests") was successful  	[MsgId: MMSG-26392]
..\\Parameters\\GlobalActions.h(491): web_add_header("Origin") started  	[MsgId: MMSG-26355]
..\\Parameters\\GlobalActions.h(491): web_add_header("Origin") was successful  	[MsgId: MMSG-26392]
..\\Parameters\\GlobalActions.h(494): web_reg_find started  	[MsgId: MMSG-26355]
..\\Parameters\\GlobalActions.h(494): Registering web_reg_find was successful  	[MsgId: MMSG-26390]
..\\Parameters\\GlobalActions.h(497): web_submit_data("reservations.pl_3") started  	[MsgId: MMSG-26355]
..\\Parameters\\GlobalActions.h(497): Found resource "http://localhost.com:1080/WebTours/images/bookanother.gif" in HTML "http://localhost.com:1080/cgi-bin/reservations.pl"  	[MsgId: MMSG-26659]
..\\Parameters\\GlobalActions.h(497): Registered web_reg_find successful for "Text=Reservation Made!" (count=1)  	[MsgId: MMSG-26364]
..\\Parameters\\GlobalActions.h(497): web_submit_data("reservations.pl_3") was successful, 3277 body bytes, 670 header bytes, 12 chunking overhead bytes  	[MsgId: MMSG-26385]
..\\Parameters\\GlobalActions.h(526): Notify: Transaction "payment_details" ended with a "Pass" status (Duration: 0.0736 Wasted Time: 0.0074).
..\\Parameters\\GlobalActions.h(190): Notify: Transaction "Itinerary" started.
..\\Parameters\\GlobalActions.h(192): web_reg_find started  	[MsgId: MMSG-26355]
..\\Parameters\\GlobalActions.h(192): Registering web_reg_find was successful  	[MsgId: MMSG-26390]
..\\Parameters\\GlobalActions.h(195): web_reg_save_param started  	[MsgId: MMSG-26355]
..\\Parameters\\GlobalActions.h(195): Registering web_reg_save_param was successful  	[MsgId: MMSG-26390]
..\\Parameters\\GlobalActions.h(201): web_url("Itinerary Button") started  	[MsgId: MMSG-26355]
..\\Parameters\\GlobalActions.h(201): Detected non-resource "http://localhost.com:1080/cgi-bin/nav.pl?page=menu&in=itinerary" in "http://localhost.com:1080/cgi-bin/welcome.pl?page=itinerary"  	[MsgId: MMSG-26574]
..\\Parameters\\GlobalActions.h(201): Detected non-resource "http://localhost.com:1080/cgi-bin/itinerary.pl" in "http://localhost.com:1080/cgi-bin/welcome.pl?page=itinerary"  	[MsgId: MMSG-26574]
..\\Parameters\\GlobalActions.h(201): Resource "http://localhost.com:1080/WebTours/images/flights.gif" is in the cache already and will not be downloaded again  	[MsgId: MMSG-26655]
..\\Parameters\\GlobalActions.h(201): Found resource "http://localhost.com:1080/WebTours/images/in_itinerary.gif" in HTML "http://localhost.com:1080/cgi-bin/nav.pl?page=menu&in=itinerary"  	[MsgId: MMSG-26659]
..\\Parameters\\GlobalActions.h(201): Resource "http://localhost.com:1080/WebTours/images/home.gif" is in the cache already and will not be downloaded again  	[MsgId: MMSG-26655]
..\\Parameters\\GlobalActions.h(201): Resource "http://localhost.com:1080/WebTours/images/signoff.gif" is in the cache already and will not be downloaded again  	[MsgId: MMSG-26655]
..\\Parameters\\GlobalActions.h(201): Found resource "http://localhost.com:1080/WebTours/images/cancelreservation.gif" in HTML "http://localhost.com:1080/cgi-bin/itinerary.pl"  	[MsgId: MMSG-26659]
..\\Parameters\\GlobalActions.h(201): Found resource "http://localhost.com:1080/WebTours/images/cancelallreservations.gif" in HTML "http://localhost.com:1080/cgi-bin/itinerary.pl"  	[MsgId: MMSG-26659]
..\\Parameters\\GlobalActions.h(201): Registered web_reg_find successful for "Text=Flights List" (count=1)  	[MsgId: MMSG-26364]
..\\Parameters\\GlobalActions.h(201): web_url("Itinerary Button") was successful, 51093 body bytes, 1616 header bytes, 123 chunking overhead bytes  	[MsgId: MMSG-26385]
..\\Parameters\\GlobalActions.h(211): Notify: Transaction "Itinerary" ended with a "Pass" status (Duration: 0.1449 Wasted Time: 0.0093).
..\\Parameters\\GlobalActions.h(539): Notify: Transaction "sign_off" started.
..\\Parameters\\GlobalActions.h(541): web_reg_find started  	[MsgId: MMSG-26355]
..\\Parameters\\GlobalActions.h(541): Registering web_reg_find was successful  	[MsgId: MMSG-26390]
..\\Parameters\\GlobalActions.h(544): web_url("SignOff Button") started  	[MsgId: MMSG-26355]
..\\Parameters\\GlobalActions.h(544): Detected non-resource "http://localhost.com:1080/cgi-bin/nav.pl?in=home" in "http://localhost.com:1080/cgi-bin/welcome.pl?signOff=1"  	[MsgId: MMSG-26574]
..\\Parameters\\GlobalActions.h(544): Detected non-resource "http://localhost.com:1080/WebTours/home.html" in "http://localhost.com:1080/cgi-bin/welcome.pl?signOff=1"  	[MsgId: MMSG-26574]
..\\Parameters\\GlobalActions.h(544): Retrieving data from cache for "http://localhost.com:1080/WebTours/home.html"  	[MsgId: MMSG-26558]
..\\Parameters\\GlobalActions.h(544): Resource "http://localhost.com:1080/WebTours/images/mer_login.gif" is in the cache already and will not be downloaded again  	[MsgId: MMSG-26655]
..\\Parameters\\GlobalActions.h(544): Registered web_reg_find successful for "Text=Web Tours" (count=5)  	[MsgId: MMSG-26364]
..\\Parameters\\GlobalActions.h(544): web_url("SignOff Button") was successful, 2174 body bytes, 582 header bytes, 24 chunking overhead bytes  	[MsgId: MMSG-26385]
..\\Parameters\\GlobalActions.h(554): Notify: Transaction "sign_off" ended with a "Pass" status (Duration: 0.0857 Wasted Time: 0.0076).
Action.c(36): Notify: Transaction "UC_03_Buy_ticket" ended with a "Pass" status (Duration: 1.0905 Wasted Time: 0.0648).
Ending action Action.
Ending iteration 3.
Starting iteration 4.
Starting action Action.
Action.c(4): Notify: Transaction "UC_03_Buy_ticket" started.
..\\Parameters\\GlobalActions.h(11): Notify: Transaction "Main_page" started.
..\\Parameters\\GlobalActions.h(13): web_add_auto_header("Upgrade-Insecure-Requests") started  	[MsgId: MMSG-26355]
..\\Parameters\\GlobalActions.h(13): web_add_auto_header("Upgrade-Insecure-Requests") was successful  	[MsgId: MMSG-26392]
..\\Parameters\\GlobalActions.h(30): web_reg_save_param started  	[MsgId: MMSG-26355]
..\\Parameters\\GlobalActions.h(30): Registering web_reg_save_param was successful  	[MsgId: MMSG-26390]
..\\Parameters\\GlobalActions.h(35): web_reg_find started  	[MsgId: MMSG-26355]
..\\Parameters\\GlobalActions.h(35): Registering web_reg_find was successful  	[MsgId: MMSG-26390]
..\\Parameters\\GlobalActions.h(38): web_url("welcome.pl") started  	[MsgId: MMSG-26355]
..\\Parameters\\GlobalActions.h(38): Detected non-resource "http://localhost.com:1080/cgi-bin/nav.pl?in=home" in "http://localhost.com:1080/cgi-bin/welcome.pl?signOff=true"  	[MsgId: MMSG-26574]
..\\Parameters\\GlobalActions.h(38): Detected non-resource "http://localhost.com:1080/WebTours/home.html" in "http://localhost.com:1080/cgi-bin/welcome.pl?signOff=true"  	[MsgId: MMSG-26574]
..\\Parameters\\GlobalActions.h(38): Found resource "http://localhost.com:1080/WebTours/images/mer_login.gif" in HTML "http://localhost.com:1080/cgi-bin/nav.pl?in=home"  	[MsgId: MMSG-26659]
..\\Parameters\\GlobalActions.h(38): Registered web_reg_find successful for "Text=Web Tours" (count=5)  	[MsgId: MMSG-26364]
..\\Parameters\\GlobalActions.h(38): web_url("welcome.pl") was successful, 4216 body bytes, 1180 header bytes, 24 chunking overhead bytes  	[MsgId: MMSG-26385]
..\\Parameters\\GlobalActions.h(48): web_set_sockets_option started  	[MsgId: MMSG-26355]
..\\Parameters\\GlobalActions.h(48): web_set_sockets_option was successful  	[MsgId: MMSG-26392]
..\\Parameters\\GlobalActions.h(50): Notify: Transaction "Main_page" ended with a "Pass" status (Duration: 0.1142 Wasted Time: 0.0105).
..\\Parameters\\GlobalActions.h(150): Notify: Transaction "login" started.
..\\Parameters\\GlobalActions.h(152): web_add_header("Origin") started  	[MsgId: MMSG-26355]
..\\Parameters\\GlobalActions.h(152): web_add_header("Origin") was successful  	[MsgId: MMSG-26392]
..\\Parameters\\GlobalActions.h(155): web_reg_find started  	[MsgId: MMSG-26355]
..\\Parameters\\GlobalActions.h(155): Registering web_reg_find was successful  	[MsgId: MMSG-26390]
..\\Parameters\\GlobalActions.h(158): web_submit_data("login.pl") started  	[MsgId: MMSG-26355]
..\\Parameters\\GlobalActions.h(158): Detected non-resource "http://localhost.com:1080/cgi-bin/nav.pl?page=menu&in=home" in "http://localhost.com:1080/cgi-bin/login.pl"  	[MsgId: MMSG-26574]
..\\Parameters\\GlobalActions.h(158): Detected non-resource "http://localhost.com:1080/cgi-bin/login.pl?intro=true" in "http://localhost.com:1080/cgi-bin/login.pl"  	[MsgId: MMSG-26574]
..\\Parameters\\GlobalActions.h(158): Found resource "http://localhost.com:1080/WebTours/images/flights.gif" in HTML "http://localhost.com:1080/cgi-bin/nav.pl?page=menu&in=home"  	[MsgId: MMSG-26659]
..\\Parameters\\GlobalActions.h(158): Found resource "http://localhost.com:1080/WebTours/images/itinerary.gif" in HTML "http://localhost.com:1080/cgi-bin/nav.pl?page=menu&in=home"  	[MsgId: MMSG-26659]
..\\Parameters\\GlobalActions.h(158): Found resource "http://localhost.com:1080/WebTours/images/in_home.gif" in HTML "http://localhost.com:1080/cgi-bin/nav.pl?page=menu&in=home"  	[MsgId: MMSG-26659]
..\\Parameters\\GlobalActions.h(158): Found resource "http://localhost.com:1080/WebTours/images/signoff.gif" in HTML "http://localhost.com:1080/cgi-bin/nav.pl?page=menu&in=home"  	[MsgId: MMSG-26659]
..\\Parameters\\GlobalActions.h(158): Registered web_reg_find successful for "Text=User password was correct" (count=1)  	[MsgId: MMSG-26364]
..\\Parameters\\GlobalActions.h(158): web_submit_data("login.pl") was successful, 5779 body bytes, 2044 header bytes, 36 chunking overhead bytes  	[MsgId: MMSG-26385]
..\\Parameters\\GlobalActions.h(175): Notify: Transaction "login" ended with a "Pass" status (Duration: 0.1165 Wasted Time: 0.0110).
..\\Parameters\\GlobalActions.h(263): Notify: Transaction "flights" started.
..\\Parameters\\GlobalActions.h(265): web_reg_find started  	[MsgId: MMSG-26355]
..\\Parameters\\GlobalActions.h(265): Registering web_reg_find was successful  	[MsgId: MMSG-26390]
..\\Parameters\\GlobalActions.h(268): web_url("Search Flights Button") started  	[MsgId: MMSG-26355]
..\\Parameters\\GlobalActions.h(268): Detected non-resource "http://localhost.com:1080/cgi-bin/nav.pl?page=menu&in=flights" in "http://localhost.com:1080/cgi-bin/welcome.pl?page=search"  	[MsgId: MMSG-26574]
..\\Parameters\\GlobalActions.h(268): Detected non-resource "http://localhost.com:1080/cgi-bin/reservations.pl?page=welcome" in "http://localhost.com:1080/cgi-bin/welcome.pl?page=search"  	[MsgId: MMSG-26574]
..\\Parameters\\GlobalActions.h(268): Found resource "http://localhost.com:1080/WebTours/images/in_flights.gif" in HTML "http://localhost.com:1080/cgi-bin/nav.pl?page=menu&in=flights"  	[MsgId: MMSG-26659]
..\\Parameters\\GlobalActions.h(268): Resource "http://localhost.com:1080/WebTours/images/itinerary.gif" is in the cache already and will not be downloaded again  	[MsgId: MMSG-26655]
..\\Parameters\\GlobalActions.h(268): Found resource "http://localhost.com:1080/WebTours/images/home.gif" in HTML "http://localhost.com:1080/cgi-bin/nav.pl?page=menu&in=flights"  	[MsgId: MMSG-26659]
..\\Parameters\\GlobalActions.h(268): Resource "http://localhost.com:1080/WebTours/images/signoff.gif" is in the cache already and will not be downloaded again  	[MsgId: MMSG-26655]
..\\Parameters\\GlobalActions.h(268): Found resource "http://localhost.com:1080/WebTours/images/button_next.gif" in HTML "http://localhost.com:1080/cgi-bin/reservations.pl?page=welcome"  	[MsgId: MMSG-26659]
..\\Parameters\\GlobalActions.h(268): Registered web_reg_find successful for "Text=Flight Selections" (count=1)  	[MsgId: MMSG-26364]
..\\Parameters\\GlobalActions.h(268): web_url("Search Flights Button") was successful, 8516 body bytes, 1616 header bytes, 43 chunking overhead bytes  	[MsgId: MMSG-26385]
..\\Parameters\\GlobalActions.h(278): Notify: Transaction "flights" ended with a "Pass" status (Duration: 0.1468 Wasted Time: 0.0109).
..\\Parameters\\GlobalActions.h(353): Notify: Transaction "find_flight" started.
..\\Parameters\\GlobalActions.h(355): web_add_auto_header("Origin") started  	[MsgId: MMSG-26355]
..\\Parameters\\GlobalActions.h(355): web_add_auto_header("Origin") was successful  	[MsgId: MMSG-26392]
..\\Parameters\\GlobalActions.h(358): web_reg_find started  	[MsgId: MMSG-26355]
..\\Parameters\\GlobalActions.h(358): Registering web_reg_find was successful  	[MsgId: MMSG-26390]
..\\Parameters\\GlobalActions.h(364): web_reg_save_param started  	[MsgId: MMSG-26355]
..\\Parameters\\GlobalActions.h(364): Registering web_reg_save_param was successful  	[MsgId: MMSG-26390]
..\\Parameters\\GlobalActions.h(371): web_submit_data("reservations.pl") started  	[MsgId: MMSG-26355]
..\\Parameters\\GlobalActions.h(371): Resource "http://localhost.com:1080/WebTours/images/button_next.gif" is in the cache already and will not be downloaded again  	[MsgId: MMSG-26655]
..\\Parameters\\GlobalActions.h(371): Registered web_reg_find successful for "Text=Flight Selections" (count=1)  	[MsgId: MMSG-26364]
..\\Parameters\\GlobalActions.h(371): web_submit_data("reservations.pl") was successful, 2440 body bytes, 255 header bytes, 12 chunking overhead bytes  	[MsgId: MMSG-26385]
..\\Parameters\\GlobalActions.h(398): Notify: Transaction "find_flight" ended with a "Pass" status (Duration: 0.0641 Wasted Time: 0.0094).
..\\Parameters\\GlobalActions.h(446): Notify: Transaction "choose_ticket" started.
..\\Parameters\\GlobalActions.h(448): web_reg_find started  	[MsgId: MMSG-26355]
..\\Parameters\\GlobalActions.h(448): Registering web_reg_find was successful  	[MsgId: MMSG-26390]
..\\Parameters\\GlobalActions.h(451): web_submit_data("reservations.pl_2") started  	[MsgId: MMSG-26355]
..\\Parameters\\GlobalActions.h(451): Resource "http://localhost.com:1080/WebTours/images/button_next.gif" is in the cache already and will not be downloaded again  	[MsgId: MMSG-26655]
..\\Parameters\\GlobalActions.h(451): Registered web_reg_find successful for "Text=Flight Reservation" (count=1)  	[MsgId: MMSG-26364]
..\\Parameters\\GlobalActions.h(451): web_submit_data("reservations.pl_2") was successful, 2730 body bytes, 255 header bytes, 12 chunking overhead bytes  	[MsgId: MMSG-26385]
..\\Parameters\\GlobalActions.h(469): Notify: Transaction "choose_ticket" ended with a "Pass" status (Duration: 0.0634 Wasted Time: 0.0096).
..\\Parameters\\GlobalActions.h(485): Notify: Transaction "payment_details" started.
..\\Parameters\\GlobalActions.h(487): web_remove_auto_header("Origin") started  	[MsgId: MMSG-26355]
..\\Parameters\\GlobalActions.h(487): Previous automatically added web header for "Origin" removed  	[MsgId: MMSG-26587]
..\\Parameters\\GlobalActions.h(487): web_remove/revert_auto_header("Origin") was successful  	[MsgId: MMSG-26392]
..\\Parameters\\GlobalActions.h(489): web_remove_auto_header("Upgrade-Insecure-Requests") started  	[MsgId: MMSG-26355]
..\\Parameters\\GlobalActions.h(489): Previous automatically added web header for "Upgrade-Insecure-Requests" removed  	[MsgId: MMSG-26587]
..\\Parameters\\GlobalActions.h(489): web_remove/revert_auto_header("Upgrade-Insecure-Requests") was successful  	[MsgId: MMSG-26392]
..\\Parameters\\GlobalActions.h(491): web_add_header("Origin") started  	[MsgId: MMSG-26355]
..\\Parameters\\GlobalActions.h(491): web_add_header("Origin") was successful  	[MsgId: MMSG-26392]
..\\Parameters\\GlobalActions.h(494): web_reg_find started  	[MsgId: MMSG-26355]
..\\Parameters\\GlobalActions.h(494): Registering web_reg_find was successful  	[MsgId: MMSG-26390]
..\\Parameters\\GlobalActions.h(497): web_submit_data("reservations.pl_3") started  	[MsgId: MMSG-26355]
..\\Parameters\\GlobalActions.h(497): Found resource "http://localhost.com:1080/WebTours/images/bookanother.gif" in HTML "http://localhost.com:1080/cgi-bin/reservations.pl"  	[MsgId: MMSG-26659]
..\\Parameters\\GlobalActions.h(497): Registered web_reg_find successful for "Text=Reservation Made!" (count=1)  	[MsgId: MMSG-26364]
..\\Parameters\\GlobalActions.h(497): web_submit_data("reservations.pl_3") was successful, 3281 body bytes, 670 header bytes, 12 chunking overhead bytes  	[MsgId: MMSG-26385]
..\\Parameters\\GlobalActions.h(526): Notify: Transaction "payment_details" ended with a "Pass" status (Duration: 0.0665 Wasted Time: 0.0099).
..\\Parameters\\GlobalActions.h(190): Notify: Transaction "Itinerary" started.
..\\Parameters\\GlobalActions.h(192): web_reg_find started  	[MsgId: MMSG-26355]
..\\Parameters\\GlobalActions.h(192): Registering web_reg_find was successful  	[MsgId: MMSG-26390]
..\\Parameters\\GlobalActions.h(195): web_reg_save_param started  	[MsgId: MMSG-26355]
..\\Parameters\\GlobalActions.h(195): Registering web_reg_save_param was successful  	[MsgId: MMSG-26390]
..\\Parameters\\GlobalActions.h(201): web_url("Itinerary Button") started  	[MsgId: MMSG-26355]
..\\Parameters\\GlobalActions.h(201): Detected non-resource "http://localhost.com:1080/cgi-bin/nav.pl?page=menu&in=itinerary" in "http://localhost.com:1080/cgi-bin/welcome.pl?page=itinerary"  	[MsgId: MMSG-26574]
..\\Parameters\\GlobalActions.h(201): Detected non-resource "http://localhost.com:1080/cgi-bin/itinerary.pl" in "http://localhost.com:1080/cgi-bin/welcome.pl?page=itinerary"  	[MsgId: MMSG-26574]
..\\Parameters\\GlobalActions.h(201): Resource "http://localhost.com:1080/WebTours/images/flights.gif" is in the cache already and will not be downloaded again  	[MsgId: MMSG-26655]
..\\Parameters\\GlobalActions.h(201): Found resource "http://localhost.com:1080/WebTours/images/in_itinerary.gif" in HTML "http://localhost.com:1080/cgi-bin/nav.pl?page=menu&in=itinerary"  	[MsgId: MMSG-26659]
..\\Parameters\\GlobalActions.h(201): Resource "http://localhost.com:1080/WebTours/images/home.gif" is in the cache already and will not be downloaded again  	[MsgId: MMSG-26655]
..\\Parameters\\GlobalActions.h(201): Resource "http://localhost.com:1080/WebTours/images/signoff.gif" is in the cache already and will not be downloaded again  	[MsgId: MMSG-26655]
..\\Parameters\\GlobalActions.h(201): Found resource "http://localhost.com:1080/WebTours/images/cancelreservation.gif" in HTML "http://localhost.com:1080/cgi-bin/itinerary.pl"  	[MsgId: MMSG-26659]
..\\Parameters\\GlobalActions.h(201): Found resource "http://localhost.com:1080/WebTours/images/cancelallreservations.gif" in HTML "http://localhost.com:1080/cgi-bin/itinerary.pl"  	[MsgId: MMSG-26659]
..\\Parameters\\GlobalActions.h(201): Registered web_reg_find successful for "Text=Flights List" (count=1)  	[MsgId: MMSG-26364]
..\\Parameters\\GlobalActions.h(201): web_url("Itinerary Button") was successful, 46614 body bytes, 1616 header bytes, 115 chunking overhead bytes  	[MsgId: MMSG-26385]
..\\Parameters\\GlobalActions.h(211): Notify: Transaction "Itinerary" ended with a "Pass" status (Duration: 0.1437 Wasted Time: 0.0120).
..\\Parameters\\GlobalActions.h(539): Notify: Transaction "sign_off" started.
..\\Parameters\\GlobalActions.h(541): web_reg_find started  	[MsgId: MMSG-26355]
..\\Parameters\\GlobalActions.h(541): Registering web_reg_find was successful  	[MsgId: MMSG-26390]
..\\Parameters\\GlobalActions.h(544): web_url("SignOff Button") started  	[MsgId: MMSG-26355]
..\\Parameters\\GlobalActions.h(544): Detected non-resource "http://localhost.com:1080/cgi-bin/nav.pl?in=home" in "http://localhost.com:1080/cgi-bin/welcome.pl?signOff=1"  	[MsgId: MMSG-26574]
..\\Parameters\\GlobalActions.h(544): Detected non-resource "http://localhost.com:1080/WebTours/home.html" in "http://localhost.com:1080/cgi-bin/welcome.pl?signOff=1"  	[MsgId: MMSG-26574]
..\\Parameters\\GlobalActions.h(544): Retrieving data from cache for "http://localhost.com:1080/WebTours/home.html"  	[MsgId: MMSG-26558]
..\\Parameters\\GlobalActions.h(544): Resource "http://localhost.com:1080/WebTours/images/mer_login.gif" is in the cache already and will not be downloaded again  	[MsgId: MMSG-26655]
..\\Parameters\\GlobalActions.h(544): Registered web_reg_find successful for "Text=Web Tours" (count=5)  	[MsgId: MMSG-26364]
..\\Parameters\\GlobalActions.h(544): web_url("SignOff Button") was successful, 2176 body bytes, 582 header bytes, 24 chunking overhead bytes  	[MsgId: MMSG-26385]
..\\Parameters\\GlobalActions.h(554): Notify: Transaction "sign_off" ended with a "Pass" status (Duration: 0.0886 Wasted Time: 0.0100).
Action.c(36): Notify: Transaction "UC_03_Buy_ticket" ended with a "Pass" status (Duration: 1.0012 Wasted Time: 0.0834).
Ending action Action.
Ending iteration 4.
Starting iteration 5.
Starting action Action.
Action.c(4): Notify: Transaction "UC_03_Buy_ticket" started.
..\\Parameters\\GlobalActions.h(11): Notify: Transaction "Main_page" started.
..\\Parameters\\GlobalActions.h(13): web_add_auto_header("Upgrade-Insecure-Requests") started  	[MsgId: MMSG-26355]
..\\Parameters\\GlobalActions.h(13): web_add_auto_header("Upgrade-Insecure-Requests") was successful  	[MsgId: MMSG-26392]
..\\Parameters\\GlobalActions.h(30): web_reg_save_param started  	[MsgId: MMSG-26355]
..\\Parameters\\GlobalActions.h(30): Registering web_reg_save_param was successful  	[MsgId: MMSG-26390]
..\\Parameters\\GlobalActions.h(35): web_reg_find started  	[MsgId: MMSG-26355]
..\\Parameters\\GlobalActions.h(35): Registering web_reg_find was successful  	[MsgId: MMSG-26390]
..\\Parameters\\GlobalActions.h(38): web_url("welcome.pl") started  	[MsgId: MMSG-26355]
..\\Parameters\\GlobalActions.h(38): Detected non-resource "http://localhost.com:1080/cgi-bin/nav.pl?in=home" in "http://localhost.com:1080/cgi-bin/welcome.pl?signOff=true"  	[MsgId: MMSG-26574]
..\\Parameters\\GlobalActions.h(38): Detected non-resource "http://localhost.com:1080/WebTours/home.html" in "http://localhost.com:1080/cgi-bin/welcome.pl?signOff=true"  	[MsgId: MMSG-26574]
..\\Parameters\\GlobalActions.h(38): Found resource "http://localhost.com:1080/WebTours/images/mer_login.gif" in HTML "http://localhost.com:1080/cgi-bin/nav.pl?in=home"  	[MsgId: MMSG-26659]
..\\Parameters\\GlobalActions.h(38): Registered web_reg_find successful for "Text=Web Tours" (count=5)  	[MsgId: MMSG-26364]
..\\Parameters\\GlobalActions.h(38): web_url("welcome.pl") was successful, 4210 body bytes, 1180 header bytes, 24 chunking overhead bytes  	[MsgId: MMSG-26385]
..\\Parameters\\GlobalActions.h(48): web_set_sockets_option started  	[MsgId: MMSG-26355]
..\\Parameters\\GlobalActions.h(48): web_set_sockets_option was successful  	[MsgId: MMSG-26392]
..\\Parameters\\GlobalActions.h(50): Notify: Transaction "Main_page" ended with a "Pass" status (Duration: 0.1303 Wasted Time: 0.0127).
..\\Parameters\\GlobalActions.h(150): Notify: Transaction "login" started.
..\\Parameters\\GlobalActions.h(152): web_add_header("Origin") started  	[MsgId: MMSG-26355]
..\\Parameters\\GlobalActions.h(152): web_add_header("Origin") was successful  	[MsgId: MMSG-26392]
..\\Parameters\\GlobalActions.h(155): web_reg_find started  	[MsgId: MMSG-26355]
..\\Parameters\\GlobalActions.h(155): Registering web_reg_find was successful  	[MsgId: MMSG-26390]
..\\Parameters\\GlobalActions.h(158): web_submit_data("login.pl") started  	[MsgId: MMSG-26355]
..\\Parameters\\GlobalActions.h(158): Detected non-resource "http://localhost.com:1080/cgi-bin/nav.pl?page=menu&in=home" in "http://localhost.com:1080/cgi-bin/login.pl"  	[MsgId: MMSG-26574]
..\\Parameters\\GlobalActions.h(158): Detected non-resource "http://localhost.com:1080/cgi-bin/login.pl?intro=true" in "http://localhost.com:1080/cgi-bin/login.pl"  	[MsgId: MMSG-26574]
..\\Parameters\\GlobalActions.h(158): Found resource "http://localhost.com:1080/WebTours/images/flights.gif" in HTML "http://localhost.com:1080/cgi-bin/nav.pl?page=menu&in=home"  	[MsgId: MMSG-26659]
..\\Parameters\\GlobalActions.h(158): Found resource "http://localhost.com:1080/WebTours/images/itinerary.gif" in HTML "http://localhost.com:1080/cgi-bin/nav.pl?page=menu&in=home"  	[MsgId: MMSG-26659]
..\\Parameters\\GlobalActions.h(158): Found resource "http://localhost.com:1080/WebTours/images/in_home.gif" in HTML "http://localhost.com:1080/cgi-bin/nav.pl?page=menu&in=home"  	[MsgId: MMSG-26659]
..\\Parameters\\GlobalActions.h(158): Found resource "http://localhost.com:1080/WebTours/images/signoff.gif" in HTML "http://localhost.com:1080/cgi-bin/nav.pl?page=menu&in=home"  	[MsgId: MMSG-26659]
..\\Parameters\\GlobalActions.h(158): Registered web_reg_find successful for "Text=User password was correct" (count=1)  	[MsgId: MMSG-26364]
..\\Parameters\\GlobalActions.h(158): web_submit_data("login.pl") was successful, 5779 body bytes, 2044 header bytes, 36 chunking overhead bytes  	[MsgId: MMSG-26385]
..\\Parameters\\GlobalActions.h(175): Notify: Transaction "login" ended with a "Pass" status (Duration: 0,1169 Wasted Time: 0,0144).
..\\Parameters\\GlobalActions.h(263): Notify: Transaction "flights" started.
..\\Parameters\\GlobalActions.h(265): web_reg_find started  	[MsgId: MMSG-26355]
..\\Parameters\\GlobalActions.h(265): Registering web_reg_find was successful  	[MsgId: MMSG-26390]
..\\Parameters\\GlobalActions.h(268): web_url("Search Flights Button") started  	[MsgId: MMSG-26355]
..\\Parameters\\GlobalActions.h(268): Detected non-resource "http://localhost.com:1080/cgi-bin/nav.pl?page=menu&in=flights" in "http://localhost.com:1080/cgi-bin/welcome.pl?page=search"  	[MsgId: MMSG-26574]
..\\Parameters\\GlobalActions.h(268): Detected non-resource "http://localhost.com:1080/cgi-bin/reservations.pl?page=welcome" in "http://localhost.com:1080/cgi-bin/welcome.pl?page=search"  	[MsgId: MMSG-26574]
..\\Parameters\\GlobalActions.h(268): Found resource "http://localhost.com:1080/WebTours/images/in_flights.gif" in HTML "http://localhost.com:1080/cgi-bin/nav.pl?page=menu&in=flights"  	[MsgId: MMSG-26659]
..\\Parameters\\GlobalActions.h(268): Resource "http://localhost.com:1080/WebTours/images/itinerary.gif" is in the cache already and will not be downloaded again  	[MsgId: MMSG-26655]
..\\Parameters\\GlobalActions.h(268): Found resource "http://localhost.com:1080/WebTours/images/home.gif" in HTML "http://localhost.com:1080/cgi-bin/nav.pl?page=menu&in=flights"  	[MsgId: MMSG-26659]
..\\Parameters\\GlobalActions.h(268): Resource "http://localhost.com:1080/WebTours/images/signoff.gif" is in the cache already and will not be downloaded again  	[MsgId: MMSG-26655]
..\\Parameters\\GlobalActions.h(268): Found resource "http://localhost.com:1080/WebTours/images/button_next.gif" in HTML "http://localhost.com:1080/cgi-bin/reservations.pl?page=welcome"  	[MsgId: MMSG-26659]
..\\Parameters\\GlobalActions.h(268): Registered web_reg_find successful for "Text=Flight Selections" (count=1)  	[MsgId: MMSG-26364]
..\\Parameters\\GlobalActions.h(268): web_url("Search Flights Button") was successful, 8516 body bytes, 1616 header bytes, 43 chunking overhead bytes  	[MsgId: MMSG-26385]
..\\Parameters\\GlobalActions.h(278): Notify: Transaction "flights" ended with a "Pass" status (Duration: 0.1497 Wasted Time: 0.0139).
..\\Parameters\\GlobalActions.h(353): Notify: Transaction "find_flight" started.
..\\Parameters\\GlobalActions.h(355): web_add_auto_header("Origin") started  	[MsgId: MMSG-26355]
..\\Parameters\\GlobalActions.h(355): web_add_auto_header("Origin") was successful  	[MsgId: MMSG-26392]
..\\Parameters\\GlobalActions.h(358): web_reg_find started  	[MsgId: MMSG-26355]
..\\Parameters\\GlobalActions.h(358): Registering web_reg_find was successful  	[MsgId: MMSG-26390]
..\\Parameters\\GlobalActions.h(364): web_reg_save_param started  	[MsgId: MMSG-26355]
..\\Parameters\\GlobalActions.h(364): Registering web_reg_save_param was successful  	[MsgId: MMSG-26390]
..\\Parameters\\GlobalActions.h(371): web_submit_data("reservations.pl") started  	[MsgId: MMSG-26355]
..\\Parameters\\GlobalActions.h(371): Resource "http://localhost.com:1080/WebTours/images/button_next.gif" is in the cache already and will not be downloaded again  	[MsgId: MMSG-26655]
..\\Parameters\\GlobalActions.h(371): Registered web_reg_find successful for "Text=Flight Selections" (count=1)  	[MsgId: MMSG-26364]
..\\Parameters\\GlobalActions.h(371): web_submit_data("reservations.pl") was successful, 2436 body bytes, 255 header bytes, 12 chunking overhead bytes  	[MsgId: MMSG-26385]
..\\Parameters\\GlobalActions.h(398): Notify: Transaction "find_flight" ended with a "Pass" status (Duration: 0.0683 Wasted Time: 0.0120).
..\\Parameters\\GlobalActions.h(446): Notify: Transaction "choose_ticket" started.
..\\Parameters\\GlobalActions.h(448): web_reg_find started  	[MsgId: MMSG-26355]
..\\Parameters\\GlobalActions.h(448): Registering web_reg_find was successful  	[MsgId: MMSG-26390]
..\\Parameters\\GlobalActions.h(451): web_submit_data("reservations.pl_2") started  	[MsgId: MMSG-26355]
..\\Parameters\\GlobalActions.h(451): Resource "http://localhost.com:1080/WebTours/images/button_next.gif" is in the cache already and will not be downloaded again  	[MsgId: MMSG-26655]
..\\Parameters\\GlobalActions.h(451): Registered web_reg_find successful for "Text=Flight Reservation" (count=1)  	[MsgId: MMSG-26364]
..\\Parameters\\GlobalActions.h(451): web_submit_data("reservations.pl_2") was successful, 2730 body bytes, 255 header bytes, 12 chunking overhead bytes  	[MsgId: MMSG-26385]
..\\Parameters\\GlobalActions.h(469): Notify: Transaction "choose_ticket" ended with a "Pass" status (Duration: 0.0657 Wasted Time: 0.0117).
..\\Parameters\\GlobalActions.h(485): Notify: Transaction "payment_details" started.
..\\Parameters\\GlobalActions.h(487): web_remove_auto_header("Origin") started  	[MsgId: MMSG-26355]
..\\Parameters\\GlobalActions.h(487): Previous automatically added web header for "Origin" removed  	[MsgId: MMSG-26587]
..\\Parameters\\GlobalActions.h(487): web_remove/revert_auto_header("Origin") was successful  	[MsgId: MMSG-26392]
..\\Parameters\\GlobalActions.h(489): web_remove_auto_header("Upgrade-Insecure-Requests") started  	[MsgId: MMSG-26355]
..\\Parameters\\GlobalActions.h(489): Previous automatically added web header for "Upgrade-Insecure-Requests" removed  	[MsgId: MMSG-26587]
..\\Parameters\\GlobalActions.h(489): web_remove/revert_auto_header("Upgrade-Insecure-Requests") was successful  	[MsgId: MMSG-26392]
..\\Parameters\\GlobalActions.h(491): web_add_header("Origin") started  	[MsgId: MMSG-26355]
..\\Parameters\\GlobalActions.h(491): web_add_header("Origin") was successful  	[MsgId: MMSG-26392]
..\\Parameters\\GlobalActions.h(494): web_reg_find started  	[MsgId: MMSG-26355]
..\\Parameters\\GlobalActions.h(494): Registering web_reg_find was successful  	[MsgId: MMSG-26390]
..\\Parameters\\GlobalActions.h(497): web_submit_data("reservations.pl_3") started  	[MsgId: MMSG-26355]
..\\Parameters\\GlobalActions.h(497): Found resource "http://localhost.com:1080/WebTours/images/bookanother.gif" in HTML "http://localhost.com:1080/cgi-bin/reservations.pl"  	[MsgId: MMSG-26659]
..\\Parameters\\GlobalActions.h(497): Registered web_reg_find successful for "Text=Reservation Made!" (count=1)  	[MsgId: MMSG-26364]
..\\Parameters\\GlobalActions.h(497): web_submit_data("reservations.pl_3") was successful, 3277 body bytes, 670 header bytes, 12 chunking overhead bytes  	[MsgId: MMSG-26385]
..\\Parameters\\GlobalActions.h(526): Notify: Transaction "payment_details" ended with a "Pass" status (Duration: 0.0668 Wasted Time: 0.0123).
..\\Parameters\\GlobalActions.h(190): Notify: Transaction "Itinerary" started.
..\\Parameters\\GlobalActions.h(192): web_reg_find started  	[MsgId: MMSG-26355]
..\\Parameters\\GlobalActions.h(192): Registering web_reg_find was successful  	[MsgId: MMSG-26390]
..\\Parameters\\GlobalActions.h(195): web_reg_save_param started  	[MsgId: MMSG-26355]
..\\Parameters\\GlobalActions.h(195): Registering web_reg_save_param was successful  	[MsgId: MMSG-26390]
..\\Parameters\\GlobalActions.h(201): web_url("Itinerary Button") started  	[MsgId: MMSG-26355]
..\\Parameters\\GlobalActions.h(201): Detected non-resource "http://localhost.com:1080/cgi-bin/nav.pl?page=menu&in=itinerary" in "http://localhost.com:1080/cgi-bin/welcome.pl?page=itinerary"  	[MsgId: MMSG-26574]
..\\Parameters\\GlobalActions.h(201): Detected non-resource "http://localhost.com:1080/cgi-bin/itinerary.pl" in "http://localhost.com:1080/cgi-bin/welcome.pl?page=itinerary"  	[MsgId: MMSG-26574]
..\\Parameters\\GlobalActions.h(201): Resource "http://localhost.com:1080/WebTours/images/flights.gif" is in the cache already and will not be downloaded again  	[MsgId: MMSG-26655]
..\\Parameters\\GlobalActions.h(201): Found resource "http://localhost.com:1080/WebTours/images/in_itinerary.gif" in HTML "http://localhost.com:1080/cgi-bin/nav.pl?page=menu&in=itinerary"  	[MsgId: MMSG-26659]
..\\Parameters\\GlobalActions.h(201): Resource "http://localhost.com:1080/WebTours/images/home.gif" is in the cache already and will not be downloaded again  	[MsgId: MMSG-26655]
..\\Parameters\\GlobalActions.h(201): Resource "http://localhost.com:1080/WebTours/images/signoff.gif" is in the cache already and will not be downloaded again  	[MsgId: MMSG-26655]
..\\Parameters\\GlobalActions.h(201): Found resource "http://localhost.com:1080/WebTours/images/cancelreservation.gif" in HTML "http://localhost.com:1080/cgi-bin/itinerary.pl"  	[MsgId: MMSG-26659]
..\\Parameters\\GlobalActions.h(201): Found resource "http://localhost.com:1080/WebTours/images/cancelallreservations.gif" in HTML "http://localhost.com:1080/cgi-bin/itinerary.pl"  	[MsgId: MMSG-26659]
..\\Parameters\\GlobalActions.h(201): Registered web_reg_find successful for "Text=Flights List" (count=1)  	[MsgId: MMSG-26364]
..\\Parameters\\GlobalActions.h(201): web_url("Itinerary Button") was successful, 28486 body bytes, 1616 header bytes, 75 chunking overhead bytes  	[MsgId: MMSG-26385]
..\\Parameters\\GlobalActions.h(211): Notify: Transaction "Itinerary" ended with a "Stop" status (Duration: 0.1479 Wasted Time: 0.0138).
..\\Parameters\\GlobalActions.h(211): Notify: Transaction "UC_03_Buy_ticket" ended with a "Stop" status (Duration: 0.9054 Wasted Time: 0.0908).
Abort was called from an action.
Ending Vuser...
Starting action vuser_end.
Ending action vuser_end.
Vuser Terminated.
