Start auto log messages stack - Iteration 32.	[MsgId: MMSG-10545]
..\\Parameters\\GlobalActions.h(201): Resource "http://localhost.com:1080/WebTours/images/flights.gif" is in the cache already and will not be downloaded again  	[MsgId: MMSG-26655]
..\\Parameters\\GlobalActions.h(201): Found resource "http://localhost.com:1080/WebTours/images/in_itinerary.gif" in HTML "http://localhost.com:1080/cgi-bin/nav.pl?page=menu&in=itinerary"  	[MsgId: MMSG-26659]
..\\Parameters\\GlobalActions.h(201): Found resource "http://localhost.com:1080/WebTours/images/home.gif" in HTML "http://localhost.com:1080/cgi-bin/nav.pl?page=menu&in=itinerary"  	[MsgId: MMSG-26659]
..\\Parameters\\GlobalActions.h(201): Resource "http://localhost.com:1080/WebTours/images/signoff.gif" is in the cache already and will not be downloaded again  	[MsgId: MMSG-26655]
..\\Parameters\\GlobalActions.h(201): Error -26612: HTTP Status-Code=500 (Internal Server Error) for "http://localhost.com:1080/cgi-bin/itinerary.pl"  	[MsgId: MERR-26612]
..\\Parameters\\GlobalActions.h(201): Error -26366: "Text=Flights List" not found for web_reg_find  	[MsgId: MERR-26366]
..\\Parameters\\GlobalActions.h(201): Error -26377: No match found for the requested parameter "flightID". Either the specified boundaries were not found in the response or the matched text is longer than current max html parameter size of 256 bytes. The total length of the response is 4029 bytes. You can use "web_set_max_html_param_len" to increase the max parameter size.  	[MsgId: MERR-26377]
End auto log messages stack.	[MsgId: MMSG-10544]

Start auto log messages stack - Iteration 105.	[MsgId: MMSG-10545]
..\\Parameters\\GlobalActions.h(240): Submitting form to "http://localhost.com:1080/cgi-bin/itinerary.pl", Target Frame=""  	[MsgId: MMSG-27978]
..\\Parameters\\GlobalActions.h(240): Resource "http://localhost.com:1080/WebTours/images/cancelreservation.gif" is in the cache already and will not be downloaded again  	[MsgId: MMSG-26655]
..\\Parameters\\GlobalActions.h(240): Resource "http://localhost.com:1080/WebTours/images/cancelallreservations.gif" is in the cache already and will not be downloaded again  	[MsgId: MMSG-26655]
..\\Parameters\\GlobalActions.h(240): Registered web_reg_find successful for "Text=Flights List" (count=1)  	[MsgId: MMSG-26364]
..\\Parameters\\GlobalActions.h(240): Error -26368: "Text=289482318-815-rr" found for web_reg_find (count=1)  	[MsgId: MERR-26368]
End auto log messages stack.	[MsgId: MMSG-10544]

Start auto log messages stack - Iteration 108.	[MsgId: MMSG-10545]
..\\Parameters\\GlobalActions.h(158): Found resource "http://localhost.com:1080/WebTours/images/itinerary.gif" in HTML "http://localhost.com:1080/cgi-bin/nav.pl?page=menu&in=home"  	[MsgId: MMSG-26659]
..\\Parameters\\GlobalActions.h(158): Found resource "http://localhost.com:1080/WebTours/images/in_home.gif" in HTML "http://localhost.com:1080/cgi-bin/nav.pl?page=menu&in=home"  	[MsgId: MMSG-26659]
..\\Parameters\\GlobalActions.h(158): Found resource "http://localhost.com:1080/WebTours/images/signoff.gif" in HTML "http://localhost.com:1080/cgi-bin/nav.pl?page=menu&in=home"  	[MsgId: MMSG-26659]
..\\Parameters\\GlobalActions.h(158): Error -26612: HTTP Status-Code=500 (Internal Server Error) for "http://localhost.com:1080/cgi-bin/login.pl?intro=true"  	[MsgId: MERR-26612]
End auto log messages stack.	[MsgId: MMSG-10544]

