Virtual User Script started at: 11.09.2021 19:29:38	[MsgId: MMSG-15967]
Starting action vuser_init.	[MsgId: MMSG-15919]
Web Turbo Replay of LoadRunner 12.55.0 for Windows 10; build 911 (èþë 24 2017 19:46:00)  	[MsgId: MMSG-26983]
Run mode: HTML  	[MsgId: MMSG-26993]
Replay user agent: Mozilla/5.0 (Windows NT 10.0; Win64; x64) AppleWebKit/537.36 (KHTML, like Gecko) Chrome/92.0.4515.159 Safari/537.36  	[MsgId: MMSG-26988]
Run-Time Settings file: "C:\Users\Teft3\AppData\Local\Temp\lr5tmpdire5h.856\lrcfgsUt.857\cfgjoX.880"  	[MsgId: MMSG-27141]
Ending action vuser_init.	[MsgId: MMSG-15918]
Running Vuser...	[MsgId: MMSG-15964]
Starting iteration 1.	[MsgId: MMSG-15968]
Maximum number of concurrent connections per server: 6  	[MsgId: MMSG-26989]
Starting action Action.	[MsgId: MMSG-15919]
Action.c(4): Notify: Transaction "UC_01_logining" started.	[MsgId: MMSG-16999]
..\\Parameters\\GlobalActions.h(11): Notify: Transaction "Main_page" started.	[MsgId: MMSG-16999]
..\\Parameters\\GlobalActions.h(13): web_add_auto_header("Upgrade-Insecure-Requests") started  	[MsgId: MMSG-26355]
..\\Parameters\\GlobalActions.h(13): web_add_auto_header("Upgrade-Insecure-Requests") was successful  	[MsgId: MMSG-26392]
..\\Parameters\\GlobalActions.h(30): web_reg_save_param started  	[MsgId: MMSG-26355]
..\\Parameters\\GlobalActions.h(30): Registering web_reg_save_param was successful  	[MsgId: MMSG-26390]
..\\Parameters\\GlobalActions.h(35): web_reg_find started  	[MsgId: MMSG-26355]
..\\Parameters\\GlobalActions.h(35): Registering web_reg_find was successful  	[MsgId: MMSG-26390]
..\\Parameters\\GlobalActions.h(38): web_url("welcome.pl") started  	[MsgId: MMSG-26355]
..\\Parameters\\GlobalActions.h(38): Detected non-resource "http://localhost.com:1080/cgi-bin/nav.pl?in=home" in "http://localhost.com:1080/cgi-bin/welcome.pl?signOff=true"  	[MsgId: MMSG-26574]
..\\Parameters\\GlobalActions.h(38): Detected non-resource "http://localhost.com:1080/WebTours/home.html" in "http://localhost.com:1080/cgi-bin/welcome.pl?signOff=true"  	[MsgId: MMSG-26574]
..\\Parameters\\GlobalActions.h(38): Found resource "http://localhost.com:1080/WebTours/images/mer_login.gif" in HTML "http://localhost.com:1080/cgi-bin/nav.pl?in=home"  	[MsgId: MMSG-26659]
..\\Parameters\\GlobalActions.h(38): Registered web_reg_find successful for "Text=Web Tours" (count=5)  	[MsgId: MMSG-26364]
..\\Parameters\\GlobalActions.h(38): web_url("welcome.pl") was successful, 4215 body bytes, 1180 header bytes, 24 chunking overhead bytes  	[MsgId: MMSG-26385]
..\\Parameters\\GlobalActions.h(48): web_set_sockets_option started  	[MsgId: MMSG-26355]
..\\Parameters\\GlobalActions.h(48): web_set_sockets_option was successful  	[MsgId: MMSG-26392]
..\\Parameters\\GlobalActions.h(50): Notify: Transaction "Main_page" ended with a "Pass" status (Duration: 0,1003 Wasted Time: 0,0000).	[MsgId: MMSG-16871]
Action.c(8): lr_think_time: 5,00 seconds.	[MsgId: MMSG-15948]
..\\Parameters\\GlobalActions.h(150): Notify: Transaction "login" started.	[MsgId: MMSG-16999]
..\\Parameters\\GlobalActions.h(152): web_add_header("Origin") started  	[MsgId: MMSG-26355]
..\\Parameters\\GlobalActions.h(152): web_add_header("Origin") was successful  	[MsgId: MMSG-26392]
..\\Parameters\\GlobalActions.h(155): web_reg_find started  	[MsgId: MMSG-26355]
..\\Parameters\\GlobalActions.h(155): Registering web_reg_find was successful  	[MsgId: MMSG-26390]
..\\Parameters\\GlobalActions.h(158): web_submit_data("login.pl") started  	[MsgId: MMSG-26355]
..\\Parameters\\GlobalActions.h(158): Detected non-resource "http://localhost.com:1080/cgi-bin/nav.pl?page=menu&in=home" in "http://localhost.com:1080/cgi-bin/login.pl"  	[MsgId: MMSG-26574]
..\\Parameters\\GlobalActions.h(158): Detected non-resource "http://localhost.com:1080/cgi-bin/login.pl?intro=true" in "http://localhost.com:1080/cgi-bin/login.pl"  	[MsgId: MMSG-26574]
..\\Parameters\\GlobalActions.h(158): Found resource "http://localhost.com:1080/WebTours/images/flights.gif" in HTML "http://localhost.com:1080/cgi-bin/nav.pl?page=menu&in=home"  	[MsgId: MMSG-26659]
..\\Parameters\\GlobalActions.h(158): Found resource "http://localhost.com:1080/WebTours/images/itinerary.gif" in HTML "http://localhost.com:1080/cgi-bin/nav.pl?page=menu&in=home"  	[MsgId: MMSG-26659]
..\\Parameters\\GlobalActions.h(158): Found resource "http://localhost.com:1080/WebTours/images/in_home.gif" in HTML "http://localhost.com:1080/cgi-bin/nav.pl?page=menu&in=home"  	[MsgId: MMSG-26659]
..\\Parameters\\GlobalActions.h(158): Found resource "http://localhost.com:1080/WebTours/images/signoff.gif" in HTML "http://localhost.com:1080/cgi-bin/nav.pl?page=menu&in=home"  	[MsgId: MMSG-26659]
..\\Parameters\\GlobalActions.h(158): Registered web_reg_find successful for "Text=User password was correct" (count=1)  	[MsgId: MMSG-26364]
..\\Parameters\\GlobalActions.h(158): web_submit_data("login.pl") was successful, 5779 body bytes, 2035 header bytes, 36 chunking overhead bytes  	[MsgId: MMSG-26385]
..\\Parameters\\GlobalActions.h(175): Notify: Transaction "login" ended with a "Pass" status (Duration: 0,1019 Wasted Time: 0,0000).	[MsgId: MMSG-16871]
Action.c(12): lr_think_time: 5,00 seconds.	[MsgId: MMSG-15948]
Virtual User Script started at: 11.09.2021 19:29:46	[MsgId: MMSG-15967]
Starting action vuser_init.	[MsgId: MMSG-15919]
Web Turbo Replay of LoadRunner 12.55.0 for Windows 10; build 911 (èþë 24 2017 19:46:00)  	[MsgId: MMSG-26983]
Run mode: HTML  	[MsgId: MMSG-26993]
Replay user agent: Mozilla/5.0 (Windows NT 10.0; Win64; x64) AppleWebKit/537.36 (KHTML, like Gecko) Chrome/92.0.4515.159 Safari/537.36  	[MsgId: MMSG-26988]
Run-Time Settings file: "C:\Users\Teft3\AppData\Local\Temp\lr5tmpdire5h.856\lrcfgsUt.857\cfgjoX.880"  	[MsgId: MMSG-27141]
Ending action vuser_init.	[MsgId: MMSG-15918]
Running Vuser...	[MsgId: MMSG-15964]
Starting iteration 1.	[MsgId: MMSG-15968]
Maximum number of concurrent connections per server: 6  	[MsgId: MMSG-26989]
Starting action Action.	[MsgId: MMSG-15919]
Action.c(4): Notify: Transaction "UC_01_logining" started.	[MsgId: MMSG-16999]
..\\Parameters\\GlobalActions.h(11): Notify: Transaction "Main_page" started.	[MsgId: MMSG-16999]
..\\Parameters\\GlobalActions.h(13): web_add_auto_header("Upgrade-Insecure-Requests") started  	[MsgId: MMSG-26355]
..\\Parameters\\GlobalActions.h(13): web_add_auto_header("Upgrade-Insecure-Requests") was successful  	[MsgId: MMSG-26392]
..\\Parameters\\GlobalActions.h(30): web_reg_save_param started  	[MsgId: MMSG-26355]
..\\Parameters\\GlobalActions.h(30): Registering web_reg_save_param was successful  	[MsgId: MMSG-26390]
..\\Parameters\\GlobalActions.h(35): web_reg_find started  	[MsgId: MMSG-26355]
..\\Parameters\\GlobalActions.h(35): Registering web_reg_find was successful  	[MsgId: MMSG-26390]
..\\Parameters\\GlobalActions.h(38): web_url("welcome.pl") started  	[MsgId: MMSG-26355]
..\\Parameters\\GlobalActions.h(38): Detected non-resource "http://localhost.com:1080/cgi-bin/nav.pl?in=home" in "http://localhost.com:1080/cgi-bin/welcome.pl?signOff=true"  	[MsgId: MMSG-26574]
..\\Parameters\\GlobalActions.h(38): Detected non-resource "http://localhost.com:1080/WebTours/home.html" in "http://localhost.com:1080/cgi-bin/welcome.pl?signOff=true"  	[MsgId: MMSG-26574]
..\\Parameters\\GlobalActions.h(38): Found resource "http://localhost.com:1080/WebTours/images/mer_login.gif" in HTML "http://localhost.com:1080/cgi-bin/nav.pl?in=home"  	[MsgId: MMSG-26659]
..\\Parameters\\GlobalActions.h(38): Registered web_reg_find successful for "Text=Web Tours" (count=5)  	[MsgId: MMSG-26364]
..\\Parameters\\GlobalActions.h(38): web_url("welcome.pl") was successful, 4215 body bytes, 1180 header bytes, 24 chunking overhead bytes  	[MsgId: MMSG-26385]
..\\Parameters\\GlobalActions.h(48): web_set_sockets_option started  	[MsgId: MMSG-26355]
..\\Parameters\\GlobalActions.h(48): web_set_sockets_option was successful  	[MsgId: MMSG-26392]
..\\Parameters\\GlobalActions.h(50): Notify: Transaction "Main_page" ended with a "Pass" status (Duration: 0,1001 Wasted Time: 0,0000).	[MsgId: MMSG-16871]
Action.c(8): lr_think_time: 5,00 seconds.	[MsgId: MMSG-15948]
..\\Parameters\\GlobalActions.h(539): Notify: Transaction "sign_off" started.	[MsgId: MMSG-16999]
..\\Parameters\\GlobalActions.h(541): web_reg_find started  	[MsgId: MMSG-26355]
..\\Parameters\\GlobalActions.h(541): Registering web_reg_find was successful  	[MsgId: MMSG-26390]
..\\Parameters\\GlobalActions.h(544): web_url("SignOff Button") started  	[MsgId: MMSG-26355]
..\\Parameters\\GlobalActions.h(544): Detected non-resource "http://localhost.com:1080/cgi-bin/nav.pl?in=home" in "http://localhost.com:1080/cgi-bin/welcome.pl?signOff=1"  	[MsgId: MMSG-26574]
..\\Parameters\\GlobalActions.h(544): Detected non-resource "http://localhost.com:1080/WebTours/home.html" in "http://localhost.com:1080/cgi-bin/welcome.pl?signOff=1"  	[MsgId: MMSG-26574]
..\\Parameters\\GlobalActions.h(544): Retrieving data from cache for "http://localhost.com:1080/WebTours/home.html"  	[MsgId: MMSG-26558]
..\\Parameters\\GlobalActions.h(544): Resource "http://localhost.com:1080/WebTours/images/mer_login.gif" is in the cache already and will not be downloaded again  	[MsgId: MMSG-26655]
..\\Parameters\\GlobalActions.h(544): Registered web_reg_find successful for "Text=Web Tours" (count=5)  	[MsgId: MMSG-26364]
..\\Parameters\\GlobalActions.h(544): web_url("SignOff Button") was successful, 2168 body bytes, 584 header bytes, 24 chunking overhead bytes  	[MsgId: MMSG-26385]
..\\Parameters\\GlobalActions.h(554): Notify: Transaction "sign_off" ended with a "Pass" status (Duration: 0,0821 Wasted Time: 0,0000).	[MsgId: MMSG-16871]
Action.c(16): Notify: Transaction "UC_01_logining" ended with a "Pass" status (Duration: 10,3190 Think Time: 10,0278 Wasted Time: 0,0001).	[MsgId: MMSG-16870]
Ending action Action.	[MsgId: MMSG-15918]
Ending iteration 1.	[MsgId: MMSG-15965]
Waiting 169,6720 seconds for iteration pacing.	[MsgId: MMSG-15996]
..\\Parameters\\GlobalActions.h(150): Notify: Transaction "login" started.	[MsgId: MMSG-16999]
..\\Parameters\\GlobalActions.h(152): web_add_header("Origin") started  	[MsgId: MMSG-26355]
..\\Parameters\\GlobalActions.h(152): web_add_header("Origin") was successful  	[MsgId: MMSG-26392]
..\\Parameters\\GlobalActions.h(155): web_reg_find started  	[MsgId: MMSG-26355]
..\\Parameters\\GlobalActions.h(155): Registering web_reg_find was successful  	[MsgId: MMSG-26390]
..\\Parameters\\GlobalActions.h(158): web_submit_data("login.pl") started  	[MsgId: MMSG-26355]
..\\Parameters\\GlobalActions.h(158): Detected non-resource "http://localhost.com:1080/cgi-bin/nav.pl?page=menu&in=home" in "http://localhost.com:1080/cgi-bin/login.pl"  	[MsgId: MMSG-26574]
..\\Parameters\\GlobalActions.h(158): Detected non-resource "http://localhost.com:1080/cgi-bin/login.pl?intro=true" in "http://localhost.com:1080/cgi-bin/login.pl"  	[MsgId: MMSG-26574]
..\\Parameters\\GlobalActions.h(158): Found resource "http://localhost.com:1080/WebTours/images/flights.gif" in HTML "http://localhost.com:1080/cgi-bin/nav.pl?page=menu&in=home"  	[MsgId: MMSG-26659]
..\\Parameters\\GlobalActions.h(158): Found resource "http://localhost.com:1080/WebTours/images/itinerary.gif" in HTML "http://localhost.com:1080/cgi-bin/nav.pl?page=menu&in=home"  	[MsgId: MMSG-26659]
..\\Parameters\\GlobalActions.h(158): Found resource "http://localhost.com:1080/WebTours/images/in_home.gif" in HTML "http://localhost.com:1080/cgi-bin/nav.pl?page=menu&in=home"  	[MsgId: MMSG-26659]
..\\Parameters\\GlobalActions.h(158): Found resource "http://localhost.com:1080/WebTours/images/signoff.gif" in HTML "http://localhost.com:1080/cgi-bin/nav.pl?page=menu&in=home"  	[MsgId: MMSG-26659]
..\\Parameters\\GlobalActions.h(158): Registered web_reg_find successful for "Text=User password was correct" (count=1)  	[MsgId: MMSG-26364]
..\\Parameters\\GlobalActions.h(158): web_submit_data("login.pl") was successful, 5779 body bytes, 2035 header bytes, 36 chunking overhead bytes  	[MsgId: MMSG-26385]
..\\Parameters\\GlobalActions.h(175): Notify: Transaction "login" ended with a "Pass" status (Duration: 0,0974 Wasted Time: 0,0000).	[MsgId: MMSG-16871]
Action.c(12): lr_think_time: 5,00 seconds.	[MsgId: MMSG-15948]
..\\Parameters\\GlobalActions.h(539): Notify: Transaction "sign_off" started.	[MsgId: MMSG-16999]
..\\Parameters\\GlobalActions.h(541): web_reg_find started  	[MsgId: MMSG-26355]
..\\Parameters\\GlobalActions.h(541): Registering web_reg_find was successful  	[MsgId: MMSG-26390]
..\\Parameters\\GlobalActions.h(544): web_url("SignOff Button") started  	[MsgId: MMSG-26355]
..\\Parameters\\GlobalActions.h(544): Detected non-resource "http://localhost.com:1080/cgi-bin/nav.pl?in=home" in "http://localhost.com:1080/cgi-bin/welcome.pl?signOff=1"  	[MsgId: MMSG-26574]
..\\Parameters\\GlobalActions.h(544): Detected non-resource "http://localhost.com:1080/WebTours/home.html" in "http://localhost.com:1080/cgi-bin/welcome.pl?signOff=1"  	[MsgId: MMSG-26574]
..\\Parameters\\GlobalActions.h(544): Retrieving data from cache for "http://localhost.com:1080/WebTours/home.html"  	[MsgId: MMSG-26558]
..\\Parameters\\GlobalActions.h(544): Resource "http://localhost.com:1080/WebTours/images/mer_login.gif" is in the cache already and will not be downloaded again  	[MsgId: MMSG-26655]
..\\Parameters\\GlobalActions.h(544): Registered web_reg_find successful for "Text=Web Tours" (count=5)  	[MsgId: MMSG-26364]
..\\Parameters\\GlobalActions.h(544): web_url("SignOff Button") was successful, 2174 body bytes, 584 header bytes, 24 chunking overhead bytes  	[MsgId: MMSG-26385]
..\\Parameters\\GlobalActions.h(554): Notify: Transaction "sign_off" ended with a "Pass" status (Duration: 0,0772 Wasted Time: 0,0000).	[MsgId: MMSG-16871]
Action.c(16): Notify: Transaction "UC_01_logining" ended with a "Pass" status (Duration: 10,3225 Think Time: 10,0049 Wasted Time: 0,0001).	[MsgId: MMSG-16870]
Ending action Action.	[MsgId: MMSG-15918]
Ending iteration 1.	[MsgId: MMSG-15965]
Waiting 169,6660 seconds for iteration pacing.	[MsgId: MMSG-15996]
Virtual User Script started at: 11.09.2021 19:29:56	[MsgId: MMSG-15967]
Starting action vuser_init.	[MsgId: MMSG-15919]
Web Turbo Replay of LoadRunner 12.55.0 for Windows 10; build 911 (èþë 24 2017 19:46:00)  	[MsgId: MMSG-26983]
Run mode: HTML  	[MsgId: MMSG-26993]
Replay user agent: Mozilla/5.0 (Windows NT 10.0; Win64; x64) AppleWebKit/537.36 (KHTML, like Gecko) Chrome/92.0.4515.159 Safari/537.36  	[MsgId: MMSG-26988]
Run-Time Settings file: "C:\Users\Teft3\AppData\Local\Temp\lr5tmpdire5h.856\lrcfgsUt.857\cfgjoX.880"  	[MsgId: MMSG-27141]
Ending action vuser_init.	[MsgId: MMSG-15918]
Running Vuser...	[MsgId: MMSG-15964]
Starting iteration 1.	[MsgId: MMSG-15968]
Maximum number of concurrent connections per server: 6  	[MsgId: MMSG-26989]
Starting action Action.	[MsgId: MMSG-15919]
Action.c(4): Notify: Transaction "UC_01_logining" started.	[MsgId: MMSG-16999]
..\\Parameters\\GlobalActions.h(11): Notify: Transaction "Main_page" started.	[MsgId: MMSG-16999]
..\\Parameters\\GlobalActions.h(13): web_add_auto_header("Upgrade-Insecure-Requests") started  	[MsgId: MMSG-26355]
..\\Parameters\\GlobalActions.h(13): web_add_auto_header("Upgrade-Insecure-Requests") was successful  	[MsgId: MMSG-26392]
..\\Parameters\\GlobalActions.h(30): web_reg_save_param started  	[MsgId: MMSG-26355]
..\\Parameters\\GlobalActions.h(30): Registering web_reg_save_param was successful  	[MsgId: MMSG-26390]
..\\Parameters\\GlobalActions.h(35): web_reg_find started  	[MsgId: MMSG-26355]
..\\Parameters\\GlobalActions.h(35): Registering web_reg_find was successful  	[MsgId: MMSG-26390]
..\\Parameters\\GlobalActions.h(38): web_url("welcome.pl") started  	[MsgId: MMSG-26355]
..\\Parameters\\GlobalActions.h(38): Detected non-resource "http://localhost.com:1080/cgi-bin/nav.pl?in=home" in "http://localhost.com:1080/cgi-bin/welcome.pl?signOff=true"  	[MsgId: MMSG-26574]
..\\Parameters\\GlobalActions.h(38): Detected non-resource "http://localhost.com:1080/WebTours/home.html" in "http://localhost.com:1080/cgi-bin/welcome.pl?signOff=true"  	[MsgId: MMSG-26574]
..\\Parameters\\GlobalActions.h(38): Found resource "http://localhost.com:1080/WebTours/images/mer_login.gif" in HTML "http://localhost.com:1080/cgi-bin/nav.pl?in=home"  	[MsgId: MMSG-26659]
..\\Parameters\\GlobalActions.h(38): Registered web_reg_find successful for "Text=Web Tours" (count=5)  	[MsgId: MMSG-26364]
..\\Parameters\\GlobalActions.h(38): web_url("welcome.pl") was successful, 4214 body bytes, 1180 header bytes, 24 chunking overhead bytes  	[MsgId: MMSG-26385]
..\\Parameters\\GlobalActions.h(48): web_set_sockets_option started  	[MsgId: MMSG-26355]
..\\Parameters\\GlobalActions.h(48): web_set_sockets_option was successful  	[MsgId: MMSG-26392]
..\\Parameters\\GlobalActions.h(50): Notify: Transaction "Main_page" ended with a "Pass" status (Duration: 0,0950 Wasted Time: 0,0001).	[MsgId: MMSG-16871]
Action.c(8): lr_think_time: 5,00 seconds.	[MsgId: MMSG-15948]
..\\Parameters\\GlobalActions.h(150): Notify: Transaction "login" started.	[MsgId: MMSG-16999]
..\\Parameters\\GlobalActions.h(152): web_add_header("Origin") started  	[MsgId: MMSG-26355]
..\\Parameters\\GlobalActions.h(152): web_add_header("Origin") was successful  	[MsgId: MMSG-26392]
..\\Parameters\\GlobalActions.h(155): web_reg_find started  	[MsgId: MMSG-26355]
..\\Parameters\\GlobalActions.h(155): Registering web_reg_find was successful  	[MsgId: MMSG-26390]
..\\Parameters\\GlobalActions.h(158): web_submit_data("login.pl") started  	[MsgId: MMSG-26355]
..\\Parameters\\GlobalActions.h(158): Detected non-resource "http://localhost.com:1080/cgi-bin/nav.pl?page=menu&in=home" in "http://localhost.com:1080/cgi-bin/login.pl"  	[MsgId: MMSG-26574]
..\\Parameters\\GlobalActions.h(158): Detected non-resource "http://localhost.com:1080/cgi-bin/login.pl?intro=true" in "http://localhost.com:1080/cgi-bin/login.pl"  	[MsgId: MMSG-26574]
..\\Parameters\\GlobalActions.h(158): Found resource "http://localhost.com:1080/WebTours/images/flights.gif" in HTML "http://localhost.com:1080/cgi-bin/nav.pl?page=menu&in=home"  	[MsgId: MMSG-26659]
..\\Parameters\\GlobalActions.h(158): Found resource "http://localhost.com:1080/WebTours/images/itinerary.gif" in HTML "http://localhost.com:1080/cgi-bin/nav.pl?page=menu&in=home"  	[MsgId: MMSG-26659]
..\\Parameters\\GlobalActions.h(158): Found resource "http://localhost.com:1080/WebTours/images/in_home.gif" in HTML "http://localhost.com:1080/cgi-bin/nav.pl?page=menu&in=home"  	[MsgId: MMSG-26659]
..\\Parameters\\GlobalActions.h(158): Found resource "http://localhost.com:1080/WebTours/images/signoff.gif" in HTML "http://localhost.com:1080/cgi-bin/nav.pl?page=menu&in=home"  	[MsgId: MMSG-26659]
..\\Parameters\\GlobalActions.h(158): Registered web_reg_find successful for "Text=User password was correct" (count=1)  	[MsgId: MMSG-26364]
..\\Parameters\\GlobalActions.h(158): web_submit_data("login.pl") was successful, 5779 body bytes, 2034 header bytes, 36 chunking overhead bytes  	[MsgId: MMSG-26385]
..\\Parameters\\GlobalActions.h(175): Notify: Transaction "login" ended with a "Pass" status (Duration: 0,0957 Wasted Time: 0,0000).	[MsgId: MMSG-16871]
Action.c(12): lr_think_time: 5,00 seconds.	[MsgId: MMSG-15948]
..\\Parameters\\GlobalActions.h(539): Notify: Transaction "sign_off" started.	[MsgId: MMSG-16999]
..\\Parameters\\GlobalActions.h(541): web_reg_find started  	[MsgId: MMSG-26355]
..\\Parameters\\GlobalActions.h(541): Registering web_reg_find was successful  	[MsgId: MMSG-26390]
..\\Parameters\\GlobalActions.h(544): web_url("SignOff Button") started  	[MsgId: MMSG-26355]
..\\Parameters\\GlobalActions.h(544): Detected non-resource "http://localhost.com:1080/cgi-bin/nav.pl?in=home" in "http://localhost.com:1080/cgi-bin/welcome.pl?signOff=1"  	[MsgId: MMSG-26574]
..\\Parameters\\GlobalActions.h(544): Detected non-resource "http://localhost.com:1080/WebTours/home.html" in "http://localhost.com:1080/cgi-bin/welcome.pl?signOff=1"  	[MsgId: MMSG-26574]
..\\Parameters\\GlobalActions.h(544): Retrieving data from cache for "http://localhost.com:1080/WebTours/home.html"  	[MsgId: MMSG-26558]
..\\Parameters\\GlobalActions.h(544): Resource "http://localhost.com:1080/WebTours/images/mer_login.gif" is in the cache already and will not be downloaded again  	[MsgId: MMSG-26655]
..\\Parameters\\GlobalActions.h(544): Registered web_reg_find successful for "Text=Web Tours" (count=5)  	[MsgId: MMSG-26364]
..\\Parameters\\GlobalActions.h(544): web_url("SignOff Button") was successful, 2176 body bytes, 583 header bytes, 24 chunking overhead bytes  	[MsgId: MMSG-26385]
..\\Parameters\\GlobalActions.h(554): Notify: Transaction "sign_off" ended with a "Pass" status (Duration: 0,0737 Wasted Time: 0,0000).	[MsgId: MMSG-16871]
Action.c(16): Notify: Transaction "UC_01_logining" ended with a "Pass" status (Duration: 10,2767 Think Time: 10,0050 Wasted Time: 0,0001).	[MsgId: MMSG-16870]
Ending action Action.	[MsgId: MMSG-15918]
Ending iteration 1.	[MsgId: MMSG-15965]
Waiting 169,7150 seconds for iteration pacing.	[MsgId: MMSG-15996]
Starting iteration 2.	[MsgId: MMSG-15968]
Starting action Action.	[MsgId: MMSG-15919]
Action.c(4): Notify: Transaction "UC_01_logining" started.	[MsgId: MMSG-16999]
..\\Parameters\\GlobalActions.h(11): Notify: Transaction "Main_page" started.	[MsgId: MMSG-16999]
..\\Parameters\\GlobalActions.h(13): web_add_auto_header("Upgrade-Insecure-Requests") started  	[MsgId: MMSG-26355]
..\\Parameters\\GlobalActions.h(13): web_add_auto_header("Upgrade-Insecure-Requests") was successful  	[MsgId: MMSG-26392]
..\\Parameters\\GlobalActions.h(30): web_reg_save_param started  	[MsgId: MMSG-26355]
..\\Parameters\\GlobalActions.h(30): Registering web_reg_save_param was successful  	[MsgId: MMSG-26390]
..\\Parameters\\GlobalActions.h(35): web_reg_find started  	[MsgId: MMSG-26355]
..\\Parameters\\GlobalActions.h(35): Registering web_reg_find was successful  	[MsgId: MMSG-26390]
..\\Parameters\\GlobalActions.h(38): web_url("welcome.pl") started  	[MsgId: MMSG-26355]
..\\Parameters\\GlobalActions.h(38): Detected non-resource "http://localhost.com:1080/cgi-bin/nav.pl?in=home" in "http://localhost.com:1080/cgi-bin/welcome.pl?signOff=true"  	[MsgId: MMSG-26574]
..\\Parameters\\GlobalActions.h(38): Detected non-resource "http://localhost.com:1080/WebTours/home.html" in "http://localhost.com:1080/cgi-bin/welcome.pl?signOff=true"  	[MsgId: MMSG-26574]
..\\Parameters\\GlobalActions.h(38): Found resource "http://localhost.com:1080/WebTours/images/mer_login.gif" in HTML "http://localhost.com:1080/cgi-bin/nav.pl?in=home"  	[MsgId: MMSG-26659]
..\\Parameters\\GlobalActions.h(38): Registered web_reg_find successful for "Text=Web Tours" (count=5)  	[MsgId: MMSG-26364]
..\\Parameters\\GlobalActions.h(38): web_url("welcome.pl") was successful, 4215 body bytes, 1180 header bytes, 24 chunking overhead bytes  	[MsgId: MMSG-26385]
..\\Parameters\\GlobalActions.h(48): web_set_sockets_option started  	[MsgId: MMSG-26355]
..\\Parameters\\GlobalActions.h(48): web_set_sockets_option was successful  	[MsgId: MMSG-26392]
..\\Parameters\\GlobalActions.h(50): Notify: Transaction "Main_page" ended with a "Pass" status (Duration: 0,0961 Wasted Time: 0,0000).	[MsgId: MMSG-16871]
Action.c(8): lr_think_time: 5,00 seconds.	[MsgId: MMSG-15948]
..\\Parameters\\GlobalActions.h(150): Notify: Transaction "login" started.	[MsgId: MMSG-16999]
..\\Parameters\\GlobalActions.h(152): web_add_header("Origin") started  	[MsgId: MMSG-26355]
..\\Parameters\\GlobalActions.h(152): web_add_header("Origin") was successful  	[MsgId: MMSG-26392]
..\\Parameters\\GlobalActions.h(155): web_reg_find started  	[MsgId: MMSG-26355]
..\\Parameters\\GlobalActions.h(155): Registering web_reg_find was successful  	[MsgId: MMSG-26390]
..\\Parameters\\GlobalActions.h(158): web_submit_data("login.pl") started  	[MsgId: MMSG-26355]
..\\Parameters\\GlobalActions.h(158): Detected non-resource "http://localhost.com:1080/cgi-bin/nav.pl?page=menu&in=home" in "http://localhost.com:1080/cgi-bin/login.pl"  	[MsgId: MMSG-26574]
..\\Parameters\\GlobalActions.h(158): Detected non-resource "http://localhost.com:1080/cgi-bin/login.pl?intro=true" in "http://localhost.com:1080/cgi-bin/login.pl"  	[MsgId: MMSG-26574]
..\\Parameters\\GlobalActions.h(158): Found resource "http://localhost.com:1080/WebTours/images/flights.gif" in HTML "http://localhost.com:1080/cgi-bin/nav.pl?page=menu&in=home"  	[MsgId: MMSG-26659]
..\\Parameters\\GlobalActions.h(158): Found resource "http://localhost.com:1080/WebTours/images/itinerary.gif" in HTML "http://localhost.com:1080/cgi-bin/nav.pl?page=menu&in=home"  	[MsgId: MMSG-26659]
..\\Parameters\\GlobalActions.h(158): Found resource "http://localhost.com:1080/WebTours/images/in_home.gif" in HTML "http://localhost.com:1080/cgi-bin/nav.pl?page=menu&in=home"  	[MsgId: MMSG-26659]
..\\Parameters\\GlobalActions.h(158): Found resource "http://localhost.com:1080/WebTours/images/signoff.gif" in HTML "http://localhost.com:1080/cgi-bin/nav.pl?page=menu&in=home"  	[MsgId: MMSG-26659]
..\\Parameters\\GlobalActions.h(158): Registered web_reg_find successful for "Text=User password was correct" (count=1)  	[MsgId: MMSG-26364]
..\\Parameters\\GlobalActions.h(158): web_submit_data("login.pl") was successful, 5780 body bytes, 2048 header bytes, 36 chunking overhead bytes  	[MsgId: MMSG-26385]
..\\Parameters\\GlobalActions.h(175): Notify: Transaction "login" ended with a "Pass" status (Duration: 0,0969 Wasted Time: 0,0000).	[MsgId: MMSG-16871]
Action.c(12): lr_think_time: 5,00 seconds.	[MsgId: MMSG-15948]
Starting iteration 2.	[MsgId: MMSG-15968]
Starting action Action.	[MsgId: MMSG-15919]
Action.c(4): Notify: Transaction "UC_01_logining" started.	[MsgId: MMSG-16999]
..\\Parameters\\GlobalActions.h(11): Notify: Transaction "Main_page" started.	[MsgId: MMSG-16999]
..\\Parameters\\GlobalActions.h(13): web_add_auto_header("Upgrade-Insecure-Requests") started  	[MsgId: MMSG-26355]
..\\Parameters\\GlobalActions.h(13): web_add_auto_header("Upgrade-Insecure-Requests") was successful  	[MsgId: MMSG-26392]
..\\Parameters\\GlobalActions.h(30): web_reg_save_param started  	[MsgId: MMSG-26355]
..\\Parameters\\GlobalActions.h(30): Registering web_reg_save_param was successful  	[MsgId: MMSG-26390]
..\\Parameters\\GlobalActions.h(35): web_reg_find started  	[MsgId: MMSG-26355]
..\\Parameters\\GlobalActions.h(35): Registering web_reg_find was successful  	[MsgId: MMSG-26390]
..\\Parameters\\GlobalActions.h(38): web_url("welcome.pl") started  	[MsgId: MMSG-26355]
..\\Parameters\\GlobalActions.h(38): Detected non-resource "http://localhost.com:1080/cgi-bin/nav.pl?in=home" in "http://localhost.com:1080/cgi-bin/welcome.pl?signOff=true"  	[MsgId: MMSG-26574]
..\\Parameters\\GlobalActions.h(38): Detected non-resource "http://localhost.com:1080/WebTours/home.html" in "http://localhost.com:1080/cgi-bin/welcome.pl?signOff=true"  	[MsgId: MMSG-26574]
..\\Parameters\\GlobalActions.h(38): Found resource "http://localhost.com:1080/WebTours/images/mer_login.gif" in HTML "http://localhost.com:1080/cgi-bin/nav.pl?in=home"  	[MsgId: MMSG-26659]
..\\Parameters\\GlobalActions.h(38): Registered web_reg_find successful for "Text=Web Tours" (count=5)  	[MsgId: MMSG-26364]
..\\Parameters\\GlobalActions.h(38): web_url("welcome.pl") was successful, 4215 body bytes, 1180 header bytes, 24 chunking overhead bytes  	[MsgId: MMSG-26385]
..\\Parameters\\GlobalActions.h(48): web_set_sockets_option started  	[MsgId: MMSG-26355]
..\\Parameters\\GlobalActions.h(48): web_set_sockets_option was successful  	[MsgId: MMSG-26392]
..\\Parameters\\GlobalActions.h(50): Notify: Transaction "Main_page" ended with a "Pass" status (Duration: 0,1045 Wasted Time: 0,0001).	[MsgId: MMSG-16871]
Action.c(8): lr_think_time: 5,00 seconds.	[MsgId: MMSG-15948]
..\\Parameters\\GlobalActions.h(539): Notify: Transaction "sign_off" started.	[MsgId: MMSG-16999]
..\\Parameters\\GlobalActions.h(541): web_reg_find started  	[MsgId: MMSG-26355]
..\\Parameters\\GlobalActions.h(541): Registering web_reg_find was successful  	[MsgId: MMSG-26390]
..\\Parameters\\GlobalActions.h(544): web_url("SignOff Button") started  	[MsgId: MMSG-26355]
..\\Parameters\\GlobalActions.h(544): Detected non-resource "http://localhost.com:1080/cgi-bin/nav.pl?in=home" in "http://localhost.com:1080/cgi-bin/welcome.pl?signOff=1"  	[MsgId: MMSG-26574]
..\\Parameters\\GlobalActions.h(544): Detected non-resource "http://localhost.com:1080/WebTours/home.html" in "http://localhost.com:1080/cgi-bin/welcome.pl?signOff=1"  	[MsgId: MMSG-26574]
..\\Parameters\\GlobalActions.h(544): Retrieving data from cache for "http://localhost.com:1080/WebTours/home.html"  	[MsgId: MMSG-26558]
..\\Parameters\\GlobalActions.h(544): Resource "http://localhost.com:1080/WebTours/images/mer_login.gif" is in the cache already and will not be downloaded again  	[MsgId: MMSG-26655]
..\\Parameters\\GlobalActions.h(544): Registered web_reg_find successful for "Text=Web Tours" (count=5)  	[MsgId: MMSG-26364]
..\\Parameters\\GlobalActions.h(544): web_url("SignOff Button") was successful, 2167 body bytes, 584 header bytes, 24 chunking overhead bytes  	[MsgId: MMSG-26385]
..\\Parameters\\GlobalActions.h(554): Notify: Transaction "sign_off" ended with a "Pass" status (Duration: 0,0920 Wasted Time: 0,0000).	[MsgId: MMSG-16871]
Action.c(16): Notify: Transaction "UC_01_logining" ended with a "Pass" status (Duration: 10,3142 Think Time: 10,0219 Wasted Time: 0,0001).	[MsgId: MMSG-16870]
Ending action Action.	[MsgId: MMSG-15918]
Ending iteration 2.	[MsgId: MMSG-15965]
Waiting 169,6800 seconds for iteration pacing.	[MsgId: MMSG-15996]
..\\Parameters\\GlobalActions.h(150): Notify: Transaction "login" started.	[MsgId: MMSG-16999]
..\\Parameters\\GlobalActions.h(152): web_add_header("Origin") started  	[MsgId: MMSG-26355]
..\\Parameters\\GlobalActions.h(152): web_add_header("Origin") was successful  	[MsgId: MMSG-26392]
..\\Parameters\\GlobalActions.h(155): web_reg_find started  	[MsgId: MMSG-26355]
..\\Parameters\\GlobalActions.h(155): Registering web_reg_find was successful  	[MsgId: MMSG-26390]
..\\Parameters\\GlobalActions.h(158): web_submit_data("login.pl") started  	[MsgId: MMSG-26355]
..\\Parameters\\GlobalActions.h(158): Detected non-resource "http://localhost.com:1080/cgi-bin/nav.pl?page=menu&in=home" in "http://localhost.com:1080/cgi-bin/login.pl"  	[MsgId: MMSG-26574]
..\\Parameters\\GlobalActions.h(158): Detected non-resource "http://localhost.com:1080/cgi-bin/login.pl?intro=true" in "http://localhost.com:1080/cgi-bin/login.pl"  	[MsgId: MMSG-26574]
..\\Parameters\\GlobalActions.h(158): Found resource "http://localhost.com:1080/WebTours/images/flights.gif" in HTML "http://localhost.com:1080/cgi-bin/nav.pl?page=menu&in=home"  	[MsgId: MMSG-26659]
..\\Parameters\\GlobalActions.h(158): Found resource "http://localhost.com:1080/WebTours/images/itinerary.gif" in HTML "http://localhost.com:1080/cgi-bin/nav.pl?page=menu&in=home"  	[MsgId: MMSG-26659]
..\\Parameters\\GlobalActions.h(158): Found resource "http://localhost.com:1080/WebTours/images/in_home.gif" in HTML "http://localhost.com:1080/cgi-bin/nav.pl?page=menu&in=home"  	[MsgId: MMSG-26659]
..\\Parameters\\GlobalActions.h(158): Found resource "http://localhost.com:1080/WebTours/images/signoff.gif" in HTML "http://localhost.com:1080/cgi-bin/nav.pl?page=menu&in=home"  	[MsgId: MMSG-26659]
..\\Parameters\\GlobalActions.h(158): Registered web_reg_find successful for "Text=User password was correct" (count=1)  	[MsgId: MMSG-26364]
..\\Parameters\\GlobalActions.h(158): web_submit_data("login.pl") was successful, 5780 body bytes, 2048 header bytes, 36 chunking overhead bytes  	[MsgId: MMSG-26385]
..\\Parameters\\GlobalActions.h(175): Notify: Transaction "login" ended with a "Pass" status (Duration: 0,1932 Wasted Time: 0,0000).	[MsgId: MMSG-16871]
Action.c(12): lr_think_time: 5,00 seconds.	[MsgId: MMSG-15948]
..\\Parameters\\GlobalActions.h(539): Notify: Transaction "sign_off" started.	[MsgId: MMSG-16999]
..\\Parameters\\GlobalActions.h(541): web_reg_find started  	[MsgId: MMSG-26355]
..\\Parameters\\GlobalActions.h(541): Registering web_reg_find was successful  	[MsgId: MMSG-26390]
..\\Parameters\\GlobalActions.h(544): web_url("SignOff Button") started  	[MsgId: MMSG-26355]
..\\Parameters\\GlobalActions.h(544): Detected non-resource "http://localhost.com:1080/cgi-bin/nav.pl?in=home" in "http://localhost.com:1080/cgi-bin/welcome.pl?signOff=1"  	[MsgId: MMSG-26574]
..\\Parameters\\GlobalActions.h(544): Detected non-resource "http://localhost.com:1080/WebTours/home.html" in "http://localhost.com:1080/cgi-bin/welcome.pl?signOff=1"  	[MsgId: MMSG-26574]
..\\Parameters\\GlobalActions.h(544): Retrieving data from cache for "http://localhost.com:1080/WebTours/home.html"  	[MsgId: MMSG-26558]
Starting iteration 2.	[MsgId: MMSG-15968]
Starting action Action.	[MsgId: MMSG-15919]
Action.c(4): Notify: Transaction "UC_01_logining" started.	[MsgId: MMSG-16999]
..\\Parameters\\GlobalActions.h(11): Notify: Transaction "Main_page" started.	[MsgId: MMSG-16999]
..\\Parameters\\GlobalActions.h(13): web_add_auto_header("Upgrade-Insecure-Requests") started  	[MsgId: MMSG-26355]
..\\Parameters\\GlobalActions.h(13): web_add_auto_header("Upgrade-Insecure-Requests") was successful  	[MsgId: MMSG-26392]
..\\Parameters\\GlobalActions.h(30): web_reg_save_param started  	[MsgId: MMSG-26355]
..\\Parameters\\GlobalActions.h(30): Registering web_reg_save_param was successful  	[MsgId: MMSG-26390]
..\\Parameters\\GlobalActions.h(35): web_reg_find started  	[MsgId: MMSG-26355]
..\\Parameters\\GlobalActions.h(35): Registering web_reg_find was successful  	[MsgId: MMSG-26390]
..\\Parameters\\GlobalActions.h(38): web_url("welcome.pl") started  	[MsgId: MMSG-26355]
..\\Parameters\\GlobalActions.h(544): Resource "http://localhost.com:1080/WebTours/images/mer_login.gif" is in the cache already and will not be downloaded again  	[MsgId: MMSG-26655]
..\\Parameters\\GlobalActions.h(544): Registered web_reg_find successful for "Text=Web Tours" (count=5)  	[MsgId: MMSG-26364]
..\\Parameters\\GlobalActions.h(544): web_url("SignOff Button") was successful, 2174 body bytes, 584 header bytes, 24 chunking overhead bytes  	[MsgId: MMSG-26385]
..\\Parameters\\GlobalActions.h(554): Notify: Transaction "sign_off" ended with a "Pass" status (Duration: 0,0722 Wasted Time: 0,0000).	[MsgId: MMSG-16871]
Action.c(16): Notify: Transaction "UC_01_logining" ended with a "Pass" status (Duration: 10,4170 Think Time: 10,0130 Wasted Time: 0,0001).	[MsgId: MMSG-16870]
Ending action Action.	[MsgId: MMSG-15918]
Ending iteration 2.	[MsgId: MMSG-15965]
Waiting 169,5660 seconds for iteration pacing.	[MsgId: MMSG-15996]
..\\Parameters\\GlobalActions.h(38): Detected non-resource "http://localhost.com:1080/cgi-bin/nav.pl?in=home" in "http://localhost.com:1080/cgi-bin/welcome.pl?signOff=true"  	[MsgId: MMSG-26574]
..\\Parameters\\GlobalActions.h(38): Detected non-resource "http://localhost.com:1080/WebTours/home.html" in "http://localhost.com:1080/cgi-bin/welcome.pl?signOff=true"  	[MsgId: MMSG-26574]
..\\Parameters\\GlobalActions.h(38): Found resource "http://localhost.com:1080/WebTours/images/mer_login.gif" in HTML "http://localhost.com:1080/cgi-bin/nav.pl?in=home"  	[MsgId: MMSG-26659]
..\\Parameters\\GlobalActions.h(38): Registered web_reg_find successful for "Text=Web Tours" (count=5)  	[MsgId: MMSG-26364]
..\\Parameters\\GlobalActions.h(38): web_url("welcome.pl") was successful, 4214 body bytes, 1180 header bytes, 24 chunking overhead bytes  	[MsgId: MMSG-26385]
..\\Parameters\\GlobalActions.h(48): web_set_sockets_option started  	[MsgId: MMSG-26355]
..\\Parameters\\GlobalActions.h(48): web_set_sockets_option was successful  	[MsgId: MMSG-26392]
..\\Parameters\\GlobalActions.h(50): Notify: Transaction "Main_page" ended with a "Pass" status (Duration: 0,0777 Wasted Time: 0,0000).	[MsgId: MMSG-16871]
Action.c(8): lr_think_time: 5,00 seconds.	[MsgId: MMSG-15948]
