Virtual User Script started at: 11.09.2021 22:35:16	[MsgId: MMSG-15967]
Starting action vuser_init.	[MsgId: MMSG-15919]
Web Turbo Replay of LoadRunner 12.55.0 for Windows 10; build 911 (èþë 24 2017 19:46:00)  	[MsgId: MMSG-26983]
Run mode: HTML  	[MsgId: MMSG-26993]
Replay user agent: Mozilla/5.0 (Windows NT 10.0; Win64; x64) AppleWebKit/537.36 (KHTML, like Gecko) Chrome/92.0.4515.159 Safari/537.36  	[MsgId: MMSG-26988]
Run-Time Settings file: "C:\Users\Teft3\AppData\Local\Temp\lr5tmpdirrVI.756\lrcfg6R4.757\cfgvbf.772"  	[MsgId: MMSG-27141]
Ending action vuser_init.	[MsgId: MMSG-15918]
Running Vuser...	[MsgId: MMSG-15964]
Starting iteration 1.	[MsgId: MMSG-15968]
Maximum number of concurrent connections per server: 6  	[MsgId: MMSG-26989]
Starting action Action.	[MsgId: MMSG-15919]
Action.c(5): Notify: Transaction "UC_04_Delete_ticket" started.	[MsgId: MMSG-16999]
..\\Parameters\\GlobalActions.h(11): Notify: Transaction "Main_page" started.	[MsgId: MMSG-16999]
..\\Parameters\\GlobalActions.h(13): web_add_auto_header("Upgrade-Insecure-Requests") started  	[MsgId: MMSG-26355]
..\\Parameters\\GlobalActions.h(13): web_add_auto_header("Upgrade-Insecure-Requests") was successful  	[MsgId: MMSG-26392]
..\\Parameters\\GlobalActions.h(30): web_reg_save_param started  	[MsgId: MMSG-26355]
..\\Parameters\\GlobalActions.h(30): Registering web_reg_save_param was successful  	[MsgId: MMSG-26390]
..\\Parameters\\GlobalActions.h(35): web_reg_find started  	[MsgId: MMSG-26355]
..\\Parameters\\GlobalActions.h(35): Registering web_reg_find was successful  	[MsgId: MMSG-26390]
..\\Parameters\\GlobalActions.h(38): web_url("welcome.pl") started  	[MsgId: MMSG-26355]
..\\Parameters\\GlobalActions.h(38): Detected non-resource "http://localhost.com:1080/cgi-bin/nav.pl?in=home" in "http://localhost.com:1080/cgi-bin/welcome.pl?signOff=true"  	[MsgId: MMSG-26574]
..\\Parameters\\GlobalActions.h(38): Detected non-resource "http://localhost.com:1080/WebTours/home.html" in "http://localhost.com:1080/cgi-bin/welcome.pl?signOff=true"  	[MsgId: MMSG-26574]
..\\Parameters\\GlobalActions.h(38): Found resource "http://localhost.com:1080/WebTours/images/mer_login.gif" in HTML "http://localhost.com:1080/cgi-bin/nav.pl?in=home"  	[MsgId: MMSG-26659]
..\\Parameters\\GlobalActions.h(38): Registered web_reg_find successful for "Text=Web Tours" (count=5)  	[MsgId: MMSG-26364]
..\\Parameters\\GlobalActions.h(38): web_url("welcome.pl") was successful, 4214 body bytes, 1180 header bytes, 24 chunking overhead bytes  	[MsgId: MMSG-26385]
..\\Parameters\\GlobalActions.h(48): web_set_sockets_option started  	[MsgId: MMSG-26355]
..\\Parameters\\GlobalActions.h(48): web_set_sockets_option was successful  	[MsgId: MMSG-26392]
..\\Parameters\\GlobalActions.h(50): Notify: Transaction "Main_page" ended with a "Pass" status (Duration: 0,0904 Wasted Time: 0,0001).	[MsgId: MMSG-16871]
Action.c(9): lr_think_time: 6,00 seconds.	[MsgId: MMSG-15948]
..\\Parameters\\GlobalActions.h(150): Notify: Transaction "login" started.	[MsgId: MMSG-16999]
..\\Parameters\\GlobalActions.h(152): web_add_header("Origin") started  	[MsgId: MMSG-26355]
..\\Parameters\\GlobalActions.h(152): web_add_header("Origin") was successful  	[MsgId: MMSG-26392]
..\\Parameters\\GlobalActions.h(155): web_reg_find started  	[MsgId: MMSG-26355]
..\\Parameters\\GlobalActions.h(155): Registering web_reg_find was successful  	[MsgId: MMSG-26390]
..\\Parameters\\GlobalActions.h(158): web_submit_data("login.pl") started  	[MsgId: MMSG-26355]
..\\Parameters\\GlobalActions.h(158): Detected non-resource "http://localhost.com:1080/cgi-bin/nav.pl?page=menu&in=home" in "http://localhost.com:1080/cgi-bin/login.pl"  	[MsgId: MMSG-26574]
..\\Parameters\\GlobalActions.h(158): Detected non-resource "http://localhost.com:1080/cgi-bin/login.pl?intro=true" in "http://localhost.com:1080/cgi-bin/login.pl"  	[MsgId: MMSG-26574]
..\\Parameters\\GlobalActions.h(158): Found resource "http://localhost.com:1080/WebTours/images/flights.gif" in HTML "http://localhost.com:1080/cgi-bin/nav.pl?page=menu&in=home"  	[MsgId: MMSG-26659]
..\\Parameters\\GlobalActions.h(158): Found resource "http://localhost.com:1080/WebTours/images/itinerary.gif" in HTML "http://localhost.com:1080/cgi-bin/nav.pl?page=menu&in=home"  	[MsgId: MMSG-26659]
..\\Parameters\\GlobalActions.h(158): Found resource "http://localhost.com:1080/WebTours/images/in_home.gif" in HTML "http://localhost.com:1080/cgi-bin/nav.pl?page=menu&in=home"  	[MsgId: MMSG-26659]
..\\Parameters\\GlobalActions.h(158): Found resource "http://localhost.com:1080/WebTours/images/signoff.gif" in HTML "http://localhost.com:1080/cgi-bin/nav.pl?page=menu&in=home"  	[MsgId: MMSG-26659]
..\\Parameters\\GlobalActions.h(158): Registered web_reg_find successful for "Text=User password was correct" (count=1)  	[MsgId: MMSG-26364]
..\\Parameters\\GlobalActions.h(158): web_submit_data("login.pl") was successful, 5779 body bytes, 2035 header bytes, 36 chunking overhead bytes  	[MsgId: MMSG-26385]
..\\Parameters\\GlobalActions.h(175): Notify: Transaction "login" ended with a "Pass" status (Duration: 0,0892 Wasted Time: 0,0000).	[MsgId: MMSG-16871]
Action.c(13): lr_think_time: 6,00 seconds.	[MsgId: MMSG-15948]
..\\Parameters\\GlobalActions.h(190): Notify: Transaction "Itinerary" started.	[MsgId: MMSG-16999]
..\\Parameters\\GlobalActions.h(192): web_reg_find started  	[MsgId: MMSG-26355]
..\\Parameters\\GlobalActions.h(192): Registering web_reg_find was successful  	[MsgId: MMSG-26390]
..\\Parameters\\GlobalActions.h(195): web_reg_save_param started  	[MsgId: MMSG-26355]
..\\Parameters\\GlobalActions.h(195): Registering web_reg_save_param was successful  	[MsgId: MMSG-26390]
..\\Parameters\\GlobalActions.h(201): web_url("Itinerary Button") started  	[MsgId: MMSG-26355]
..\\Parameters\\GlobalActions.h(201): Detected non-resource "http://localhost.com:1080/cgi-bin/nav.pl?page=menu&in=itinerary" in "http://localhost.com:1080/cgi-bin/welcome.pl?page=itinerary"  	[MsgId: MMSG-26574]
..\\Parameters\\GlobalActions.h(201): Detected non-resource "http://localhost.com:1080/cgi-bin/itinerary.pl" in "http://localhost.com:1080/cgi-bin/welcome.pl?page=itinerary"  	[MsgId: MMSG-26574]
..\\Parameters\\GlobalActions.h(201): Resource "http://localhost.com:1080/WebTours/images/flights.gif" is in the cache already and will not be downloaded again  	[MsgId: MMSG-26655]
..\\Parameters\\GlobalActions.h(201): Found resource "http://localhost.com:1080/WebTours/images/in_itinerary.gif" in HTML "http://localhost.com:1080/cgi-bin/nav.pl?page=menu&in=itinerary"  	[MsgId: MMSG-26659]
..\\Parameters\\GlobalActions.h(201): Found resource "http://localhost.com:1080/WebTours/images/home.gif" in HTML "http://localhost.com:1080/cgi-bin/nav.pl?page=menu&in=itinerary"  	[MsgId: MMSG-26659]
..\\Parameters\\GlobalActions.h(201): Resource "http://localhost.com:1080/WebTours/images/signoff.gif" is in the cache already and will not be downloaded again  	[MsgId: MMSG-26655]
..\\Parameters\\GlobalActions.h(201): Found resource "http://localhost.com:1080/WebTours/images/cancelreservation.gif" in HTML "http://localhost.com:1080/cgi-bin/itinerary.pl"  	[MsgId: MMSG-26659]
..\\Parameters\\GlobalActions.h(201): Found resource "http://localhost.com:1080/WebTours/images/cancelallreservations.gif" in HTML "http://localhost.com:1080/cgi-bin/itinerary.pl"  	[MsgId: MMSG-26659]
..\\Parameters\\GlobalActions.h(201): Registered web_reg_find successful for "Text=Flights List" (count=1)  	[MsgId: MMSG-26364]
..\\Parameters\\GlobalActions.h(201): web_url("Itinerary Button") was successful, 146930 body bytes, 1917 header bytes, 307 chunking overhead bytes  	[MsgId: MMSG-26385]
..\\Parameters\\GlobalActions.h(211): Notify: Transaction "Itinerary" ended with a "Pass" status (Duration: 0,1156 Wasted Time: 0,0007).	[MsgId: MMSG-16871]
Action.c(17): lr_think_time: 6,00 seconds.	[MsgId: MMSG-15948]
..\\Parameters\\GlobalActions.h(228): Notify: Transaction "ChooseTicketForDelete" started.	[MsgId: MMSG-16999]
..\\Parameters\\GlobalActions.h(230): web_reg_find started  	[MsgId: MMSG-26355]
..\\Parameters\\GlobalActions.h(230): Registering web_reg_find was successful  	[MsgId: MMSG-26390]
..\\Parameters\\GlobalActions.h(233): web_add_header("Origin") started  	[MsgId: MMSG-26355]
..\\Parameters\\GlobalActions.h(233): web_add_header("Origin") was successful  	[MsgId: MMSG-26392]
..\\Parameters\\GlobalActions.h(237): web_submit_form("itinerary.pl") started  	[MsgId: MMSG-26355]
..\\Parameters\\GlobalActions.h(237): Submitting form to "http://localhost.com:1080/cgi-bin/itinerary.pl", Target Frame=""  	[MsgId: MMSG-27978]
..\\Parameters\\GlobalActions.h(237): Resource "http://localhost.com:1080/WebTours/images/cancelreservation.gif" is in the cache already and will not be downloaded again  	[MsgId: MMSG-26655]
..\\Parameters\\GlobalActions.h(237): Resource "http://localhost.com:1080/WebTours/images/cancelallreservations.gif" is in the cache already and will not be downloaded again  	[MsgId: MMSG-26655]
..\\Parameters\\GlobalActions.h(237): Registered web_reg_find successful for "Text=Flights List" (count=1)  	[MsgId: MMSG-26364]
..\\Parameters\\GlobalActions.h(237): web_submit_form("itinerary.pl") was successful, 140725 body bytes, 256 header bytes, 275 chunking overhead bytes  	[MsgId: MMSG-26385]
..\\Parameters\\GlobalActions.h(245): web_reg_find started  	[MsgId: MMSG-26355]
..\\Parameters\\GlobalActions.h(245): Registering web_reg_find was successful  	[MsgId: MMSG-26390]
..\\Parameters\\GlobalActions.h(249): Notify: Transaction "ChooseTicketForDelete" ended with a "Pass" status (Duration: 0,0566 Wasted Time: 0,0002).	[MsgId: MMSG-16871]
Action.c(21): lr_think_time: 6,00 seconds.	[MsgId: MMSG-15948]
..\\Parameters\\GlobalActions.h(539): Notify: Transaction "sign_off" started.	[MsgId: MMSG-16999]
..\\Parameters\\GlobalActions.h(541): web_reg_find started  	[MsgId: MMSG-26355]
..\\Parameters\\GlobalActions.h(541): Registering web_reg_find was successful  	[MsgId: MMSG-26390]
..\\Parameters\\GlobalActions.h(544): web_url("SignOff Button") started  	[MsgId: MMSG-26355]
..\\Parameters\\GlobalActions.h(544): Detected non-resource "http://localhost.com:1080/cgi-bin/nav.pl?in=home" in "http://localhost.com:1080/cgi-bin/welcome.pl?signOff=1"  	[MsgId: MMSG-26574]
..\\Parameters\\GlobalActions.h(544): Detected non-resource "http://localhost.com:1080/WebTours/home.html" in "http://localhost.com:1080/cgi-bin/welcome.pl?signOff=1"  	[MsgId: MMSG-26574]
..\\Parameters\\GlobalActions.h(544): Retrieving data from cache for "http://localhost.com:1080/WebTours/home.html"  	[MsgId: MMSG-26558]
..\\Parameters\\GlobalActions.h(544): Resource "http://localhost.com:1080/WebTours/images/mer_login.gif" is in the cache already and will not be downloaded again  	[MsgId: MMSG-26655]
..\\Parameters\\GlobalActions.h(544): Registered web_reg_find successful for "Text=3213125-7-jj"  	[MsgId: MMSG-26362]
..\\Parameters\\GlobalActions.h(544): Registered web_reg_find successful for "Text=Web Tours" (count=5)  	[MsgId: MMSG-26364]
..\\Parameters\\GlobalActions.h(544): web_url("SignOff Button") was successful, 2174 body bytes, 584 header bytes, 24 chunking overhead bytes  	[MsgId: MMSG-26385]
..\\Parameters\\GlobalActions.h(554): Notify: Transaction "sign_off" ended with a "Pass" status (Duration: 0,0651 Wasted Time: 0,0000).	[MsgId: MMSG-16871]
Action.c(25): Notify: Transaction "UC_04_Delete_ticket" ended with a "Pass" status (Duration: 24,4547 Think Time: 24,0371 Wasted Time: 0,0011).	[MsgId: MMSG-16870]
Ending action Action.	[MsgId: MMSG-15918]
Ending iteration 1.	[MsgId: MMSG-15965]
Waiting 23,5440 seconds for iteration pacing.	[MsgId: MMSG-15996]
Starting iteration 2.	[MsgId: MMSG-15968]
Starting action Action.	[MsgId: MMSG-15919]
Action.c(5): Notify: Transaction "UC_04_Delete_ticket" started.	[MsgId: MMSG-16999]
..\\Parameters\\GlobalActions.h(11): Notify: Transaction "Main_page" started.	[MsgId: MMSG-16999]
..\\Parameters\\GlobalActions.h(13): web_add_auto_header("Upgrade-Insecure-Requests") started  	[MsgId: MMSG-26355]
..\\Parameters\\GlobalActions.h(13): web_add_auto_header("Upgrade-Insecure-Requests") was successful  	[MsgId: MMSG-26392]
..\\Parameters\\GlobalActions.h(30): web_reg_save_param started  	[MsgId: MMSG-26355]
..\\Parameters\\GlobalActions.h(30): Registering web_reg_save_param was successful  	[MsgId: MMSG-26390]
..\\Parameters\\GlobalActions.h(35): web_reg_find started  	[MsgId: MMSG-26355]
..\\Parameters\\GlobalActions.h(35): Registering web_reg_find was successful  	[MsgId: MMSG-26390]
..\\Parameters\\GlobalActions.h(38): web_url("welcome.pl") started  	[MsgId: MMSG-26355]
..\\Parameters\\GlobalActions.h(38): Detected non-resource "http://localhost.com:1080/cgi-bin/nav.pl?in=home" in "http://localhost.com:1080/cgi-bin/welcome.pl?signOff=true"  	[MsgId: MMSG-26574]
..\\Parameters\\GlobalActions.h(38): Detected non-resource "http://localhost.com:1080/WebTours/home.html" in "http://localhost.com:1080/cgi-bin/welcome.pl?signOff=true"  	[MsgId: MMSG-26574]
..\\Parameters\\GlobalActions.h(38): Found resource "http://localhost.com:1080/WebTours/images/mer_login.gif" in HTML "http://localhost.com:1080/cgi-bin/nav.pl?in=home"  	[MsgId: MMSG-26659]
..\\Parameters\\GlobalActions.h(38): Registered web_reg_find successful for "Text=Web Tours" (count=5)  	[MsgId: MMSG-26364]
..\\Parameters\\GlobalActions.h(38): web_url("welcome.pl") was successful, 4214 body bytes, 1180 header bytes, 24 chunking overhead bytes  	[MsgId: MMSG-26385]
..\\Parameters\\GlobalActions.h(48): web_set_sockets_option started  	[MsgId: MMSG-26355]
..\\Parameters\\GlobalActions.h(48): web_set_sockets_option was successful  	[MsgId: MMSG-26392]
..\\Parameters\\GlobalActions.h(50): Notify: Transaction "Main_page" ended with a "Pass" status (Duration: 0,0906 Wasted Time: 0,0000).	[MsgId: MMSG-16871]
Action.c(9): lr_think_time: 6,00 seconds.	[MsgId: MMSG-15948]
..\\Parameters\\GlobalActions.h(150): Notify: Transaction "login" started.	[MsgId: MMSG-16999]
..\\Parameters\\GlobalActions.h(152): web_add_header("Origin") started  	[MsgId: MMSG-26355]
..\\Parameters\\GlobalActions.h(152): web_add_header("Origin") was successful  	[MsgId: MMSG-26392]
..\\Parameters\\GlobalActions.h(155): web_reg_find started  	[MsgId: MMSG-26355]
..\\Parameters\\GlobalActions.h(155): Registering web_reg_find was successful  	[MsgId: MMSG-26390]
..\\Parameters\\GlobalActions.h(158): web_submit_data("login.pl") started  	[MsgId: MMSG-26355]
..\\Parameters\\GlobalActions.h(158): Detected non-resource "http://localhost.com:1080/cgi-bin/nav.pl?page=menu&in=home" in "http://localhost.com:1080/cgi-bin/login.pl"  	[MsgId: MMSG-26574]
..\\Parameters\\GlobalActions.h(158): Detected non-resource "http://localhost.com:1080/cgi-bin/login.pl?intro=true" in "http://localhost.com:1080/cgi-bin/login.pl"  	[MsgId: MMSG-26574]
..\\Parameters\\GlobalActions.h(158): Found resource "http://localhost.com:1080/WebTours/images/flights.gif" in HTML "http://localhost.com:1080/cgi-bin/nav.pl?page=menu&in=home"  	[MsgId: MMSG-26659]
..\\Parameters\\GlobalActions.h(158): Found resource "http://localhost.com:1080/WebTours/images/itinerary.gif" in HTML "http://localhost.com:1080/cgi-bin/nav.pl?page=menu&in=home"  	[MsgId: MMSG-26659]
..\\Parameters\\GlobalActions.h(158): Found resource "http://localhost.com:1080/WebTours/images/in_home.gif" in HTML "http://localhost.com:1080/cgi-bin/nav.pl?page=menu&in=home"  	[MsgId: MMSG-26659]
..\\Parameters\\GlobalActions.h(158): Found resource "http://localhost.com:1080/WebTours/images/signoff.gif" in HTML "http://localhost.com:1080/cgi-bin/nav.pl?page=menu&in=home"  	[MsgId: MMSG-26659]
..\\Parameters\\GlobalActions.h(158): Registered web_reg_find successful for "Text=User password was correct" (count=1)  	[MsgId: MMSG-26364]
..\\Parameters\\GlobalActions.h(158): web_submit_data("login.pl") was successful, 5780 body bytes, 2048 header bytes, 36 chunking overhead bytes  	[MsgId: MMSG-26385]
..\\Parameters\\GlobalActions.h(175): Notify: Transaction "login" ended with a "Pass" status (Duration: 0,0904 Wasted Time: 0,0000).	[MsgId: MMSG-16871]
Action.c(13): lr_think_time: 6,00 seconds.	[MsgId: MMSG-15948]
..\\Parameters\\GlobalActions.h(190): Notify: Transaction "Itinerary" started.	[MsgId: MMSG-16999]
..\\Parameters\\GlobalActions.h(192): web_reg_find started  	[MsgId: MMSG-26355]
..\\Parameters\\GlobalActions.h(192): Registering web_reg_find was successful  	[MsgId: MMSG-26390]
..\\Parameters\\GlobalActions.h(195): web_reg_save_param started  	[MsgId: MMSG-26355]
..\\Parameters\\GlobalActions.h(195): Registering web_reg_save_param was successful  	[MsgId: MMSG-26390]
..\\Parameters\\GlobalActions.h(201): web_url("Itinerary Button") started  	[MsgId: MMSG-26355]
..\\Parameters\\GlobalActions.h(201): Detected non-resource "http://localhost.com:1080/cgi-bin/nav.pl?page=menu&in=itinerary" in "http://localhost.com:1080/cgi-bin/welcome.pl?page=itinerary"  	[MsgId: MMSG-26574]
..\\Parameters\\GlobalActions.h(201): Detected non-resource "http://localhost.com:1080/cgi-bin/itinerary.pl" in "http://localhost.com:1080/cgi-bin/welcome.pl?page=itinerary"  	[MsgId: MMSG-26574]
..\\Parameters\\GlobalActions.h(201): Resource "http://localhost.com:1080/WebTours/images/flights.gif" is in the cache already and will not be downloaded again  	[MsgId: MMSG-26655]
..\\Parameters\\GlobalActions.h(201): Found resource "http://localhost.com:1080/WebTours/images/in_itinerary.gif" in HTML "http://localhost.com:1080/cgi-bin/nav.pl?page=menu&in=itinerary"  	[MsgId: MMSG-26659]
..\\Parameters\\GlobalActions.h(201): Found resource "http://localhost.com:1080/WebTours/images/home.gif" in HTML "http://localhost.com:1080/cgi-bin/nav.pl?page=menu&in=itinerary"  	[MsgId: MMSG-26659]
..\\Parameters\\GlobalActions.h(201): Resource "http://localhost.com:1080/WebTours/images/signoff.gif" is in the cache already and will not be downloaded again  	[MsgId: MMSG-26655]
..\\Parameters\\GlobalActions.h(201): Found resource "http://localhost.com:1080/WebTours/images/cancelreservation.gif" in HTML "http://localhost.com:1080/cgi-bin/itinerary.pl"  	[MsgId: MMSG-26659]
..\\Parameters\\GlobalActions.h(201): Found resource "http://localhost.com:1080/WebTours/images/cancelallreservations.gif" in HTML "http://localhost.com:1080/cgi-bin/itinerary.pl"  	[MsgId: MMSG-26659]
..\\Parameters\\GlobalActions.h(201): Registered web_reg_find successful for "Text=Flights List" (count=1)  	[MsgId: MMSG-26364]
..\\Parameters\\GlobalActions.h(201): web_url("Itinerary Button") was successful, 116360 body bytes, 1917 header bytes, 243 chunking overhead bytes  	[MsgId: MMSG-26385]
..\\Parameters\\GlobalActions.h(211): Notify: Transaction "Itinerary" ended with a "Pass" status (Duration: 0,1156 Wasted Time: 0,0006).	[MsgId: MMSG-16871]
Action.c(17): lr_think_time: 6,00 seconds.	[MsgId: MMSG-15948]
..\\Parameters\\GlobalActions.h(228): Notify: Transaction "ChooseTicketForDelete" started.	[MsgId: MMSG-16999]
..\\Parameters\\GlobalActions.h(230): web_reg_find started  	[MsgId: MMSG-26355]
..\\Parameters\\GlobalActions.h(230): Registering web_reg_find was successful  	[MsgId: MMSG-26390]
..\\Parameters\\GlobalActions.h(233): web_add_header("Origin") started  	[MsgId: MMSG-26355]
..\\Parameters\\GlobalActions.h(233): web_add_header("Origin") was successful  	[MsgId: MMSG-26392]
..\\Parameters\\GlobalActions.h(237): web_submit_form("itinerary.pl") started  	[MsgId: MMSG-26355]
..\\Parameters\\GlobalActions.h(237): Submitting form to "http://localhost.com:1080/cgi-bin/itinerary.pl", Target Frame=""  	[MsgId: MMSG-27978]
..\\Parameters\\GlobalActions.h(237): Registered web_reg_find successful for "Text=Flights List" (count=1)  	[MsgId: MMSG-26364]
..\\Parameters\\GlobalActions.h(237): web_submit_form("itinerary.pl") was successful, 932 body bytes, 256 header bytes, 12 chunking overhead bytes  	[MsgId: MMSG-26385]
..\\Parameters\\GlobalActions.h(245): web_reg_find started  	[MsgId: MMSG-26355]
..\\Parameters\\GlobalActions.h(245): Registering web_reg_find was successful  	[MsgId: MMSG-26390]
..\\Parameters\\GlobalActions.h(249): Notify: Transaction "ChooseTicketForDelete" ended with a "Pass" status (Duration: 0,0406 Wasted Time: 0,0000).	[MsgId: MMSG-16871]
Action.c(21): lr_think_time: 6,00 seconds.	[MsgId: MMSG-15948]
..\\Parameters\\GlobalActions.h(539): Notify: Transaction "sign_off" started.	[MsgId: MMSG-16999]
..\\Parameters\\GlobalActions.h(541): web_reg_find started  	[MsgId: MMSG-26355]
..\\Parameters\\GlobalActions.h(541): Registering web_reg_find was successful  	[MsgId: MMSG-26390]
..\\Parameters\\GlobalActions.h(544): web_url("SignOff Button") started  	[MsgId: MMSG-26355]
..\\Parameters\\GlobalActions.h(544): Detected non-resource "http://localhost.com:1080/cgi-bin/nav.pl?in=home" in "http://localhost.com:1080/cgi-bin/welcome.pl?signOff=1"  	[MsgId: MMSG-26574]
..\\Parameters\\GlobalActions.h(544): Detected non-resource "http://localhost.com:1080/WebTours/home.html" in "http://localhost.com:1080/cgi-bin/welcome.pl?signOff=1"  	[MsgId: MMSG-26574]
..\\Parameters\\GlobalActions.h(544): Retrieving data from cache for "http://localhost.com:1080/WebTours/home.html"  	[MsgId: MMSG-26558]
..\\Parameters\\GlobalActions.h(544): Resource "http://localhost.com:1080/WebTours/images/mer_login.gif" is in the cache already and will not be downloaded again  	[MsgId: MMSG-26655]
..\\Parameters\\GlobalActions.h(544): Registered web_reg_find successful for "Text=26687-812-mm"  	[MsgId: MMSG-26362]
..\\Parameters\\GlobalActions.h(544): Registered web_reg_find successful for "Text=Web Tours" (count=5)  	[MsgId: MMSG-26364]
..\\Parameters\\GlobalActions.h(544): web_url("SignOff Button") was successful, 2174 body bytes, 584 header bytes, 24 chunking overhead bytes  	[MsgId: MMSG-26385]
..\\Parameters\\GlobalActions.h(554): Notify: Transaction "sign_off" ended with a "Pass" status (Duration: 0,0664 Wasted Time: 0,0000).	[MsgId: MMSG-16871]
Action.c(25): Notify: Transaction "UC_04_Delete_ticket" ended with a "Pass" status (Duration: 24,4360 Think Time: 24,0315 Wasted Time: 0,0007).	[MsgId: MMSG-16870]
Ending action Action.	[MsgId: MMSG-15918]
Ending iteration 2.	[MsgId: MMSG-15965]
Waiting 23,5640 seconds for iteration pacing.	[MsgId: MMSG-15996]
Starting iteration 3.	[MsgId: MMSG-15968]
Starting action Action.	[MsgId: MMSG-15919]
Action.c(5): Notify: Transaction "UC_04_Delete_ticket" started.	[MsgId: MMSG-16999]
..\\Parameters\\GlobalActions.h(11): Notify: Transaction "Main_page" started.	[MsgId: MMSG-16999]
..\\Parameters\\GlobalActions.h(13): web_add_auto_header("Upgrade-Insecure-Requests") started  	[MsgId: MMSG-26355]
..\\Parameters\\GlobalActions.h(13): web_add_auto_header("Upgrade-Insecure-Requests") was successful  	[MsgId: MMSG-26392]
..\\Parameters\\GlobalActions.h(30): web_reg_save_param started  	[MsgId: MMSG-26355]
..\\Parameters\\GlobalActions.h(30): Registering web_reg_save_param was successful  	[MsgId: MMSG-26390]
..\\Parameters\\GlobalActions.h(35): web_reg_find started  	[MsgId: MMSG-26355]
..\\Parameters\\GlobalActions.h(35): Registering web_reg_find was successful  	[MsgId: MMSG-26390]
..\\Parameters\\GlobalActions.h(38): web_url("welcome.pl") started  	[MsgId: MMSG-26355]
..\\Parameters\\GlobalActions.h(38): Detected non-resource "http://localhost.com:1080/cgi-bin/nav.pl?in=home" in "http://localhost.com:1080/cgi-bin/welcome.pl?signOff=true"  	[MsgId: MMSG-26574]
..\\Parameters\\GlobalActions.h(38): Detected non-resource "http://localhost.com:1080/WebTours/home.html" in "http://localhost.com:1080/cgi-bin/welcome.pl?signOff=true"  	[MsgId: MMSG-26574]
..\\Parameters\\GlobalActions.h(38): Found resource "http://localhost.com:1080/WebTours/images/mer_login.gif" in HTML "http://localhost.com:1080/cgi-bin/nav.pl?in=home"  	[MsgId: MMSG-26659]
..\\Parameters\\GlobalActions.h(38): Registered web_reg_find successful for "Text=Web Tours" (count=5)  	[MsgId: MMSG-26364]
..\\Parameters\\GlobalActions.h(38): web_url("welcome.pl") was successful, 4214 body bytes, 1180 header bytes, 24 chunking overhead bytes  	[MsgId: MMSG-26385]
..\\Parameters\\GlobalActions.h(48): web_set_sockets_option started  	[MsgId: MMSG-26355]
..\\Parameters\\GlobalActions.h(48): web_set_sockets_option was successful  	[MsgId: MMSG-26392]
..\\Parameters\\GlobalActions.h(50): Notify: Transaction "Main_page" ended with a "Pass" status (Duration: 0,0908 Wasted Time: 0,0000).	[MsgId: MMSG-16871]
Action.c(9): lr_think_time: 6,00 seconds.	[MsgId: MMSG-15948]
..\\Parameters\\GlobalActions.h(150): Notify: Transaction "login" started.	[MsgId: MMSG-16999]
..\\Parameters\\GlobalActions.h(152): web_add_header("Origin") started  	[MsgId: MMSG-26355]
..\\Parameters\\GlobalActions.h(152): web_add_header("Origin") was successful  	[MsgId: MMSG-26392]
..\\Parameters\\GlobalActions.h(155): web_reg_find started  	[MsgId: MMSG-26355]
..\\Parameters\\GlobalActions.h(155): Registering web_reg_find was successful  	[MsgId: MMSG-26390]
..\\Parameters\\GlobalActions.h(158): web_submit_data("login.pl") started  	[MsgId: MMSG-26355]
..\\Parameters\\GlobalActions.h(158): Detected non-resource "http://localhost.com:1080/cgi-bin/nav.pl?page=menu&in=home" in "http://localhost.com:1080/cgi-bin/login.pl"  	[MsgId: MMSG-26574]
..\\Parameters\\GlobalActions.h(158): Detected non-resource "http://localhost.com:1080/cgi-bin/login.pl?intro=true" in "http://localhost.com:1080/cgi-bin/login.pl"  	[MsgId: MMSG-26574]
..\\Parameters\\GlobalActions.h(158): Found resource "http://localhost.com:1080/WebTours/images/flights.gif" in HTML "http://localhost.com:1080/cgi-bin/nav.pl?page=menu&in=home"  	[MsgId: MMSG-26659]
..\\Parameters\\GlobalActions.h(158): Found resource "http://localhost.com:1080/WebTours/images/itinerary.gif" in HTML "http://localhost.com:1080/cgi-bin/nav.pl?page=menu&in=home"  	[MsgId: MMSG-26659]
..\\Parameters\\GlobalActions.h(158): Found resource "http://localhost.com:1080/WebTours/images/in_home.gif" in HTML "http://localhost.com:1080/cgi-bin/nav.pl?page=menu&in=home"  	[MsgId: MMSG-26659]
..\\Parameters\\GlobalActions.h(158): Found resource "http://localhost.com:1080/WebTours/images/signoff.gif" in HTML "http://localhost.com:1080/cgi-bin/nav.pl?page=menu&in=home"  	[MsgId: MMSG-26659]
..\\Parameters\\GlobalActions.h(158): Registered web_reg_find successful for "Text=User password was correct" (count=1)  	[MsgId: MMSG-26364]
..\\Parameters\\GlobalActions.h(158): web_submit_data("login.pl") was successful, 5779 body bytes, 2047 header bytes, 36 chunking overhead bytes  	[MsgId: MMSG-26385]
..\\Parameters\\GlobalActions.h(175): Notify: Transaction "login" ended with a "Pass" status (Duration: 0,0908 Wasted Time: 0,0000).	[MsgId: MMSG-16871]
Action.c(13): lr_think_time: 6,00 seconds.	[MsgId: MMSG-15948]
..\\Parameters\\GlobalActions.h(190): Notify: Transaction "Itinerary" started.	[MsgId: MMSG-16999]
..\\Parameters\\GlobalActions.h(192): web_reg_find started  	[MsgId: MMSG-26355]
..\\Parameters\\GlobalActions.h(192): Registering web_reg_find was successful  	[MsgId: MMSG-26390]
..\\Parameters\\GlobalActions.h(195): web_reg_save_param started  	[MsgId: MMSG-26355]
..\\Parameters\\GlobalActions.h(195): Registering web_reg_save_param was successful  	[MsgId: MMSG-26390]
..\\Parameters\\GlobalActions.h(201): web_url("Itinerary Button") started  	[MsgId: MMSG-26355]
..\\Parameters\\GlobalActions.h(201): Detected non-resource "http://localhost.com:1080/cgi-bin/nav.pl?page=menu&in=itinerary" in "http://localhost.com:1080/cgi-bin/welcome.pl?page=itinerary"  	[MsgId: MMSG-26574]
..\\Parameters\\GlobalActions.h(201): Detected non-resource "http://localhost.com:1080/cgi-bin/itinerary.pl" in "http://localhost.com:1080/cgi-bin/welcome.pl?page=itinerary"  	[MsgId: MMSG-26574]
..\\Parameters\\GlobalActions.h(201): Resource "http://localhost.com:1080/WebTours/images/flights.gif" is in the cache already and will not be downloaded again  	[MsgId: MMSG-26655]
..\\Parameters\\GlobalActions.h(201): Found resource "http://localhost.com:1080/WebTours/images/in_itinerary.gif" in HTML "http://localhost.com:1080/cgi-bin/nav.pl?page=menu&in=itinerary"  	[MsgId: MMSG-26659]
..\\Parameters\\GlobalActions.h(201): Found resource "http://localhost.com:1080/WebTours/images/home.gif" in HTML "http://localhost.com:1080/cgi-bin/nav.pl?page=menu&in=itinerary"  	[MsgId: MMSG-26659]
..\\Parameters\\GlobalActions.h(201): Resource "http://localhost.com:1080/WebTours/images/signoff.gif" is in the cache already and will not be downloaded again  	[MsgId: MMSG-26655]
..\\Parameters\\GlobalActions.h(201): Found resource "http://localhost.com:1080/WebTours/images/cancelreservation.gif" in HTML "http://localhost.com:1080/cgi-bin/itinerary.pl"  	[MsgId: MMSG-26659]
..\\Parameters\\GlobalActions.h(201): Found resource "http://localhost.com:1080/WebTours/images/cancelallreservations.gif" in HTML "http://localhost.com:1080/cgi-bin/itinerary.pl"  	[MsgId: MMSG-26659]
..\\Parameters\\GlobalActions.h(201): Registered web_reg_find successful for "Text=Flights List" (count=1)  	[MsgId: MMSG-26364]
..\\Parameters\\GlobalActions.h(201): web_url("Itinerary Button") was successful, 143444 body bytes, 1917 header bytes, 299 chunking overhead bytes  	[MsgId: MMSG-26385]
..\\Parameters\\GlobalActions.h(211): Notify: Transaction "Itinerary" ended with a "Pass" status (Duration: 0,1184 Wasted Time: 0,0007).	[MsgId: MMSG-16871]
Action.c(17): lr_think_time: 6,00 seconds.	[MsgId: MMSG-15948]
..\\Parameters\\GlobalActions.h(228): Notify: Transaction "ChooseTicketForDelete" started.	[MsgId: MMSG-16999]
..\\Parameters\\GlobalActions.h(230): web_reg_find started  	[MsgId: MMSG-26355]
..\\Parameters\\GlobalActions.h(230): Registering web_reg_find was successful  	[MsgId: MMSG-26390]
..\\Parameters\\GlobalActions.h(233): web_add_header("Origin") started  	[MsgId: MMSG-26355]
..\\Parameters\\GlobalActions.h(233): web_add_header("Origin") was successful  	[MsgId: MMSG-26392]
..\\Parameters\\GlobalActions.h(237): web_submit_form("itinerary.pl") started  	[MsgId: MMSG-26355]
..\\Parameters\\GlobalActions.h(237): Submitting form to "http://localhost.com:1080/cgi-bin/itinerary.pl", Target Frame=""  	[MsgId: MMSG-27978]
..\\Parameters\\GlobalActions.h(237): Resource "http://localhost.com:1080/WebTours/images/cancelreservation.gif" is in the cache already and will not be downloaded again  	[MsgId: MMSG-26655]
..\\Parameters\\GlobalActions.h(237): Resource "http://localhost.com:1080/WebTours/images/cancelallreservations.gif" is in the cache already and will not be downloaded again  	[MsgId: MMSG-26655]
..\\Parameters\\GlobalActions.h(237): Registered web_reg_find successful for "Text=Flights List" (count=1)  	[MsgId: MMSG-26364]
..\\Parameters\\GlobalActions.h(237): web_submit_form("itinerary.pl") was successful, 137239 body bytes, 256 header bytes, 267 chunking overhead bytes  	[MsgId: MMSG-26385]
..\\Parameters\\GlobalActions.h(245): web_reg_find started  	[MsgId: MMSG-26355]
..\\Parameters\\GlobalActions.h(245): Registering web_reg_find was successful  	[MsgId: MMSG-26390]
..\\Parameters\\GlobalActions.h(249): Notify: Transaction "ChooseTicketForDelete" ended with a "Pass" status (Duration: 0,0547 Wasted Time: 0,0002).	[MsgId: MMSG-16871]
Action.c(21): lr_think_time: 6,00 seconds.	[MsgId: MMSG-15948]
..\\Parameters\\GlobalActions.h(539): Notify: Transaction "sign_off" started.	[MsgId: MMSG-16999]
..\\Parameters\\GlobalActions.h(541): web_reg_find started  	[MsgId: MMSG-26355]
..\\Parameters\\GlobalActions.h(541): Registering web_reg_find was successful  	[MsgId: MMSG-26390]
..\\Parameters\\GlobalActions.h(544): web_url("SignOff Button") started  	[MsgId: MMSG-26355]
..\\Parameters\\GlobalActions.h(544): Detected non-resource "http://localhost.com:1080/cgi-bin/nav.pl?in=home" in "http://localhost.com:1080/cgi-bin/welcome.pl?signOff=1"  	[MsgId: MMSG-26574]
..\\Parameters\\GlobalActions.h(544): Detected non-resource "http://localhost.com:1080/WebTours/home.html" in "http://localhost.com:1080/cgi-bin/welcome.pl?signOff=1"  	[MsgId: MMSG-26574]
..\\Parameters\\GlobalActions.h(544): Retrieving data from cache for "http://localhost.com:1080/WebTours/home.html"  	[MsgId: MMSG-26558]
..\\Parameters\\GlobalActions.h(544): Resource "http://localhost.com:1080/WebTours/images/mer_login.gif" is in the cache already and will not be downloaded again  	[MsgId: MMSG-26655]
..\\Parameters\\GlobalActions.h(544): Registered web_reg_find successful for "Text=0-7-kk"  	[MsgId: MMSG-26362]
..\\Parameters\\GlobalActions.h(544): Registered web_reg_find successful for "Text=Web Tours" (count=5)  	[MsgId: MMSG-26364]
..\\Parameters\\GlobalActions.h(544): web_url("SignOff Button") was successful, 2174 body bytes, 584 header bytes, 24 chunking overhead bytes  	[MsgId: MMSG-26385]
..\\Parameters\\GlobalActions.h(554): Notify: Transaction "sign_off" ended with a "Pass" status (Duration: 0,0657 Wasted Time: 0,0000).	[MsgId: MMSG-16871]
Action.c(25): Notify: Transaction "UC_04_Delete_ticket" ended with a "Pass" status (Duration: 24,4561 Think Time: 24,0349 Wasted Time: 0,0010).	[MsgId: MMSG-16870]
Ending action Action.	[MsgId: MMSG-15918]
Ending iteration 3.	[MsgId: MMSG-15965]
Waiting 23,5430 seconds for iteration pacing.	[MsgId: MMSG-15996]
Starting iteration 4.	[MsgId: MMSG-15968]
Starting action Action.	[MsgId: MMSG-15919]
Action.c(5): Notify: Transaction "UC_04_Delete_ticket" started.	[MsgId: MMSG-16999]
..\\Parameters\\GlobalActions.h(11): Notify: Transaction "Main_page" started.	[MsgId: MMSG-16999]
..\\Parameters\\GlobalActions.h(13): web_add_auto_header("Upgrade-Insecure-Requests") started  	[MsgId: MMSG-26355]
..\\Parameters\\GlobalActions.h(13): web_add_auto_header("Upgrade-Insecure-Requests") was successful  	[MsgId: MMSG-26392]
..\\Parameters\\GlobalActions.h(30): web_reg_save_param started  	[MsgId: MMSG-26355]
..\\Parameters\\GlobalActions.h(30): Registering web_reg_save_param was successful  	[MsgId: MMSG-26390]
..\\Parameters\\GlobalActions.h(35): web_reg_find started  	[MsgId: MMSG-26355]
..\\Parameters\\GlobalActions.h(35): Registering web_reg_find was successful  	[MsgId: MMSG-26390]
..\\Parameters\\GlobalActions.h(38): web_url("welcome.pl") started  	[MsgId: MMSG-26355]
..\\Parameters\\GlobalActions.h(38): Detected non-resource "http://localhost.com:1080/cgi-bin/nav.pl?in=home" in "http://localhost.com:1080/cgi-bin/welcome.pl?signOff=true"  	[MsgId: MMSG-26574]
..\\Parameters\\GlobalActions.h(38): Detected non-resource "http://localhost.com:1080/WebTours/home.html" in "http://localhost.com:1080/cgi-bin/welcome.pl?signOff=true"  	[MsgId: MMSG-26574]
..\\Parameters\\GlobalActions.h(38): Found resource "http://localhost.com:1080/WebTours/images/mer_login.gif" in HTML "http://localhost.com:1080/cgi-bin/nav.pl?in=home"  	[MsgId: MMSG-26659]
..\\Parameters\\GlobalActions.h(38): Registered web_reg_find successful for "Text=Web Tours" (count=5)  	[MsgId: MMSG-26364]
..\\Parameters\\GlobalActions.h(38): web_url("welcome.pl") was successful, 4214 body bytes, 1180 header bytes, 24 chunking overhead bytes  	[MsgId: MMSG-26385]
..\\Parameters\\GlobalActions.h(48): web_set_sockets_option started  	[MsgId: MMSG-26355]
..\\Parameters\\GlobalActions.h(48): web_set_sockets_option was successful  	[MsgId: MMSG-26392]
..\\Parameters\\GlobalActions.h(50): Notify: Transaction "Main_page" ended with a "Pass" status (Duration: 0,0719 Wasted Time: 0,0000).	[MsgId: MMSG-16871]
Action.c(9): lr_think_time: 6,00 seconds.	[MsgId: MMSG-15948]
..\\Parameters\\GlobalActions.h(150): Notify: Transaction "login" started.	[MsgId: MMSG-16999]
..\\Parameters\\GlobalActions.h(152): web_add_header("Origin") started  	[MsgId: MMSG-26355]
..\\Parameters\\GlobalActions.h(152): web_add_header("Origin") was successful  	[MsgId: MMSG-26392]
..\\Parameters\\GlobalActions.h(155): web_reg_find started  	[MsgId: MMSG-26355]
..\\Parameters\\GlobalActions.h(155): Registering web_reg_find was successful  	[MsgId: MMSG-26390]
..\\Parameters\\GlobalActions.h(158): web_submit_data("login.pl") started  	[MsgId: MMSG-26355]
..\\Parameters\\GlobalActions.h(158): Detected non-resource "http://localhost.com:1080/cgi-bin/nav.pl?page=menu&in=home" in "http://localhost.com:1080/cgi-bin/login.pl"  	[MsgId: MMSG-26574]
..\\Parameters\\GlobalActions.h(158): Detected non-resource "http://localhost.com:1080/cgi-bin/login.pl?intro=true" in "http://localhost.com:1080/cgi-bin/login.pl"  	[MsgId: MMSG-26574]
..\\Parameters\\GlobalActions.h(158): Found resource "http://localhost.com:1080/WebTours/images/flights.gif" in HTML "http://localhost.com:1080/cgi-bin/nav.pl?page=menu&in=home"  	[MsgId: MMSG-26659]
..\\Parameters\\GlobalActions.h(158): Found resource "http://localhost.com:1080/WebTours/images/itinerary.gif" in HTML "http://localhost.com:1080/cgi-bin/nav.pl?page=menu&in=home"  	[MsgId: MMSG-26659]
..\\Parameters\\GlobalActions.h(158): Found resource "http://localhost.com:1080/WebTours/images/in_home.gif" in HTML "http://localhost.com:1080/cgi-bin/nav.pl?page=menu&in=home"  	[MsgId: MMSG-26659]
..\\Parameters\\GlobalActions.h(158): Found resource "http://localhost.com:1080/WebTours/images/signoff.gif" in HTML "http://localhost.com:1080/cgi-bin/nav.pl?page=menu&in=home"  	[MsgId: MMSG-26659]
..\\Parameters\\GlobalActions.h(158): Registered web_reg_find successful for "Text=User password was correct" (count=1)  	[MsgId: MMSG-26364]
..\\Parameters\\GlobalActions.h(158): web_submit_data("login.pl") was successful, 5779 body bytes, 2047 header bytes, 36 chunking overhead bytes  	[MsgId: MMSG-26385]
..\\Parameters\\GlobalActions.h(175): Notify: Transaction "login" ended with a "Pass" status (Duration: 0,0907 Wasted Time: 0,0000).	[MsgId: MMSG-16871]
Action.c(13): lr_think_time: 6,00 seconds.	[MsgId: MMSG-15948]
..\\Parameters\\GlobalActions.h(190): Notify: Transaction "Itinerary" started.	[MsgId: MMSG-16999]
..\\Parameters\\GlobalActions.h(192): web_reg_find started  	[MsgId: MMSG-26355]
..\\Parameters\\GlobalActions.h(192): Registering web_reg_find was successful  	[MsgId: MMSG-26390]
..\\Parameters\\GlobalActions.h(195): web_reg_save_param started  	[MsgId: MMSG-26355]
..\\Parameters\\GlobalActions.h(195): Registering web_reg_save_param was successful  	[MsgId: MMSG-26390]
..\\Parameters\\GlobalActions.h(201): web_url("Itinerary Button") started  	[MsgId: MMSG-26355]
..\\Parameters\\GlobalActions.h(201): Detected non-resource "http://localhost.com:1080/cgi-bin/nav.pl?page=menu&in=itinerary" in "http://localhost.com:1080/cgi-bin/welcome.pl?page=itinerary"  	[MsgId: MMSG-26574]
..\\Parameters\\GlobalActions.h(201): Detected non-resource "http://localhost.com:1080/cgi-bin/itinerary.pl" in "http://localhost.com:1080/cgi-bin/welcome.pl?page=itinerary"  	[MsgId: MMSG-26574]
..\\Parameters\\GlobalActions.h(201): Resource "http://localhost.com:1080/WebTours/images/flights.gif" is in the cache already and will not be downloaded again  	[MsgId: MMSG-26655]
..\\Parameters\\GlobalActions.h(201): Found resource "http://localhost.com:1080/WebTours/images/in_itinerary.gif" in HTML "http://localhost.com:1080/cgi-bin/nav.pl?page=menu&in=itinerary"  	[MsgId: MMSG-26659]
..\\Parameters\\GlobalActions.h(201): Found resource "http://localhost.com:1080/WebTours/images/home.gif" in HTML "http://localhost.com:1080/cgi-bin/nav.pl?page=menu&in=itinerary"  	[MsgId: MMSG-26659]
..\\Parameters\\GlobalActions.h(201): Resource "http://localhost.com:1080/WebTours/images/signoff.gif" is in the cache already and will not be downloaded again  	[MsgId: MMSG-26655]
..\\Parameters\\GlobalActions.h(201): Found resource "http://localhost.com:1080/WebTours/images/cancelreservation.gif" in HTML "http://localhost.com:1080/cgi-bin/itinerary.pl"  	[MsgId: MMSG-26659]
..\\Parameters\\GlobalActions.h(201): Found resource "http://localhost.com:1080/WebTours/images/cancelallreservations.gif" in HTML "http://localhost.com:1080/cgi-bin/itinerary.pl"  	[MsgId: MMSG-26659]
..\\Parameters\\GlobalActions.h(201): Registered web_reg_find successful for "Text=Flights List" (count=1)  	[MsgId: MMSG-26364]
..\\Parameters\\GlobalActions.h(201): web_url("Itinerary Button") was successful, 134490 body bytes, 1917 header bytes, 283 chunking overhead bytes  	[MsgId: MMSG-26385]
..\\Parameters\\GlobalActions.h(211): Notify: Transaction "Itinerary" ended with a "Pass" status (Duration: 0,1395 Wasted Time: 0,0007).	[MsgId: MMSG-16871]
Action.c(17): lr_think_time: 6,00 seconds.	[MsgId: MMSG-15948]
..\\Parameters\\GlobalActions.h(228): Notify: Transaction "ChooseTicketForDelete" started.	[MsgId: MMSG-16999]
..\\Parameters\\GlobalActions.h(230): web_reg_find started  	[MsgId: MMSG-26355]
..\\Parameters\\GlobalActions.h(230): Registering web_reg_find was successful  	[MsgId: MMSG-26390]
..\\Parameters\\GlobalActions.h(233): web_add_header("Origin") started  	[MsgId: MMSG-26355]
..\\Parameters\\GlobalActions.h(233): web_add_header("Origin") was successful  	[MsgId: MMSG-26392]
..\\Parameters\\GlobalActions.h(237): web_submit_form("itinerary.pl") started  	[MsgId: MMSG-26355]
..\\Parameters\\GlobalActions.h(237): Submitting form to "http://localhost.com:1080/cgi-bin/itinerary.pl", Target Frame=""  	[MsgId: MMSG-27978]
..\\Parameters\\GlobalActions.h(237): Resource "http://localhost.com:1080/WebTours/images/cancelreservation.gif" is in the cache already and will not be downloaded again  	[MsgId: MMSG-26655]
..\\Parameters\\GlobalActions.h(237): Resource "http://localhost.com:1080/WebTours/images/cancelallreservations.gif" is in the cache already and will not be downloaded again  	[MsgId: MMSG-26655]
..\\Parameters\\GlobalActions.h(237): Registered web_reg_find successful for "Text=Flights List" (count=1)  	[MsgId: MMSG-26364]
..\\Parameters\\GlobalActions.h(237): web_submit_form("itinerary.pl") was successful, 128284 body bytes, 256 header bytes, 251 chunking overhead bytes  	[MsgId: MMSG-26385]
..\\Parameters\\GlobalActions.h(245): web_reg_find started  	[MsgId: MMSG-26355]
..\\Parameters\\GlobalActions.h(245): Registering web_reg_find was successful  	[MsgId: MMSG-26390]
..\\Parameters\\GlobalActions.h(249): Notify: Transaction "ChooseTicketForDelete" ended with a "Pass" status (Duration: 0,0544 Wasted Time: 0,0002).	[MsgId: MMSG-16871]
Action.c(21): lr_think_time: 6,00 seconds.	[MsgId: MMSG-15948]
..\\Parameters\\GlobalActions.h(539): Notify: Transaction "sign_off" started.	[MsgId: MMSG-16999]
..\\Parameters\\GlobalActions.h(541): web_reg_find started  	[MsgId: MMSG-26355]
..\\Parameters\\GlobalActions.h(541): Registering web_reg_find was successful  	[MsgId: MMSG-26390]
..\\Parameters\\GlobalActions.h(544): web_url("SignOff Button") started  	[MsgId: MMSG-26355]
..\\Parameters\\GlobalActions.h(544): Detected non-resource "http://localhost.com:1080/cgi-bin/nav.pl?in=home" in "http://localhost.com:1080/cgi-bin/welcome.pl?signOff=1"  	[MsgId: MMSG-26574]
..\\Parameters\\GlobalActions.h(544): Detected non-resource "http://localhost.com:1080/WebTours/home.html" in "http://localhost.com:1080/cgi-bin/welcome.pl?signOff=1"  	[MsgId: MMSG-26574]
..\\Parameters\\GlobalActions.h(544): Retrieving data from cache for "http://localhost.com:1080/WebTours/home.html"  	[MsgId: MMSG-26558]
..\\Parameters\\GlobalActions.h(544): Resource "http://localhost.com:1080/WebTours/images/mer_login.gif" is in the cache already and will not be downloaded again  	[MsgId: MMSG-26655]
..\\Parameters\\GlobalActions.h(544): Registered web_reg_find successful for "Text=240580802-819-aa"  	[MsgId: MMSG-26362]
..\\Parameters\\GlobalActions.h(544): Registered web_reg_find successful for "Text=Web Tours" (count=5)  	[MsgId: MMSG-26364]
..\\Parameters\\GlobalActions.h(544): web_url("SignOff Button") was successful, 2174 body bytes, 584 header bytes, 24 chunking overhead bytes  	[MsgId: MMSG-26385]
..\\Parameters\\GlobalActions.h(554): Notify: Transaction "sign_off" ended with a "Pass" status (Duration: 0,0684 Wasted Time: 0,0000).	[MsgId: MMSG-16871]
Action.c(25): Notify: Transaction "UC_04_Delete_ticket" ended with a "Pass" status (Duration: 24,4483 Think Time: 24,0228 Wasted Time: 0,0010).	[MsgId: MMSG-16870]
Ending action Action.	[MsgId: MMSG-15918]
Ending iteration 4.	[MsgId: MMSG-15965]
Waiting 23,5510 seconds for iteration pacing.	[MsgId: MMSG-15996]
