Start auto log messages stack - Iteration 10.	[MsgId: MMSG-10545]
..\\Parameters\\GlobalActions.h(211): Notify: Transaction "Itinerary" ended with a "Pass" status (Duration: 0,1205 Wasted Time: 0,0001).	[MsgId: MMSG-16871]
Action.c(17): lr_think_time: 5,00 seconds.	[MsgId: MMSG-15948]
..\\Parameters\\GlobalActions.h(228): Notify: Transaction "ChooseTicketForDelete" started.	[MsgId: MMSG-16999]
..\\Parameters\\GlobalActions.h(230): web_reg_find started  	[MsgId: MMSG-26355]
..\\Parameters\\GlobalActions.h(230): Registering web_reg_find was successful  	[MsgId: MMSG-26390]
..\\Parameters\\GlobalActions.h(233): web_add_header("Origin") started  	[MsgId: MMSG-26355]
..\\Parameters\\GlobalActions.h(233): web_add_header("Origin") was successful  	[MsgId: MMSG-26392]
..\\Parameters\\GlobalActions.h(237): web_submit_form("itinerary.pl") started  	[MsgId: MMSG-26355]
..\\Parameters\\GlobalActions.h(237): Error -27979: Requested form not found  	[MsgId: MERR-27979]
End auto log messages stack.	[MsgId: MMSG-10544]


Start auto log messages stack - Iteration 10.	[MsgId: MMSG-10545]
..\\Parameters\\GlobalActions.h(237): Warning -26379: Pending web_reg_save_param/web_reg_find/web_create_html_param/web_create_html_param_ex request(s) are deleted and will be handled as "not found"  	[MsgId: MWAR-26379]
..\\Parameters\\GlobalActions.h(237): Error -26366: "Text=Flights List" not found for web_reg_find  	[MsgId: MERR-26366]
..\\Parameters\\GlobalActions.h(237): Error -26374: The above "not found" error(s) may be explained by header and body byte counts being 0 and 0, respectively.  	[MsgId: MERR-26374]
End auto log messages stack.	[MsgId: MMSG-10544]


Start auto log messages stack - Iteration 11.	[MsgId: MMSG-10545]
..\\Parameters\\GlobalActions.h(211): Notify: Transaction "Itinerary" ended with a "Pass" status (Duration: 0,1117 Wasted Time: 0,0001).	[MsgId: MMSG-16871]
Action.c(17): lr_think_time: 5,00 seconds.	[MsgId: MMSG-15948]
..\\Parameters\\GlobalActions.h(228): Notify: Transaction "ChooseTicketForDelete" started.	[MsgId: MMSG-16999]
..\\Parameters\\GlobalActions.h(230): web_reg_find started  	[MsgId: MMSG-26355]
..\\Parameters\\GlobalActions.h(230): Registering web_reg_find was successful  	[MsgId: MMSG-26390]
..\\Parameters\\GlobalActions.h(233): web_add_header("Origin") started  	[MsgId: MMSG-26355]
..\\Parameters\\GlobalActions.h(233): web_add_header("Origin") was successful  	[MsgId: MMSG-26392]
..\\Parameters\\GlobalActions.h(237): web_submit_form("itinerary.pl") started  	[MsgId: MMSG-26355]
..\\Parameters\\GlobalActions.h(237): Error -27979: Requested form not found  	[MsgId: MERR-27979]
..\\Parameters\\GlobalActions.h(237): Error -26366: "Text=Flights List" not found for web_reg_find  	[MsgId: MERR-26366]
..\\Parameters\\GlobalActions.h(237): Error -26374: The above "not found" error(s) may be explained by header and body byte counts being 0 and 0, respectively.  	[MsgId: MERR-26374]
End auto log messages stack.	[MsgId: MMSG-10544]


Start auto log messages stack - Iteration 12.	[MsgId: MMSG-10545]
..\\Parameters\\GlobalActions.h(211): Notify: Transaction "Itinerary" ended with a "Pass" status (Duration: 0,1256 Wasted Time: 0,0001).	[MsgId: MMSG-16871]
Action.c(17): lr_think_time: 5,00 seconds.	[MsgId: MMSG-15948]
..\\Parameters\\GlobalActions.h(228): Notify: Transaction "ChooseTicketForDelete" started.	[MsgId: MMSG-16999]
..\\Parameters\\GlobalActions.h(230): web_reg_find started  	[MsgId: MMSG-26355]
..\\Parameters\\GlobalActions.h(230): Registering web_reg_find was successful  	[MsgId: MMSG-26390]
..\\Parameters\\GlobalActions.h(233): web_add_header("Origin") started  	[MsgId: MMSG-26355]
..\\Parameters\\GlobalActions.h(233): web_add_header("Origin") was successful  	[MsgId: MMSG-26392]
..\\Parameters\\GlobalActions.h(237): web_submit_form("itinerary.pl") started  	[MsgId: MMSG-26355]
..\\Parameters\\GlobalActions.h(237): Error -27979: Requested form not found  	[MsgId: MERR-27979]
..\\Parameters\\GlobalActions.h(237): Error -26366: "Text=Flights List" not found for web_reg_find  	[MsgId: MERR-26366]
..\\Parameters\\GlobalActions.h(237): Error -26374: The above "not found" error(s) may be explained by header and body byte counts being 0 and 0, respectively.  	[MsgId: MERR-26374]
End auto log messages stack.	[MsgId: MMSG-10544]


Start auto log messages stack - Iteration 13.	[MsgId: MMSG-10545]
..\\Parameters\\GlobalActions.h(211): Notify: Transaction "Itinerary" ended with a "Pass" status (Duration: 0,1248 Wasted Time: 0,0001).	[MsgId: MMSG-16871]
Action.c(17): lr_think_time: 5,00 seconds.	[MsgId: MMSG-15948]
..\\Parameters\\GlobalActions.h(228): Notify: Transaction "ChooseTicketForDelete" started.	[MsgId: MMSG-16999]
..\\Parameters\\GlobalActions.h(230): web_reg_find started  	[MsgId: MMSG-26355]
..\\Parameters\\GlobalActions.h(230): Registering web_reg_find was successful  	[MsgId: MMSG-26390]
..\\Parameters\\GlobalActions.h(233): web_add_header("Origin") started  	[MsgId: MMSG-26355]
..\\Parameters\\GlobalActions.h(233): web_add_header("Origin") was successful  	[MsgId: MMSG-26392]
..\\Parameters\\GlobalActions.h(237): web_submit_form("itinerary.pl") started  	[MsgId: MMSG-26355]
..\\Parameters\\GlobalActions.h(237): Error -27979: Requested form not found  	[MsgId: MERR-27979]
..\\Parameters\\GlobalActions.h(237): Error -26366: "Text=Flights List" not found for web_reg_find  	[MsgId: MERR-26366]
..\\Parameters\\GlobalActions.h(237): Error -26374: The above "not found" error(s) may be explained by header and body byte counts being 0 and 0, respectively.  	[MsgId: MERR-26374]
End auto log messages stack.	[MsgId: MMSG-10544]


Start auto log messages stack - Iteration 14.	[MsgId: MMSG-10545]
..\\Parameters\\GlobalActions.h(211): Notify: Transaction "Itinerary" ended with a "Pass" status (Duration: 0,1234 Wasted Time: 0,0001).	[MsgId: MMSG-16871]
Action.c(17): lr_think_time: 5,00 seconds.	[MsgId: MMSG-15948]
..\\Parameters\\GlobalActions.h(228): Notify: Transaction "ChooseTicketForDelete" started.	[MsgId: MMSG-16999]
..\\Parameters\\GlobalActions.h(230): web_reg_find started  	[MsgId: MMSG-26355]
..\\Parameters\\GlobalActions.h(230): Registering web_reg_find was successful  	[MsgId: MMSG-26390]
..\\Parameters\\GlobalActions.h(233): web_add_header("Origin") started  	[MsgId: MMSG-26355]
..\\Parameters\\GlobalActions.h(233): web_add_header("Origin") was successful  	[MsgId: MMSG-26392]
..\\Parameters\\GlobalActions.h(237): web_submit_form("itinerary.pl") started  	[MsgId: MMSG-26355]
..\\Parameters\\GlobalActions.h(237): Error -27979: Requested form not found  	[MsgId: MERR-27979]
..\\Parameters\\GlobalActions.h(237): Error -26366: "Text=Flights List" not found for web_reg_find  	[MsgId: MERR-26366]
..\\Parameters\\GlobalActions.h(237): Error -26374: The above "not found" error(s) may be explained by header and body byte counts being 0 and 0, respectively.  	[MsgId: MERR-26374]
End auto log messages stack.	[MsgId: MMSG-10544]


Start auto log messages stack - Iteration 15.	[MsgId: MMSG-10545]
..\\Parameters\\GlobalActions.h(211): Notify: Transaction "Itinerary" ended with a "Pass" status (Duration: 0,0916 Wasted Time: 0,0001).	[MsgId: MMSG-16871]
Action.c(17): lr_think_time: 5,00 seconds.	[MsgId: MMSG-15948]
..\\Parameters\\GlobalActions.h(228): Notify: Transaction "ChooseTicketForDelete" started.	[MsgId: MMSG-16999]
..\\Parameters\\GlobalActions.h(230): web_reg_find started  	[MsgId: MMSG-26355]
..\\Parameters\\GlobalActions.h(230): Registering web_reg_find was successful  	[MsgId: MMSG-26390]
..\\Parameters\\GlobalActions.h(233): web_add_header("Origin") started  	[MsgId: MMSG-26355]
..\\Parameters\\GlobalActions.h(233): web_add_header("Origin") was successful  	[MsgId: MMSG-26392]
..\\Parameters\\GlobalActions.h(237): web_submit_form("itinerary.pl") started  	[MsgId: MMSG-26355]
..\\Parameters\\GlobalActions.h(237): Error -27979: Requested form not found  	[MsgId: MERR-27979]
..\\Parameters\\GlobalActions.h(237): Error -26366: "Text=Flights List" not found for web_reg_find  	[MsgId: MERR-26366]
..\\Parameters\\GlobalActions.h(237): Error -26374: The above "not found" error(s) may be explained by header and body byte counts being 0 and 0, respectively.  	[MsgId: MERR-26374]
End auto log messages stack.	[MsgId: MMSG-10544]


Start auto log messages stack - Iteration 16.	[MsgId: MMSG-10545]
..\\Parameters\\GlobalActions.h(211): Notify: Transaction "Itinerary" ended with a "Pass" status (Duration: 0,0857 Wasted Time: 0,0001).	[MsgId: MMSG-16871]
Action.c(17): lr_think_time: 5,00 seconds.	[MsgId: MMSG-15948]
..\\Parameters\\GlobalActions.h(228): Notify: Transaction "ChooseTicketForDelete" started.	[MsgId: MMSG-16999]
..\\Parameters\\GlobalActions.h(230): web_reg_find started  	[MsgId: MMSG-26355]
..\\Parameters\\GlobalActions.h(230): Registering web_reg_find was successful  	[MsgId: MMSG-26390]
..\\Parameters\\GlobalActions.h(233): web_add_header("Origin") started  	[MsgId: MMSG-26355]
..\\Parameters\\GlobalActions.h(233): web_add_header("Origin") was successful  	[MsgId: MMSG-26392]
..\\Parameters\\GlobalActions.h(237): web_submit_form("itinerary.pl") started  	[MsgId: MMSG-26355]
..\\Parameters\\GlobalActions.h(237): Error -27979: Requested form not found  	[MsgId: MERR-27979]
..\\Parameters\\GlobalActions.h(237): Error -26366: "Text=Flights List" not found for web_reg_find  	[MsgId: MERR-26366]
..\\Parameters\\GlobalActions.h(237): Error -26374: The above "not found" error(s) may be explained by header and body byte counts being 0 and 0, respectively.  	[MsgId: MERR-26374]
End auto log messages stack.	[MsgId: MMSG-10544]


Start auto log messages stack - Iteration 17.	[MsgId: MMSG-10545]
..\\Parameters\\GlobalActions.h(211): Notify: Transaction "Itinerary" ended with a "Pass" status (Duration: 0,1204 Wasted Time: 0,0002).	[MsgId: MMSG-16871]
Action.c(17): lr_think_time: 5,00 seconds.	[MsgId: MMSG-15948]
..\\Parameters\\GlobalActions.h(228): Notify: Transaction "ChooseTicketForDelete" started.	[MsgId: MMSG-16999]
..\\Parameters\\GlobalActions.h(230): web_reg_find started  	[MsgId: MMSG-26355]
..\\Parameters\\GlobalActions.h(230): Registering web_reg_find was successful  	[MsgId: MMSG-26390]
..\\Parameters\\GlobalActions.h(233): web_add_header("Origin") started  	[MsgId: MMSG-26355]
..\\Parameters\\GlobalActions.h(233): web_add_header("Origin") was successful  	[MsgId: MMSG-26392]
..\\Parameters\\GlobalActions.h(237): web_submit_form("itinerary.pl") started  	[MsgId: MMSG-26355]
..\\Parameters\\GlobalActions.h(237): Error -27979: Requested form not found  	[MsgId: MERR-27979]
..\\Parameters\\GlobalActions.h(237): Error -26366: "Text=Flights List" not found for web_reg_find  	[MsgId: MERR-26366]
..\\Parameters\\GlobalActions.h(237): Error -26374: The above "not found" error(s) may be explained by header and body byte counts being 0 and 0, respectively.  	[MsgId: MERR-26374]
End auto log messages stack.	[MsgId: MMSG-10544]


Start auto log messages stack - Iteration 18.	[MsgId: MMSG-10545]
..\\Parameters\\GlobalActions.h(211): Notify: Transaction "Itinerary" ended with a "Pass" status (Duration: 0,1105 Wasted Time: 0,0001).	[MsgId: MMSG-16871]
Action.c(17): lr_think_time: 5,00 seconds.	[MsgId: MMSG-15948]
..\\Parameters\\GlobalActions.h(228): Notify: Transaction "ChooseTicketForDelete" started.	[MsgId: MMSG-16999]
..\\Parameters\\GlobalActions.h(230): web_reg_find started  	[MsgId: MMSG-26355]
..\\Parameters\\GlobalActions.h(230): Registering web_reg_find was successful  	[MsgId: MMSG-26390]
..\\Parameters\\GlobalActions.h(233): web_add_header("Origin") started  	[MsgId: MMSG-26355]
..\\Parameters\\GlobalActions.h(233): web_add_header("Origin") was successful  	[MsgId: MMSG-26392]
..\\Parameters\\GlobalActions.h(237): web_submit_form("itinerary.pl") started  	[MsgId: MMSG-26355]
..\\Parameters\\GlobalActions.h(237): Error -27979: Requested form not found  	[MsgId: MERR-27979]
..\\Parameters\\GlobalActions.h(237): Error -26366: "Text=Flights List" not found for web_reg_find  	[MsgId: MERR-26366]
..\\Parameters\\GlobalActions.h(237): Error -26374: The above "not found" error(s) may be explained by header and body byte counts being 0 and 0, respectively.  	[MsgId: MERR-26374]
End auto log messages stack.	[MsgId: MMSG-10544]


Start auto log messages stack - Iteration 19.	[MsgId: MMSG-10545]
..\\Parameters\\GlobalActions.h(211): Notify: Transaction "Itinerary" ended with a "Pass" status (Duration: 0,1094 Wasted Time: 0,0001).	[MsgId: MMSG-16871]
Action.c(17): lr_think_time: 5,00 seconds.	[MsgId: MMSG-15948]
..\\Parameters\\GlobalActions.h(228): Notify: Transaction "ChooseTicketForDelete" started.	[MsgId: MMSG-16999]
..\\Parameters\\GlobalActions.h(230): web_reg_find started  	[MsgId: MMSG-26355]
..\\Parameters\\GlobalActions.h(230): Registering web_reg_find was successful  	[MsgId: MMSG-26390]
..\\Parameters\\GlobalActions.h(233): web_add_header("Origin") started  	[MsgId: MMSG-26355]
..\\Parameters\\GlobalActions.h(233): web_add_header("Origin") was successful  	[MsgId: MMSG-26392]
..\\Parameters\\GlobalActions.h(237): web_submit_form("itinerary.pl") started  	[MsgId: MMSG-26355]
..\\Parameters\\GlobalActions.h(237): Error -27979: Requested form not found  	[MsgId: MERR-27979]
..\\Parameters\\GlobalActions.h(237): Error -26366: "Text=Flights List" not found for web_reg_find  	[MsgId: MERR-26366]
..\\Parameters\\GlobalActions.h(237): Error -26374: The above "not found" error(s) may be explained by header and body byte counts being 0 and 0, respectively.  	[MsgId: MERR-26374]
End auto log messages stack.	[MsgId: MMSG-10544]


Start auto log messages stack - Iteration 20.	[MsgId: MMSG-10545]
..\\Parameters\\GlobalActions.h(211): Notify: Transaction "Itinerary" ended with a "Pass" status (Duration: 0,1099 Wasted Time: 0,0001).	[MsgId: MMSG-16871]
Action.c(17): lr_think_time: 5,00 seconds.	[MsgId: MMSG-15948]
..\\Parameters\\GlobalActions.h(228): Notify: Transaction "ChooseTicketForDelete" started.	[MsgId: MMSG-16999]
..\\Parameters\\GlobalActions.h(230): web_reg_find started  	[MsgId: MMSG-26355]
..\\Parameters\\GlobalActions.h(230): Registering web_reg_find was successful  	[MsgId: MMSG-26390]
..\\Parameters\\GlobalActions.h(233): web_add_header("Origin") started  	[MsgId: MMSG-26355]
..\\Parameters\\GlobalActions.h(233): web_add_header("Origin") was successful  	[MsgId: MMSG-26392]
..\\Parameters\\GlobalActions.h(237): web_submit_form("itinerary.pl") started  	[MsgId: MMSG-26355]
..\\Parameters\\GlobalActions.h(237): Error -27979: Requested form not found  	[MsgId: MERR-27979]
..\\Parameters\\GlobalActions.h(237): Error -26366: "Text=Flights List" not found for web_reg_find  	[MsgId: MERR-26366]
..\\Parameters\\GlobalActions.h(237): Error -26374: The above "not found" error(s) may be explained by header and body byte counts being 0 and 0, respectively.  	[MsgId: MERR-26374]
End auto log messages stack.	[MsgId: MMSG-10544]


Start auto log messages stack - Iteration 21.	[MsgId: MMSG-10545]
..\\Parameters\\GlobalActions.h(211): Notify: Transaction "Itinerary" ended with a "Pass" status (Duration: 0,1115 Wasted Time: 0,0001).	[MsgId: MMSG-16871]
Action.c(17): lr_think_time: 5,00 seconds.	[MsgId: MMSG-15948]
..\\Parameters\\GlobalActions.h(228): Notify: Transaction "ChooseTicketForDelete" started.	[MsgId: MMSG-16999]
..\\Parameters\\GlobalActions.h(230): web_reg_find started  	[MsgId: MMSG-26355]
..\\Parameters\\GlobalActions.h(230): Registering web_reg_find was successful  	[MsgId: MMSG-26390]
..\\Parameters\\GlobalActions.h(233): web_add_header("Origin") started  	[MsgId: MMSG-26355]
..\\Parameters\\GlobalActions.h(233): web_add_header("Origin") was successful  	[MsgId: MMSG-26392]
..\\Parameters\\GlobalActions.h(237): web_submit_form("itinerary.pl") started  	[MsgId: MMSG-26355]
..\\Parameters\\GlobalActions.h(237): Error -27979: Requested form not found  	[MsgId: MERR-27979]
..\\Parameters\\GlobalActions.h(237): Error -26366: "Text=Flights List" not found for web_reg_find  	[MsgId: MERR-26366]
..\\Parameters\\GlobalActions.h(237): Error -26374: The above "not found" error(s) may be explained by header and body byte counts being 0 and 0, respectively.  	[MsgId: MERR-26374]
End auto log messages stack.	[MsgId: MMSG-10544]


Start auto log messages stack - Iteration 25.	[MsgId: MMSG-10545]
..\\Parameters\\GlobalActions.h(211): Notify: Transaction "Itinerary" ended with a "Pass" status (Duration: 0,1106 Wasted Time: 0,0001).	[MsgId: MMSG-16871]
Action.c(17): lr_think_time: 5,00 seconds.	[MsgId: MMSG-15948]
..\\Parameters\\GlobalActions.h(228): Notify: Transaction "ChooseTicketForDelete" started.	[MsgId: MMSG-16999]
..\\Parameters\\GlobalActions.h(230): web_reg_find started  	[MsgId: MMSG-26355]
..\\Parameters\\GlobalActions.h(230): Registering web_reg_find was successful  	[MsgId: MMSG-26390]
..\\Parameters\\GlobalActions.h(233): web_add_header("Origin") started  	[MsgId: MMSG-26355]
..\\Parameters\\GlobalActions.h(233): web_add_header("Origin") was successful  	[MsgId: MMSG-26392]
..\\Parameters\\GlobalActions.h(237): web_submit_form("itinerary.pl") started  	[MsgId: MMSG-26355]
..\\Parameters\\GlobalActions.h(237): Error -27979: Requested form not found  	[MsgId: MERR-27979]
..\\Parameters\\GlobalActions.h(237): Error -26366: "Text=Flights List" not found for web_reg_find  	[MsgId: MERR-26366]
..\\Parameters\\GlobalActions.h(237): Error -26374: The above "not found" error(s) may be explained by header and body byte counts being 0 and 0, respectively.  	[MsgId: MERR-26374]
End auto log messages stack.	[MsgId: MMSG-10544]


