Virtual User Script started at: 11.09.2021 1:11:02
Starting action vuser_init.
Web Turbo Replay of LoadRunner 12.55.0 for Windows 10; build 911 (июл 24 2017 19:46:00)  	[MsgId: MMSG-26983]
Run mode: HTML  	[MsgId: MMSG-26993]
Replay user agent: Mozilla/5.0 (Windows NT 10.0; Win64; x64) AppleWebKit/537.36 (KHTML, like Gecko) Chrome/92.0.4515.159 Safari/537.36  	[MsgId: MMSG-26988]
Run-Time Settings file: "D:\Новая папка\Applana\Scripts\4_Delete_Ticket\\default.cfg"  	[MsgId: MMSG-27141]
Ending action vuser_init.
Running Vuser...
Starting iteration 1.
Maximum number of concurrent connections per server: 6  	[MsgId: MMSG-26989]
Starting action Action1.
Action1.c(5): Notify: Transaction "UC_04_Delete_ticket" started.
..\\Parameters\\GlobalActions.h(11): Notify: Transaction "Main_page" started.
..\\Parameters\\GlobalActions.h(13): web_add_auto_header("Upgrade-Insecure-Requests") started  	[MsgId: MMSG-26355]
..\\Parameters\\GlobalActions.h(13): web_add_auto_header("Upgrade-Insecure-Requests") was successful  	[MsgId: MMSG-26392]
..\\Parameters\\GlobalActions.h(30): web_reg_save_param started  	[MsgId: MMSG-26355]
..\\Parameters\\GlobalActions.h(30): Registering web_reg_save_param was successful  	[MsgId: MMSG-26390]
..\\Parameters\\GlobalActions.h(35): web_reg_find started  	[MsgId: MMSG-26355]
..\\Parameters\\GlobalActions.h(35): Registering web_reg_find was successful  	[MsgId: MMSG-26390]
..\\Parameters\\GlobalActions.h(38): web_url("welcome.pl") started  	[MsgId: MMSG-26355]
..\\Parameters\\GlobalActions.h(38): Detected non-resource "http://localhost.com:1080/cgi-bin/nav.pl?in=home" in "http://localhost.com:1080/cgi-bin/welcome.pl?signOff=true"  	[MsgId: MMSG-26574]
..\\Parameters\\GlobalActions.h(38): Detected non-resource "http://localhost.com:1080/WebTours/home.html" in "http://localhost.com:1080/cgi-bin/welcome.pl?signOff=true"  	[MsgId: MMSG-26574]
..\\Parameters\\GlobalActions.h(38): Found resource "http://localhost.com:1080/WebTours/images/mer_login.gif" in HTML "http://localhost.com:1080/cgi-bin/nav.pl?in=home"  	[MsgId: MMSG-26659]
..\\Parameters\\GlobalActions.h(38): Registered web_reg_find successful for "Text=Web Tours" (count=5)  	[MsgId: MMSG-26364]
..\\Parameters\\GlobalActions.h(38): web_url("welcome.pl") was successful, 4215 body bytes, 1180 header bytes, 24 chunking overhead bytes  	[MsgId: MMSG-26385]
..\\Parameters\\GlobalActions.h(48): web_set_sockets_option started  	[MsgId: MMSG-26355]
..\\Parameters\\GlobalActions.h(48): web_set_sockets_option was successful  	[MsgId: MMSG-26392]
..\\Parameters\\GlobalActions.h(50): Notify: Transaction "Main_page" ended with a "Pass" status (Duration: 0,5325 Wasted Time: 0,0661).
..\\Parameters\\GlobalActions.h(150): Notify: Transaction "login" started.
..\\Parameters\\GlobalActions.h(152): web_add_header("Origin") started  	[MsgId: MMSG-26355]
..\\Parameters\\GlobalActions.h(152): web_add_header("Origin") was successful  	[MsgId: MMSG-26392]
..\\Parameters\\GlobalActions.h(155): web_reg_find started  	[MsgId: MMSG-26355]
..\\Parameters\\GlobalActions.h(155): Registering web_reg_find was successful  	[MsgId: MMSG-26390]
..\\Parameters\\GlobalActions.h(158): web_submit_data("login.pl") started  	[MsgId: MMSG-26355]
..\\Parameters\\GlobalActions.h(158): Detected non-resource "http://localhost.com:1080/cgi-bin/nav.pl?page=menu&in=home" in "http://localhost.com:1080/cgi-bin/login.pl"  	[MsgId: MMSG-26574]
..\\Parameters\\GlobalActions.h(158): Detected non-resource "http://localhost.com:1080/cgi-bin/login.pl?intro=true" in "http://localhost.com:1080/cgi-bin/login.pl"  	[MsgId: MMSG-26574]
..\\Parameters\\GlobalActions.h(158): Found resource "http://localhost.com:1080/WebTours/images/flights.gif" in HTML "http://localhost.com:1080/cgi-bin/nav.pl?page=menu&in=home"  	[MsgId: MMSG-26659]
..\\Parameters\\GlobalActions.h(158): Found resource "http://localhost.com:1080/WebTours/images/itinerary.gif" in HTML "http://localhost.com:1080/cgi-bin/nav.pl?page=menu&in=home"  	[MsgId: MMSG-26659]
..\\Parameters\\GlobalActions.h(158): Found resource "http://localhost.com:1080/WebTours/images/in_home.gif" in HTML "http://localhost.com:1080/cgi-bin/nav.pl?page=menu&in=home"  	[MsgId: MMSG-26659]
..\\Parameters\\GlobalActions.h(158): Found resource "http://localhost.com:1080/WebTours/images/signoff.gif" in HTML "http://localhost.com:1080/cgi-bin/nav.pl?page=menu&in=home"  	[MsgId: MMSG-26659]
..\\Parameters\\GlobalActions.h(158): Registered web_reg_find successful for "Text=User password was correct" (count=1)  	[MsgId: MMSG-26364]
..\\Parameters\\GlobalActions.h(158): web_submit_data("login.pl") was successful, 5779 body bytes, 2032 header bytes, 36 chunking overhead bytes  	[MsgId: MMSG-26385]
..\\Parameters\\GlobalActions.h(175): Notify: Transaction "login" ended with a "Pass" status (Duration: 0.1169 Wasted Time: 0.0051).
..\\Parameters\\GlobalActions.h(190): Notify: Transaction "Itinerary" started.
..\\Parameters\\GlobalActions.h(192): web_reg_find started  	[MsgId: MMSG-26355]
..\\Parameters\\GlobalActions.h(192): Registering web_reg_find was successful  	[MsgId: MMSG-26390]
..\\Parameters\\GlobalActions.h(195): web_reg_save_param started  	[MsgId: MMSG-26355]
..\\Parameters\\GlobalActions.h(195): Registering web_reg_save_param was successful  	[MsgId: MMSG-26390]
..\\Parameters\\GlobalActions.h(201): web_url("Itinerary Button") started  	[MsgId: MMSG-26355]
..\\Parameters\\GlobalActions.h(201): Detected non-resource "http://localhost.com:1080/cgi-bin/nav.pl?page=menu&in=itinerary" in "http://localhost.com:1080/cgi-bin/welcome.pl?page=itinerary"  	[MsgId: MMSG-26574]
..\\Parameters\\GlobalActions.h(201): Detected non-resource "http://localhost.com:1080/cgi-bin/itinerary.pl" in "http://localhost.com:1080/cgi-bin/welcome.pl?page=itinerary"  	[MsgId: MMSG-26574]
..\\Parameters\\GlobalActions.h(201): Resource "http://localhost.com:1080/WebTours/images/flights.gif" is in the cache already and will not be downloaded again  	[MsgId: MMSG-26655]
..\\Parameters\\GlobalActions.h(201): Found resource "http://localhost.com:1080/WebTours/images/in_itinerary.gif" in HTML "http://localhost.com:1080/cgi-bin/nav.pl?page=menu&in=itinerary"  	[MsgId: MMSG-26659]
..\\Parameters\\GlobalActions.h(201): Found resource "http://localhost.com:1080/WebTours/images/home.gif" in HTML "http://localhost.com:1080/cgi-bin/nav.pl?page=menu&in=itinerary"  	[MsgId: MMSG-26659]
..\\Parameters\\GlobalActions.h(201): Resource "http://localhost.com:1080/WebTours/images/signoff.gif" is in the cache already and will not be downloaded again  	[MsgId: MMSG-26655]
..\\Parameters\\GlobalActions.h(201): Found resource "http://localhost.com:1080/WebTours/images/cancelreservation.gif" in HTML "http://localhost.com:1080/cgi-bin/itinerary.pl"  	[MsgId: MMSG-26659]
..\\Parameters\\GlobalActions.h(201): Found resource "http://localhost.com:1080/WebTours/images/cancelallreservations.gif" in HTML "http://localhost.com:1080/cgi-bin/itinerary.pl"  	[MsgId: MMSG-26659]
..\\Parameters\\GlobalActions.h(201): Registered web_reg_find successful for "Text=Flights List" (count=1)  	[MsgId: MMSG-26364]
..\\Parameters\\GlobalActions.h(201): web_url("Itinerary Button") was successful, 67672 body bytes, 1913 header bytes, 155 chunking overhead bytes  	[MsgId: MMSG-26385]
..\\Parameters\\GlobalActions.h(211): Notify: Transaction "Itinerary" ended with a "Pass" status (Duration: 0.1381 Wasted Time: 0.0056).
..\\Parameters\\GlobalActions.h(228): Notify: Transaction "ChooseTicketForDelete" started.
..\\Parameters\\GlobalActions.h(230): web_reg_find started  	[MsgId: MMSG-26355]
..\\Parameters\\GlobalActions.h(230): Registering web_reg_find was successful  	[MsgId: MMSG-26390]
..\\Parameters\\GlobalActions.h(233): web_add_header("Origin") started  	[MsgId: MMSG-26355]
..\\Parameters\\GlobalActions.h(233): web_add_header("Origin") was successful  	[MsgId: MMSG-26392]
..\\Parameters\\GlobalActions.h(237): web_submit_form("itinerary.pl") started  	[MsgId: MMSG-26355]
..\\Parameters\\GlobalActions.h(237): Submitting form to "http://localhost.com:1080/cgi-bin/itinerary.pl", Target Frame=""  	[MsgId: MMSG-27978]
..\\Parameters\\GlobalActions.h(237): Resource "http://localhost.com:1080/WebTours/images/cancelreservation.gif" is in the cache already and will not be downloaded again  	[MsgId: MMSG-26655]
..\\Parameters\\GlobalActions.h(237): Resource "http://localhost.com:1080/WebTours/images/cancelallreservations.gif" is in the cache already and will not be downloaded again  	[MsgId: MMSG-26655]
..\\Parameters\\GlobalActions.h(237): Registered web_reg_find successful for "Text=Flights List" (count=1)  	[MsgId: MMSG-26364]
..\\Parameters\\GlobalActions.h(237): web_submit_form("itinerary.pl") was successful, 61476 body bytes, 255 header bytes, 130 chunking overhead bytes  	[MsgId: MMSG-26385]
..\\Parameters\\GlobalActions.h(245): web_reg_find started  	[MsgId: MMSG-26355]
..\\Parameters\\GlobalActions.h(245): Registering web_reg_find was successful  	[MsgId: MMSG-26390]
..\\Parameters\\GlobalActions.h(249): Notify: Transaction "ChooseTicketForDelete" ended with a "Pass" status (Duration: 0.1134 Wasted Time: 0.0038).
..\\Parameters\\GlobalActions.h(539): Notify: Transaction "sign_off" started.
..\\Parameters\\GlobalActions.h(541): web_reg_find started  	[MsgId: MMSG-26355]
..\\Parameters\\GlobalActions.h(541): Registering web_reg_find was successful  	[MsgId: MMSG-26390]
..\\Parameters\\GlobalActions.h(544): web_url("SignOff Button") started  	[MsgId: MMSG-26355]
..\\Parameters\\GlobalActions.h(544): Detected non-resource "http://localhost.com:1080/cgi-bin/nav.pl?in=home" in "http://localhost.com:1080/cgi-bin/welcome.pl?signOff=1"  	[MsgId: MMSG-26574]
..\\Parameters\\GlobalActions.h(544): Detected non-resource "http://localhost.com:1080/WebTours/home.html" in "http://localhost.com:1080/cgi-bin/welcome.pl?signOff=1"  	[MsgId: MMSG-26574]
..\\Parameters\\GlobalActions.h(544): Retrieving data from cache for "http://localhost.com:1080/WebTours/home.html"  	[MsgId: MMSG-26558]
..\\Parameters\\GlobalActions.h(544): Resource "http://localhost.com:1080/WebTours/images/mer_login.gif" is in the cache already and will not be downloaded again  	[MsgId: MMSG-26655]
..\\Parameters\\GlobalActions.h(544): Registered web_reg_find successful for "Text=3213125-7-jj"  	[MsgId: MMSG-26362]
..\\Parameters\\GlobalActions.h(544): Registered web_reg_find successful for "Text=Web Tours" (count=5)  	[MsgId: MMSG-26364]
..\\Parameters\\GlobalActions.h(544): web_url("SignOff Button") was successful, 2172 body bytes, 582 header bytes, 24 chunking overhead bytes  	[MsgId: MMSG-26385]
..\\Parameters\\GlobalActions.h(554): Notify: Transaction "sign_off" ended with a "Pass" status (Duration: 0.1103 Wasted Time: 0.0034).
Action1.c(25): Notify: Transaction "UC_04_Delete_ticket" ended with a "Pass" status (Duration: 1.1236 Wasted Time: 0.0840).
Ending action Action1.
Ending iteration 1.
Ending Vuser...
Starting action vuser_end.
Ending action vuser_end.
Vuser Terminated.
