Start auto log messages stack - Iteration 16.	[MsgId: MMSG-10545]
..\\Parameters\\GlobalActions.h(211): Notify: Transaction "Itinerary" ended with a "Pass" status (Duration: 0,1156 Wasted Time: 0,0001).	[MsgId: MMSG-16871]
Action.c(17): lr_think_time: 5,00 seconds.	[MsgId: MMSG-15948]
..\\Parameters\\GlobalActions.h(228): Notify: Transaction "ChooseTicketForDelete" started.	[MsgId: MMSG-16999]
..\\Parameters\\GlobalActions.h(230): web_reg_find started  	[MsgId: MMSG-26355]
..\\Parameters\\GlobalActions.h(230): Registering web_reg_find was successful  	[MsgId: MMSG-26390]
..\\Parameters\\GlobalActions.h(233): web_add_header("Origin") started  	[MsgId: MMSG-26355]
..\\Parameters\\GlobalActions.h(233): web_add_header("Origin") was successful  	[MsgId: MMSG-26392]
..\\Parameters\\GlobalActions.h(237): web_submit_form("itinerary.pl") started  	[MsgId: MMSG-26355]
..\\Parameters\\GlobalActions.h(237): Error -27979: Requested form not found  	[MsgId: MERR-27979]
End auto log messages stack.	[MsgId: MMSG-10544]


Start auto log messages stack - Iteration 16.	[MsgId: MMSG-10545]
..\\Parameters\\GlobalActions.h(237): Warning -26379: Pending web_reg_save_param/web_reg_find/web_create_html_param/web_create_html_param_ex request(s) are deleted and will be handled as "not found"  	[MsgId: MWAR-26379]
..\\Parameters\\GlobalActions.h(237): Error -26366: "Text=Flights List" not found for web_reg_find  	[MsgId: MERR-26366]
..\\Parameters\\GlobalActions.h(237): Error -26374: The above "not found" error(s) may be explained by header and body byte counts being 0 and 0, respectively.  	[MsgId: MERR-26374]
End auto log messages stack.	[MsgId: MMSG-10544]


Start auto log messages stack - Iteration 17.	[MsgId: MMSG-10545]
..\\Parameters\\GlobalActions.h(211): Notify: Transaction "Itinerary" ended with a "Pass" status (Duration: 0,1205 Wasted Time: 0,0001).	[MsgId: MMSG-16871]
Action.c(17): lr_think_time: 5,00 seconds.	[MsgId: MMSG-15948]
..\\Parameters\\GlobalActions.h(228): Notify: Transaction "ChooseTicketForDelete" started.	[MsgId: MMSG-16999]
..\\Parameters\\GlobalActions.h(230): web_reg_find started  	[MsgId: MMSG-26355]
..\\Parameters\\GlobalActions.h(230): Registering web_reg_find was successful  	[MsgId: MMSG-26390]
..\\Parameters\\GlobalActions.h(233): web_add_header("Origin") started  	[MsgId: MMSG-26355]
..\\Parameters\\GlobalActions.h(233): web_add_header("Origin") was successful  	[MsgId: MMSG-26392]
..\\Parameters\\GlobalActions.h(237): web_submit_form("itinerary.pl") started  	[MsgId: MMSG-26355]
..\\Parameters\\GlobalActions.h(237): Error -27979: Requested form not found  	[MsgId: MERR-27979]
..\\Parameters\\GlobalActions.h(237): Error -26366: "Text=Flights List" not found for web_reg_find  	[MsgId: MERR-26366]
..\\Parameters\\GlobalActions.h(237): Error -26374: The above "not found" error(s) may be explained by header and body byte counts being 0 and 0, respectively.  	[MsgId: MERR-26374]
End auto log messages stack.	[MsgId: MMSG-10544]


Start auto log messages stack - Iteration 18.	[MsgId: MMSG-10545]
..\\Parameters\\GlobalActions.h(211): Notify: Transaction "Itinerary" ended with a "Pass" status (Duration: 0,0906 Wasted Time: 0,0001).	[MsgId: MMSG-16871]
Action.c(17): lr_think_time: 5,00 seconds.	[MsgId: MMSG-15948]
..\\Parameters\\GlobalActions.h(228): Notify: Transaction "ChooseTicketForDelete" started.	[MsgId: MMSG-16999]
..\\Parameters\\GlobalActions.h(230): web_reg_find started  	[MsgId: MMSG-26355]
..\\Parameters\\GlobalActions.h(230): Registering web_reg_find was successful  	[MsgId: MMSG-26390]
..\\Parameters\\GlobalActions.h(233): web_add_header("Origin") started  	[MsgId: MMSG-26355]
..\\Parameters\\GlobalActions.h(233): web_add_header("Origin") was successful  	[MsgId: MMSG-26392]
..\\Parameters\\GlobalActions.h(237): web_submit_form("itinerary.pl") started  	[MsgId: MMSG-26355]
..\\Parameters\\GlobalActions.h(237): Error -27979: Requested form not found  	[MsgId: MERR-27979]
..\\Parameters\\GlobalActions.h(237): Error -26366: "Text=Flights List" not found for web_reg_find  	[MsgId: MERR-26366]
..\\Parameters\\GlobalActions.h(237): Error -26374: The above "not found" error(s) may be explained by header and body byte counts being 0 and 0, respectively.  	[MsgId: MERR-26374]
End auto log messages stack.	[MsgId: MMSG-10544]


Start auto log messages stack - Iteration 19.	[MsgId: MMSG-10545]
..\\Parameters\\GlobalActions.h(211): Notify: Transaction "Itinerary" ended with a "Pass" status (Duration: 0,1179 Wasted Time: 0,0001).	[MsgId: MMSG-16871]
Action.c(17): lr_think_time: 5,00 seconds.	[MsgId: MMSG-15948]
..\\Parameters\\GlobalActions.h(228): Notify: Transaction "ChooseTicketForDelete" started.	[MsgId: MMSG-16999]
..\\Parameters\\GlobalActions.h(230): web_reg_find started  	[MsgId: MMSG-26355]
..\\Parameters\\GlobalActions.h(230): Registering web_reg_find was successful  	[MsgId: MMSG-26390]
..\\Parameters\\GlobalActions.h(233): web_add_header("Origin") started  	[MsgId: MMSG-26355]
..\\Parameters\\GlobalActions.h(233): web_add_header("Origin") was successful  	[MsgId: MMSG-26392]
..\\Parameters\\GlobalActions.h(237): web_submit_form("itinerary.pl") started  	[MsgId: MMSG-26355]
..\\Parameters\\GlobalActions.h(237): Error -27979: Requested form not found  	[MsgId: MERR-27979]
..\\Parameters\\GlobalActions.h(237): Error -26366: "Text=Flights List" not found for web_reg_find  	[MsgId: MERR-26366]
..\\Parameters\\GlobalActions.h(237): Error -26374: The above "not found" error(s) may be explained by header and body byte counts being 0 and 0, respectively.  	[MsgId: MERR-26374]
End auto log messages stack.	[MsgId: MMSG-10544]


Start auto log messages stack - Iteration 23.	[MsgId: MMSG-10545]
..\\Parameters\\GlobalActions.h(211): Notify: Transaction "Itinerary" ended with a "Pass" status (Duration: 0,1206 Wasted Time: 0,0001).	[MsgId: MMSG-16871]
Action.c(17): lr_think_time: 5,00 seconds.	[MsgId: MMSG-15948]
..\\Parameters\\GlobalActions.h(228): Notify: Transaction "ChooseTicketForDelete" started.	[MsgId: MMSG-16999]
..\\Parameters\\GlobalActions.h(230): web_reg_find started  	[MsgId: MMSG-26355]
..\\Parameters\\GlobalActions.h(230): Registering web_reg_find was successful  	[MsgId: MMSG-26390]
..\\Parameters\\GlobalActions.h(233): web_add_header("Origin") started  	[MsgId: MMSG-26355]
..\\Parameters\\GlobalActions.h(233): web_add_header("Origin") was successful  	[MsgId: MMSG-26392]
..\\Parameters\\GlobalActions.h(237): web_submit_form("itinerary.pl") started  	[MsgId: MMSG-26355]
..\\Parameters\\GlobalActions.h(237): Error -27979: Requested form not found  	[MsgId: MERR-27979]
..\\Parameters\\GlobalActions.h(237): Error -26366: "Text=Flights List" not found for web_reg_find  	[MsgId: MERR-26366]
..\\Parameters\\GlobalActions.h(237): Error -26374: The above "not found" error(s) may be explained by header and body byte counts being 0 and 0, respectively.  	[MsgId: MERR-26374]
End auto log messages stack.	[MsgId: MMSG-10544]


Start auto log messages stack - Iteration 24.	[MsgId: MMSG-10545]
..\\Parameters\\GlobalActions.h(211): Notify: Transaction "Itinerary" ended with a "Pass" status (Duration: 0,1153 Wasted Time: 0,0001).	[MsgId: MMSG-16871]
Action.c(17): lr_think_time: 5,00 seconds.	[MsgId: MMSG-15948]
..\\Parameters\\GlobalActions.h(228): Notify: Transaction "ChooseTicketForDelete" started.	[MsgId: MMSG-16999]
..\\Parameters\\GlobalActions.h(230): web_reg_find started  	[MsgId: MMSG-26355]
..\\Parameters\\GlobalActions.h(230): Registering web_reg_find was successful  	[MsgId: MMSG-26390]
..\\Parameters\\GlobalActions.h(233): web_add_header("Origin") started  	[MsgId: MMSG-26355]
..\\Parameters\\GlobalActions.h(233): web_add_header("Origin") was successful  	[MsgId: MMSG-26392]
..\\Parameters\\GlobalActions.h(237): web_submit_form("itinerary.pl") started  	[MsgId: MMSG-26355]
..\\Parameters\\GlobalActions.h(237): Error -27979: Requested form not found  	[MsgId: MERR-27979]
..\\Parameters\\GlobalActions.h(237): Error -26366: "Text=Flights List" not found for web_reg_find  	[MsgId: MERR-26366]
..\\Parameters\\GlobalActions.h(237): Error -26374: The above "not found" error(s) may be explained by header and body byte counts being 0 and 0, respectively.  	[MsgId: MERR-26374]
End auto log messages stack.	[MsgId: MMSG-10544]


Start auto log messages stack - Iteration 25.	[MsgId: MMSG-10545]
..\\Parameters\\GlobalActions.h(211): Notify: Transaction "Itinerary" ended with a "Pass" status (Duration: 0,0772 Wasted Time: 0,0001).	[MsgId: MMSG-16871]
Action.c(17): lr_think_time: 5,00 seconds.	[MsgId: MMSG-15948]
..\\Parameters\\GlobalActions.h(228): Notify: Transaction "ChooseTicketForDelete" started.	[MsgId: MMSG-16999]
..\\Parameters\\GlobalActions.h(230): web_reg_find started  	[MsgId: MMSG-26355]
..\\Parameters\\GlobalActions.h(230): Registering web_reg_find was successful  	[MsgId: MMSG-26390]
..\\Parameters\\GlobalActions.h(233): web_add_header("Origin") started  	[MsgId: MMSG-26355]
..\\Parameters\\GlobalActions.h(233): web_add_header("Origin") was successful  	[MsgId: MMSG-26392]
..\\Parameters\\GlobalActions.h(237): web_submit_form("itinerary.pl") started  	[MsgId: MMSG-26355]
..\\Parameters\\GlobalActions.h(237): Error -27979: Requested form not found  	[MsgId: MERR-27979]
..\\Parameters\\GlobalActions.h(237): Error -26366: "Text=Flights List" not found for web_reg_find  	[MsgId: MERR-26366]
..\\Parameters\\GlobalActions.h(237): Error -26374: The above "not found" error(s) may be explained by header and body byte counts being 0 and 0, respectively.  	[MsgId: MERR-26374]
End auto log messages stack.	[MsgId: MMSG-10544]


Start auto log messages stack - Iteration 26.	[MsgId: MMSG-10545]
..\\Parameters\\GlobalActions.h(211): Notify: Transaction "Itinerary" ended with a "Pass" status (Duration: 0,1210 Wasted Time: 0,0001).	[MsgId: MMSG-16871]
Action.c(17): lr_think_time: 5,00 seconds.	[MsgId: MMSG-15948]
..\\Parameters\\GlobalActions.h(228): Notify: Transaction "ChooseTicketForDelete" started.	[MsgId: MMSG-16999]
..\\Parameters\\GlobalActions.h(230): web_reg_find started  	[MsgId: MMSG-26355]
..\\Parameters\\GlobalActions.h(230): Registering web_reg_find was successful  	[MsgId: MMSG-26390]
..\\Parameters\\GlobalActions.h(233): web_add_header("Origin") started  	[MsgId: MMSG-26355]
..\\Parameters\\GlobalActions.h(233): web_add_header("Origin") was successful  	[MsgId: MMSG-26392]
..\\Parameters\\GlobalActions.h(237): web_submit_form("itinerary.pl") started  	[MsgId: MMSG-26355]
..\\Parameters\\GlobalActions.h(237): Error -27979: Requested form not found  	[MsgId: MERR-27979]
..\\Parameters\\GlobalActions.h(237): Error -26366: "Text=Flights List" not found for web_reg_find  	[MsgId: MERR-26366]
..\\Parameters\\GlobalActions.h(237): Error -26374: The above "not found" error(s) may be explained by header and body byte counts being 0 and 0, respectively.  	[MsgId: MERR-26374]
End auto log messages stack.	[MsgId: MMSG-10544]


Start auto log messages stack - Iteration 27.	[MsgId: MMSG-10545]
..\\Parameters\\GlobalActions.h(211): Notify: Transaction "Itinerary" ended with a "Pass" status (Duration: 0,1156 Wasted Time: 0,0001).	[MsgId: MMSG-16871]
Action.c(17): lr_think_time: 5,00 seconds.	[MsgId: MMSG-15948]
..\\Parameters\\GlobalActions.h(228): Notify: Transaction "ChooseTicketForDelete" started.	[MsgId: MMSG-16999]
..\\Parameters\\GlobalActions.h(230): web_reg_find started  	[MsgId: MMSG-26355]
..\\Parameters\\GlobalActions.h(230): Registering web_reg_find was successful  	[MsgId: MMSG-26390]
..\\Parameters\\GlobalActions.h(233): web_add_header("Origin") started  	[MsgId: MMSG-26355]
..\\Parameters\\GlobalActions.h(233): web_add_header("Origin") was successful  	[MsgId: MMSG-26392]
..\\Parameters\\GlobalActions.h(237): web_submit_form("itinerary.pl") started  	[MsgId: MMSG-26355]
..\\Parameters\\GlobalActions.h(237): Error -27979: Requested form not found  	[MsgId: MERR-27979]
..\\Parameters\\GlobalActions.h(237): Error -26366: "Text=Flights List" not found for web_reg_find  	[MsgId: MERR-26366]
..\\Parameters\\GlobalActions.h(237): Error -26374: The above "not found" error(s) may be explained by header and body byte counts being 0 and 0, respectively.  	[MsgId: MERR-26374]
End auto log messages stack.	[MsgId: MMSG-10544]


Start auto log messages stack - Iteration 28.	[MsgId: MMSG-10545]
..\\Parameters\\GlobalActions.h(211): Notify: Transaction "Itinerary" ended with a "Pass" status (Duration: 0,1156 Wasted Time: 0,0001).	[MsgId: MMSG-16871]
Action.c(17): lr_think_time: 5,00 seconds.	[MsgId: MMSG-15948]
..\\Parameters\\GlobalActions.h(228): Notify: Transaction "ChooseTicketForDelete" started.	[MsgId: MMSG-16999]
..\\Parameters\\GlobalActions.h(230): web_reg_find started  	[MsgId: MMSG-26355]
..\\Parameters\\GlobalActions.h(230): Registering web_reg_find was successful  	[MsgId: MMSG-26390]
..\\Parameters\\GlobalActions.h(233): web_add_header("Origin") started  	[MsgId: MMSG-26355]
..\\Parameters\\GlobalActions.h(233): web_add_header("Origin") was successful  	[MsgId: MMSG-26392]
..\\Parameters\\GlobalActions.h(237): web_submit_form("itinerary.pl") started  	[MsgId: MMSG-26355]
..\\Parameters\\GlobalActions.h(237): Error -27979: Requested form not found  	[MsgId: MERR-27979]
..\\Parameters\\GlobalActions.h(237): Error -26366: "Text=Flights List" not found for web_reg_find  	[MsgId: MERR-26366]
..\\Parameters\\GlobalActions.h(237): Error -26374: The above "not found" error(s) may be explained by header and body byte counts being 0 and 0, respectively.  	[MsgId: MERR-26374]
End auto log messages stack.	[MsgId: MMSG-10544]


Start auto log messages stack - Iteration 29.	[MsgId: MMSG-10545]
..\\Parameters\\GlobalActions.h(211): Notify: Transaction "Itinerary" ended with a "Pass" status (Duration: 0,1156 Wasted Time: 0,0001).	[MsgId: MMSG-16871]
Action.c(17): lr_think_time: 5,00 seconds.	[MsgId: MMSG-15948]
..\\Parameters\\GlobalActions.h(228): Notify: Transaction "ChooseTicketForDelete" started.	[MsgId: MMSG-16999]
..\\Parameters\\GlobalActions.h(230): web_reg_find started  	[MsgId: MMSG-26355]
..\\Parameters\\GlobalActions.h(230): Registering web_reg_find was successful  	[MsgId: MMSG-26390]
..\\Parameters\\GlobalActions.h(233): web_add_header("Origin") started  	[MsgId: MMSG-26355]
..\\Parameters\\GlobalActions.h(233): web_add_header("Origin") was successful  	[MsgId: MMSG-26392]
..\\Parameters\\GlobalActions.h(237): web_submit_form("itinerary.pl") started  	[MsgId: MMSG-26355]
..\\Parameters\\GlobalActions.h(237): Error -27979: Requested form not found  	[MsgId: MERR-27979]
..\\Parameters\\GlobalActions.h(237): Error -26366: "Text=Flights List" not found for web_reg_find  	[MsgId: MERR-26366]
..\\Parameters\\GlobalActions.h(237): Error -26374: The above "not found" error(s) may be explained by header and body byte counts being 0 and 0, respectively.  	[MsgId: MERR-26374]
End auto log messages stack.	[MsgId: MMSG-10544]


Start auto log messages stack - Iteration 30.	[MsgId: MMSG-10545]
..\\Parameters\\GlobalActions.h(211): Notify: Transaction "Itinerary" ended with a "Pass" status (Duration: 0,1206 Wasted Time: 0,0001).	[MsgId: MMSG-16871]
Action.c(17): lr_think_time: 5,00 seconds.	[MsgId: MMSG-15948]
..\\Parameters\\GlobalActions.h(228): Notify: Transaction "ChooseTicketForDelete" started.	[MsgId: MMSG-16999]
..\\Parameters\\GlobalActions.h(230): web_reg_find started  	[MsgId: MMSG-26355]
..\\Parameters\\GlobalActions.h(230): Registering web_reg_find was successful  	[MsgId: MMSG-26390]
..\\Parameters\\GlobalActions.h(233): web_add_header("Origin") started  	[MsgId: MMSG-26355]
..\\Parameters\\GlobalActions.h(233): web_add_header("Origin") was successful  	[MsgId: MMSG-26392]
..\\Parameters\\GlobalActions.h(237): web_submit_form("itinerary.pl") started  	[MsgId: MMSG-26355]
..\\Parameters\\GlobalActions.h(237): Error -27979: Requested form not found  	[MsgId: MERR-27979]
..\\Parameters\\GlobalActions.h(237): Error -26366: "Text=Flights List" not found for web_reg_find  	[MsgId: MERR-26366]
..\\Parameters\\GlobalActions.h(237): Error -26374: The above "not found" error(s) may be explained by header and body byte counts being 0 and 0, respectively.  	[MsgId: MERR-26374]
End auto log messages stack.	[MsgId: MMSG-10544]


Start auto log messages stack - Iteration 31.	[MsgId: MMSG-10545]
..\\Parameters\\GlobalActions.h(211): Notify: Transaction "Itinerary" ended with a "Pass" status (Duration: 0,1104 Wasted Time: 0,0001).	[MsgId: MMSG-16871]
Action.c(17): lr_think_time: 5,00 seconds.	[MsgId: MMSG-15948]
..\\Parameters\\GlobalActions.h(228): Notify: Transaction "ChooseTicketForDelete" started.	[MsgId: MMSG-16999]
..\\Parameters\\GlobalActions.h(230): web_reg_find started  	[MsgId: MMSG-26355]
..\\Parameters\\GlobalActions.h(230): Registering web_reg_find was successful  	[MsgId: MMSG-26390]
..\\Parameters\\GlobalActions.h(233): web_add_header("Origin") started  	[MsgId: MMSG-26355]
..\\Parameters\\GlobalActions.h(233): web_add_header("Origin") was successful  	[MsgId: MMSG-26392]
..\\Parameters\\GlobalActions.h(237): web_submit_form("itinerary.pl") started  	[MsgId: MMSG-26355]
..\\Parameters\\GlobalActions.h(237): Error -27979: Requested form not found  	[MsgId: MERR-27979]
..\\Parameters\\GlobalActions.h(237): Error -26366: "Text=Flights List" not found for web_reg_find  	[MsgId: MERR-26366]
..\\Parameters\\GlobalActions.h(237): Error -26374: The above "not found" error(s) may be explained by header and body byte counts being 0 and 0, respectively.  	[MsgId: MERR-26374]
End auto log messages stack.	[MsgId: MMSG-10544]


Start auto log messages stack - Iteration 32.	[MsgId: MMSG-10545]
..\\Parameters\\GlobalActions.h(211): Notify: Transaction "Itinerary" ended with a "Pass" status (Duration: 0,1101 Wasted Time: 0,0001).	[MsgId: MMSG-16871]
Action.c(17): lr_think_time: 5,00 seconds.	[MsgId: MMSG-15948]
..\\Parameters\\GlobalActions.h(228): Notify: Transaction "ChooseTicketForDelete" started.	[MsgId: MMSG-16999]
..\\Parameters\\GlobalActions.h(230): web_reg_find started  	[MsgId: MMSG-26355]
..\\Parameters\\GlobalActions.h(230): Registering web_reg_find was successful  	[MsgId: MMSG-26390]
..\\Parameters\\GlobalActions.h(233): web_add_header("Origin") started  	[MsgId: MMSG-26355]
..\\Parameters\\GlobalActions.h(233): web_add_header("Origin") was successful  	[MsgId: MMSG-26392]
..\\Parameters\\GlobalActions.h(237): web_submit_form("itinerary.pl") started  	[MsgId: MMSG-26355]
..\\Parameters\\GlobalActions.h(237): Error -27979: Requested form not found  	[MsgId: MERR-27979]
..\\Parameters\\GlobalActions.h(237): Error -26366: "Text=Flights List" not found for web_reg_find  	[MsgId: MERR-26366]
..\\Parameters\\GlobalActions.h(237): Error -26374: The above "not found" error(s) may be explained by header and body byte counts being 0 and 0, respectively.  	[MsgId: MERR-26374]
End auto log messages stack.	[MsgId: MMSG-10544]


Start auto log messages stack - Iteration 33.	[MsgId: MMSG-10545]
..\\Parameters\\GlobalActions.h(211): Notify: Transaction "Itinerary" ended with a "Pass" status (Duration: 0,1118 Wasted Time: 0,0001).	[MsgId: MMSG-16871]
Action.c(17): lr_think_time: 5,00 seconds.	[MsgId: MMSG-15948]
..\\Parameters\\GlobalActions.h(228): Notify: Transaction "ChooseTicketForDelete" started.	[MsgId: MMSG-16999]
..\\Parameters\\GlobalActions.h(230): web_reg_find started  	[MsgId: MMSG-26355]
..\\Parameters\\GlobalActions.h(230): Registering web_reg_find was successful  	[MsgId: MMSG-26390]
..\\Parameters\\GlobalActions.h(233): web_add_header("Origin") started  	[MsgId: MMSG-26355]
..\\Parameters\\GlobalActions.h(233): web_add_header("Origin") was successful  	[MsgId: MMSG-26392]
..\\Parameters\\GlobalActions.h(237): web_submit_form("itinerary.pl") started  	[MsgId: MMSG-26355]
..\\Parameters\\GlobalActions.h(237): Error -27979: Requested form not found  	[MsgId: MERR-27979]
..\\Parameters\\GlobalActions.h(237): Error -26366: "Text=Flights List" not found for web_reg_find  	[MsgId: MERR-26366]
..\\Parameters\\GlobalActions.h(237): Error -26374: The above "not found" error(s) may be explained by header and body byte counts being 0 and 0, respectively.  	[MsgId: MERR-26374]
End auto log messages stack.	[MsgId: MMSG-10544]


Start auto log messages stack - Iteration 34.	[MsgId: MMSG-10545]
..\\Parameters\\GlobalActions.h(211): Notify: Transaction "Itinerary" ended with a "Pass" status (Duration: 0,1155 Wasted Time: 0,0001).	[MsgId: MMSG-16871]
Action.c(17): lr_think_time: 5,00 seconds.	[MsgId: MMSG-15948]
..\\Parameters\\GlobalActions.h(228): Notify: Transaction "ChooseTicketForDelete" started.	[MsgId: MMSG-16999]
..\\Parameters\\GlobalActions.h(230): web_reg_find started  	[MsgId: MMSG-26355]
..\\Parameters\\GlobalActions.h(230): Registering web_reg_find was successful  	[MsgId: MMSG-26390]
..\\Parameters\\GlobalActions.h(233): web_add_header("Origin") started  	[MsgId: MMSG-26355]
..\\Parameters\\GlobalActions.h(233): web_add_header("Origin") was successful  	[MsgId: MMSG-26392]
..\\Parameters\\GlobalActions.h(237): web_submit_form("itinerary.pl") started  	[MsgId: MMSG-26355]
..\\Parameters\\GlobalActions.h(237): Error -27979: Requested form not found  	[MsgId: MERR-27979]
..\\Parameters\\GlobalActions.h(237): Error -26366: "Text=Flights List" not found for web_reg_find  	[MsgId: MERR-26366]
..\\Parameters\\GlobalActions.h(237): Error -26374: The above "not found" error(s) may be explained by header and body byte counts being 0 and 0, respectively.  	[MsgId: MERR-26374]
End auto log messages stack.	[MsgId: MMSG-10544]


Start auto log messages stack - Iteration 35.	[MsgId: MMSG-10545]
..\\Parameters\\GlobalActions.h(211): Notify: Transaction "Itinerary" ended with a "Pass" status (Duration: 0,1207 Wasted Time: 0,0001).	[MsgId: MMSG-16871]
Action.c(17): lr_think_time: 5,00 seconds.	[MsgId: MMSG-15948]
..\\Parameters\\GlobalActions.h(228): Notify: Transaction "ChooseTicketForDelete" started.	[MsgId: MMSG-16999]
..\\Parameters\\GlobalActions.h(230): web_reg_find started  	[MsgId: MMSG-26355]
..\\Parameters\\GlobalActions.h(230): Registering web_reg_find was successful  	[MsgId: MMSG-26390]
..\\Parameters\\GlobalActions.h(233): web_add_header("Origin") started  	[MsgId: MMSG-26355]
..\\Parameters\\GlobalActions.h(233): web_add_header("Origin") was successful  	[MsgId: MMSG-26392]
..\\Parameters\\GlobalActions.h(237): web_submit_form("itinerary.pl") started  	[MsgId: MMSG-26355]
..\\Parameters\\GlobalActions.h(237): Error -27979: Requested form not found  	[MsgId: MERR-27979]
..\\Parameters\\GlobalActions.h(237): Error -26366: "Text=Flights List" not found for web_reg_find  	[MsgId: MERR-26366]
..\\Parameters\\GlobalActions.h(237): Error -26374: The above "not found" error(s) may be explained by header and body byte counts being 0 and 0, respectively.  	[MsgId: MERR-26374]
End auto log messages stack.	[MsgId: MMSG-10544]


Start auto log messages stack - Iteration 36.	[MsgId: MMSG-10545]
..\\Parameters\\GlobalActions.h(211): Notify: Transaction "Itinerary" ended with a "Pass" status (Duration: 0,1213 Wasted Time: 0,0001).	[MsgId: MMSG-16871]
Action.c(17): lr_think_time: 5,00 seconds.	[MsgId: MMSG-15948]
..\\Parameters\\GlobalActions.h(228): Notify: Transaction "ChooseTicketForDelete" started.	[MsgId: MMSG-16999]
..\\Parameters\\GlobalActions.h(230): web_reg_find started  	[MsgId: MMSG-26355]
..\\Parameters\\GlobalActions.h(230): Registering web_reg_find was successful  	[MsgId: MMSG-26390]
..\\Parameters\\GlobalActions.h(233): web_add_header("Origin") started  	[MsgId: MMSG-26355]
..\\Parameters\\GlobalActions.h(233): web_add_header("Origin") was successful  	[MsgId: MMSG-26392]
..\\Parameters\\GlobalActions.h(237): web_submit_form("itinerary.pl") started  	[MsgId: MMSG-26355]
..\\Parameters\\GlobalActions.h(237): Error -27979: Requested form not found  	[MsgId: MERR-27979]
..\\Parameters\\GlobalActions.h(237): Error -26366: "Text=Flights List" not found for web_reg_find  	[MsgId: MERR-26366]
..\\Parameters\\GlobalActions.h(237): Error -26374: The above "not found" error(s) may be explained by header and body byte counts being 0 and 0, respectively.  	[MsgId: MERR-26374]
End auto log messages stack.	[MsgId: MMSG-10544]


Start auto log messages stack - Iteration 37.	[MsgId: MMSG-10545]
..\\Parameters\\GlobalActions.h(211): Notify: Transaction "Itinerary" ended with a "Pass" status (Duration: 0,0883 Wasted Time: 0,0001).	[MsgId: MMSG-16871]
Action.c(17): lr_think_time: 5,00 seconds.	[MsgId: MMSG-15948]
..\\Parameters\\GlobalActions.h(228): Notify: Transaction "ChooseTicketForDelete" started.	[MsgId: MMSG-16999]
..\\Parameters\\GlobalActions.h(230): web_reg_find started  	[MsgId: MMSG-26355]
..\\Parameters\\GlobalActions.h(230): Registering web_reg_find was successful  	[MsgId: MMSG-26390]
..\\Parameters\\GlobalActions.h(233): web_add_header("Origin") started  	[MsgId: MMSG-26355]
..\\Parameters\\GlobalActions.h(233): web_add_header("Origin") was successful  	[MsgId: MMSG-26392]
..\\Parameters\\GlobalActions.h(237): web_submit_form("itinerary.pl") started  	[MsgId: MMSG-26355]
..\\Parameters\\GlobalActions.h(237): Error -27979: Requested form not found  	[MsgId: MERR-27979]
..\\Parameters\\GlobalActions.h(237): Error -26366: "Text=Flights List" not found for web_reg_find  	[MsgId: MERR-26366]
..\\Parameters\\GlobalActions.h(237): Error -26374: The above "not found" error(s) may be explained by header and body byte counts being 0 and 0, respectively.  	[MsgId: MERR-26374]
End auto log messages stack.	[MsgId: MMSG-10544]


Start auto log messages stack - Iteration 38.	[MsgId: MMSG-10545]
..\\Parameters\\GlobalActions.h(211): Notify: Transaction "Itinerary" ended with a "Pass" status (Duration: 0,0855 Wasted Time: 0,0001).	[MsgId: MMSG-16871]
Action.c(17): lr_think_time: 5,00 seconds.	[MsgId: MMSG-15948]
..\\Parameters\\GlobalActions.h(228): Notify: Transaction "ChooseTicketForDelete" started.	[MsgId: MMSG-16999]
..\\Parameters\\GlobalActions.h(230): web_reg_find started  	[MsgId: MMSG-26355]
..\\Parameters\\GlobalActions.h(230): Registering web_reg_find was successful  	[MsgId: MMSG-26390]
..\\Parameters\\GlobalActions.h(233): web_add_header("Origin") started  	[MsgId: MMSG-26355]
..\\Parameters\\GlobalActions.h(233): web_add_header("Origin") was successful  	[MsgId: MMSG-26392]
..\\Parameters\\GlobalActions.h(237): web_submit_form("itinerary.pl") started  	[MsgId: MMSG-26355]
..\\Parameters\\GlobalActions.h(237): Error -27979: Requested form not found  	[MsgId: MERR-27979]
..\\Parameters\\GlobalActions.h(237): Error -26366: "Text=Flights List" not found for web_reg_find  	[MsgId: MERR-26366]
..\\Parameters\\GlobalActions.h(237): Error -26374: The above "not found" error(s) may be explained by header and body byte counts being 0 and 0, respectively.  	[MsgId: MERR-26374]
End auto log messages stack.	[MsgId: MMSG-10544]


Start auto log messages stack - Iteration 39.	[MsgId: MMSG-10545]
..\\Parameters\\GlobalActions.h(211): Notify: Transaction "Itinerary" ended with a "Pass" status (Duration: 0,0774 Wasted Time: 0,0001).	[MsgId: MMSG-16871]
Action.c(17): lr_think_time: 5,00 seconds.	[MsgId: MMSG-15948]
..\\Parameters\\GlobalActions.h(228): Notify: Transaction "ChooseTicketForDelete" started.	[MsgId: MMSG-16999]
..\\Parameters\\GlobalActions.h(230): web_reg_find started  	[MsgId: MMSG-26355]
..\\Parameters\\GlobalActions.h(230): Registering web_reg_find was successful  	[MsgId: MMSG-26390]
..\\Parameters\\GlobalActions.h(233): web_add_header("Origin") started  	[MsgId: MMSG-26355]
..\\Parameters\\GlobalActions.h(233): web_add_header("Origin") was successful  	[MsgId: MMSG-26392]
..\\Parameters\\GlobalActions.h(237): web_submit_form("itinerary.pl") started  	[MsgId: MMSG-26355]
..\\Parameters\\GlobalActions.h(237): Error -27979: Requested form not found  	[MsgId: MERR-27979]
..\\Parameters\\GlobalActions.h(237): Error -26366: "Text=Flights List" not found for web_reg_find  	[MsgId: MERR-26366]
..\\Parameters\\GlobalActions.h(237): Error -26374: The above "not found" error(s) may be explained by header and body byte counts being 0 and 0, respectively.  	[MsgId: MERR-26374]
End auto log messages stack.	[MsgId: MMSG-10544]


Start auto log messages stack - Iteration 40.	[MsgId: MMSG-10545]
..\\Parameters\\GlobalActions.h(211): Notify: Transaction "Itinerary" ended with a "Pass" status (Duration: 0,0910 Wasted Time: 0,0001).	[MsgId: MMSG-16871]
Action.c(17): lr_think_time: 5,00 seconds.	[MsgId: MMSG-15948]
..\\Parameters\\GlobalActions.h(228): Notify: Transaction "ChooseTicketForDelete" started.	[MsgId: MMSG-16999]
..\\Parameters\\GlobalActions.h(230): web_reg_find started  	[MsgId: MMSG-26355]
..\\Parameters\\GlobalActions.h(230): Registering web_reg_find was successful  	[MsgId: MMSG-26390]
..\\Parameters\\GlobalActions.h(233): web_add_header("Origin") started  	[MsgId: MMSG-26355]
..\\Parameters\\GlobalActions.h(233): web_add_header("Origin") was successful  	[MsgId: MMSG-26392]
..\\Parameters\\GlobalActions.h(237): web_submit_form("itinerary.pl") started  	[MsgId: MMSG-26355]
..\\Parameters\\GlobalActions.h(237): Error -27979: Requested form not found  	[MsgId: MERR-27979]
..\\Parameters\\GlobalActions.h(237): Error -26366: "Text=Flights List" not found for web_reg_find  	[MsgId: MERR-26366]
..\\Parameters\\GlobalActions.h(237): Error -26374: The above "not found" error(s) may be explained by header and body byte counts being 0 and 0, respectively.  	[MsgId: MERR-26374]
End auto log messages stack.	[MsgId: MMSG-10544]


Start auto log messages stack - Iteration 41.	[MsgId: MMSG-10545]
..\\Parameters\\GlobalActions.h(211): Notify: Transaction "Itinerary" ended with a "Pass" status (Duration: 0,0893 Wasted Time: 0,0001).	[MsgId: MMSG-16871]
Action.c(17): lr_think_time: 5,00 seconds.	[MsgId: MMSG-15948]
..\\Parameters\\GlobalActions.h(228): Notify: Transaction "ChooseTicketForDelete" started.	[MsgId: MMSG-16999]
..\\Parameters\\GlobalActions.h(230): web_reg_find started  	[MsgId: MMSG-26355]
..\\Parameters\\GlobalActions.h(230): Registering web_reg_find was successful  	[MsgId: MMSG-26390]
..\\Parameters\\GlobalActions.h(233): web_add_header("Origin") started  	[MsgId: MMSG-26355]
..\\Parameters\\GlobalActions.h(233): web_add_header("Origin") was successful  	[MsgId: MMSG-26392]
..\\Parameters\\GlobalActions.h(237): web_submit_form("itinerary.pl") started  	[MsgId: MMSG-26355]
..\\Parameters\\GlobalActions.h(237): Error -27979: Requested form not found  	[MsgId: MERR-27979]
..\\Parameters\\GlobalActions.h(237): Error -26366: "Text=Flights List" not found for web_reg_find  	[MsgId: MERR-26366]
..\\Parameters\\GlobalActions.h(237): Error -26374: The above "not found" error(s) may be explained by header and body byte counts being 0 and 0, respectively.  	[MsgId: MERR-26374]
End auto log messages stack.	[MsgId: MMSG-10544]


Start auto log messages stack - Iteration 42.	[MsgId: MMSG-10545]
..\\Parameters\\GlobalActions.h(211): Notify: Transaction "Itinerary" ended with a "Pass" status (Duration: 0,1105 Wasted Time: 0,0001).	[MsgId: MMSG-16871]
Action.c(17): lr_think_time: 5,00 seconds.	[MsgId: MMSG-15948]
..\\Parameters\\GlobalActions.h(228): Notify: Transaction "ChooseTicketForDelete" started.	[MsgId: MMSG-16999]
..\\Parameters\\GlobalActions.h(230): web_reg_find started  	[MsgId: MMSG-26355]
..\\Parameters\\GlobalActions.h(230): Registering web_reg_find was successful  	[MsgId: MMSG-26390]
..\\Parameters\\GlobalActions.h(233): web_add_header("Origin") started  	[MsgId: MMSG-26355]
..\\Parameters\\GlobalActions.h(233): web_add_header("Origin") was successful  	[MsgId: MMSG-26392]
..\\Parameters\\GlobalActions.h(237): web_submit_form("itinerary.pl") started  	[MsgId: MMSG-26355]
..\\Parameters\\GlobalActions.h(237): Error -27979: Requested form not found  	[MsgId: MERR-27979]
..\\Parameters\\GlobalActions.h(237): Error -26366: "Text=Flights List" not found for web_reg_find  	[MsgId: MERR-26366]
..\\Parameters\\GlobalActions.h(237): Error -26374: The above "not found" error(s) may be explained by header and body byte counts being 0 and 0, respectively.  	[MsgId: MERR-26374]
End auto log messages stack.	[MsgId: MMSG-10544]


