Start auto log messages stack - Iteration 10.	[MsgId: MMSG-10545]
..\\Parameters\\GlobalActions.h(204): Notify: Transaction "Itinerary" ended with a "Pass" status (Duration: 0,0940 Wasted Time: 0,0001).	[MsgId: MMSG-16871]
Action1.c(17): lr_think_time: 5,00 seconds.	[MsgId: MMSG-15948]
..\\Parameters\\GlobalActions.h(221): Notify: Transaction "ChooseTicketForDelete" started.	[MsgId: MMSG-16999]
..\\Parameters\\GlobalActions.h(223): web_reg_find started  	[MsgId: MMSG-26355]
..\\Parameters\\GlobalActions.h(223): Registering web_reg_find was successful  	[MsgId: MMSG-26390]
..\\Parameters\\GlobalActions.h(226): web_add_header("Origin") started  	[MsgId: MMSG-26355]
..\\Parameters\\GlobalActions.h(226): web_add_header("Origin") was successful  	[MsgId: MMSG-26392]
..\\Parameters\\GlobalActions.h(230): web_submit_form("itinerary.pl") started  	[MsgId: MMSG-26355]
..\\Parameters\\GlobalActions.h(230): Error -27979: Requested form not found  	[MsgId: MERR-27979]
End auto log messages stack.	[MsgId: MMSG-10544]


Start auto log messages stack - Iteration 10.	[MsgId: MMSG-10545]
..\\Parameters\\GlobalActions.h(230): Warning -26379: Pending web_reg_save_param/web_reg_find/web_create_html_param/web_create_html_param_ex request(s) are deleted and will be handled as "not found"  	[MsgId: MWAR-26379]
..\\Parameters\\GlobalActions.h(230): Error -26366: "Text=Flights List" not found for web_reg_find  	[MsgId: MERR-26366]
..\\Parameters\\GlobalActions.h(230): Error -26374: The above "not found" error(s) may be explained by header and body byte counts being 0 and 0, respectively.  	[MsgId: MERR-26374]
End auto log messages stack.	[MsgId: MMSG-10544]


Start auto log messages stack - Iteration 11.	[MsgId: MMSG-10545]
..\\Parameters\\GlobalActions.h(204): Notify: Transaction "Itinerary" ended with a "Pass" status (Duration: 0,0931 Wasted Time: 0,0001).	[MsgId: MMSG-16871]
Action1.c(17): lr_think_time: 5,00 seconds.	[MsgId: MMSG-15948]
..\\Parameters\\GlobalActions.h(221): Notify: Transaction "ChooseTicketForDelete" started.	[MsgId: MMSG-16999]
..\\Parameters\\GlobalActions.h(223): web_reg_find started  	[MsgId: MMSG-26355]
..\\Parameters\\GlobalActions.h(223): Registering web_reg_find was successful  	[MsgId: MMSG-26390]
..\\Parameters\\GlobalActions.h(226): web_add_header("Origin") started  	[MsgId: MMSG-26355]
..\\Parameters\\GlobalActions.h(226): web_add_header("Origin") was successful  	[MsgId: MMSG-26392]
..\\Parameters\\GlobalActions.h(230): web_submit_form("itinerary.pl") started  	[MsgId: MMSG-26355]
..\\Parameters\\GlobalActions.h(230): Error -27979: Requested form not found  	[MsgId: MERR-27979]
End auto log messages stack.	[MsgId: MMSG-10544]


Start auto log messages stack - Iteration 11.	[MsgId: MMSG-10545]
..\\Parameters\\GlobalActions.h(230): Warning -26379: Pending web_reg_save_param/web_reg_find/web_create_html_param/web_create_html_param_ex request(s) are deleted and will be handled as "not found"  	[MsgId: MWAR-26379]
..\\Parameters\\GlobalActions.h(230): Error -26366: "Text=Flights List" not found for web_reg_find  	[MsgId: MERR-26366]
..\\Parameters\\GlobalActions.h(230): Error -26374: The above "not found" error(s) may be explained by header and body byte counts being 0 and 0, respectively.  	[MsgId: MERR-26374]
End auto log messages stack.	[MsgId: MMSG-10544]


Start auto log messages stack - Iteration 12.	[MsgId: MMSG-10545]
..\\Parameters\\GlobalActions.h(204): Notify: Transaction "Itinerary" ended with a "Pass" status (Duration: 0,0945 Wasted Time: 0,0001).	[MsgId: MMSG-16871]
Action1.c(17): lr_think_time: 5,00 seconds.	[MsgId: MMSG-15948]
..\\Parameters\\GlobalActions.h(221): Notify: Transaction "ChooseTicketForDelete" started.	[MsgId: MMSG-16999]
..\\Parameters\\GlobalActions.h(223): web_reg_find started  	[MsgId: MMSG-26355]
..\\Parameters\\GlobalActions.h(223): Registering web_reg_find was successful  	[MsgId: MMSG-26390]
..\\Parameters\\GlobalActions.h(226): web_add_header("Origin") started  	[MsgId: MMSG-26355]
..\\Parameters\\GlobalActions.h(226): web_add_header("Origin") was successful  	[MsgId: MMSG-26392]
..\\Parameters\\GlobalActions.h(230): web_submit_form("itinerary.pl") started  	[MsgId: MMSG-26355]
..\\Parameters\\GlobalActions.h(230): Error -27979: Requested form not found  	[MsgId: MERR-27979]
End auto log messages stack.	[MsgId: MMSG-10544]


Start auto log messages stack - Iteration 12.	[MsgId: MMSG-10545]
..\\Parameters\\GlobalActions.h(230): Warning -26379: Pending web_reg_save_param/web_reg_find/web_create_html_param/web_create_html_param_ex request(s) are deleted and will be handled as "not found"  	[MsgId: MWAR-26379]
..\\Parameters\\GlobalActions.h(230): Error -26366: "Text=Flights List" not found for web_reg_find  	[MsgId: MERR-26366]
..\\Parameters\\GlobalActions.h(230): Error -26374: The above "not found" error(s) may be explained by header and body byte counts being 0 and 0, respectively.  	[MsgId: MERR-26374]
End auto log messages stack.	[MsgId: MMSG-10544]


Start auto log messages stack - Iteration 13.	[MsgId: MMSG-10545]
..\\Parameters\\GlobalActions.h(204): Notify: Transaction "Itinerary" ended with a "Pass" status (Duration: 0,1401 Wasted Time: 0,0001).	[MsgId: MMSG-16871]
Action1.c(17): lr_think_time: 5,00 seconds.	[MsgId: MMSG-15948]
..\\Parameters\\GlobalActions.h(221): Notify: Transaction "ChooseTicketForDelete" started.	[MsgId: MMSG-16999]
..\\Parameters\\GlobalActions.h(223): web_reg_find started  	[MsgId: MMSG-26355]
..\\Parameters\\GlobalActions.h(223): Registering web_reg_find was successful  	[MsgId: MMSG-26390]
..\\Parameters\\GlobalActions.h(226): web_add_header("Origin") started  	[MsgId: MMSG-26355]
..\\Parameters\\GlobalActions.h(226): web_add_header("Origin") was successful  	[MsgId: MMSG-26392]
..\\Parameters\\GlobalActions.h(230): web_submit_form("itinerary.pl") started  	[MsgId: MMSG-26355]
..\\Parameters\\GlobalActions.h(230): Error -27979: Requested form not found  	[MsgId: MERR-27979]
End auto log messages stack.	[MsgId: MMSG-10544]


Start auto log messages stack - Iteration 13.	[MsgId: MMSG-10545]
..\\Parameters\\GlobalActions.h(230): Warning -26379: Pending web_reg_save_param/web_reg_find/web_create_html_param/web_create_html_param_ex request(s) are deleted and will be handled as "not found"  	[MsgId: MWAR-26379]
..\\Parameters\\GlobalActions.h(230): Error -26366: "Text=Flights List" not found for web_reg_find  	[MsgId: MERR-26366]
..\\Parameters\\GlobalActions.h(230): Error -26374: The above "not found" error(s) may be explained by header and body byte counts being 0 and 0, respectively.  	[MsgId: MERR-26374]
End auto log messages stack.	[MsgId: MMSG-10544]


Start auto log messages stack - Iteration 14.	[MsgId: MMSG-10545]
..\\Parameters\\GlobalActions.h(204): Notify: Transaction "Itinerary" ended with a "Pass" status (Duration: 0,0942 Wasted Time: 0,0001).	[MsgId: MMSG-16871]
Action1.c(17): lr_think_time: 5,00 seconds.	[MsgId: MMSG-15948]
..\\Parameters\\GlobalActions.h(221): Notify: Transaction "ChooseTicketForDelete" started.	[MsgId: MMSG-16999]
..\\Parameters\\GlobalActions.h(223): web_reg_find started  	[MsgId: MMSG-26355]
..\\Parameters\\GlobalActions.h(223): Registering web_reg_find was successful  	[MsgId: MMSG-26390]
..\\Parameters\\GlobalActions.h(226): web_add_header("Origin") started  	[MsgId: MMSG-26355]
..\\Parameters\\GlobalActions.h(226): web_add_header("Origin") was successful  	[MsgId: MMSG-26392]
..\\Parameters\\GlobalActions.h(230): web_submit_form("itinerary.pl") started  	[MsgId: MMSG-26355]
..\\Parameters\\GlobalActions.h(230): Error -27979: Requested form not found  	[MsgId: MERR-27979]
End auto log messages stack.	[MsgId: MMSG-10544]


Start auto log messages stack - Iteration 14.	[MsgId: MMSG-10545]
..\\Parameters\\GlobalActions.h(230): Warning -26379: Pending web_reg_save_param/web_reg_find/web_create_html_param/web_create_html_param_ex request(s) are deleted and will be handled as "not found"  	[MsgId: MWAR-26379]
..\\Parameters\\GlobalActions.h(230): Error -26366: "Text=Flights List" not found for web_reg_find  	[MsgId: MERR-26366]
..\\Parameters\\GlobalActions.h(230): Error -26374: The above "not found" error(s) may be explained by header and body byte counts being 0 and 0, respectively.  	[MsgId: MERR-26374]
End auto log messages stack.	[MsgId: MMSG-10544]


Start auto log messages stack - Iteration 15.	[MsgId: MMSG-10545]
..\\Parameters\\GlobalActions.h(204): Notify: Transaction "Itinerary" ended with a "Pass" status (Duration: 0,1268 Wasted Time: 0,0001).	[MsgId: MMSG-16871]
Action1.c(17): lr_think_time: 5,00 seconds.	[MsgId: MMSG-15948]
..\\Parameters\\GlobalActions.h(221): Notify: Transaction "ChooseTicketForDelete" started.	[MsgId: MMSG-16999]
..\\Parameters\\GlobalActions.h(223): web_reg_find started  	[MsgId: MMSG-26355]
..\\Parameters\\GlobalActions.h(223): Registering web_reg_find was successful  	[MsgId: MMSG-26390]
..\\Parameters\\GlobalActions.h(226): web_add_header("Origin") started  	[MsgId: MMSG-26355]
..\\Parameters\\GlobalActions.h(226): web_add_header("Origin") was successful  	[MsgId: MMSG-26392]
..\\Parameters\\GlobalActions.h(230): web_submit_form("itinerary.pl") started  	[MsgId: MMSG-26355]
..\\Parameters\\GlobalActions.h(230): Error -27979: Requested form not found  	[MsgId: MERR-27979]
End auto log messages stack.	[MsgId: MMSG-10544]


Start auto log messages stack - Iteration 15.	[MsgId: MMSG-10545]
..\\Parameters\\GlobalActions.h(230): Warning -26379: Pending web_reg_save_param/web_reg_find/web_create_html_param/web_create_html_param_ex request(s) are deleted and will be handled as "not found"  	[MsgId: MWAR-26379]
..\\Parameters\\GlobalActions.h(230): Error -26366: "Text=Flights List" not found for web_reg_find  	[MsgId: MERR-26366]
..\\Parameters\\GlobalActions.h(230): Error -26374: The above "not found" error(s) may be explained by header and body byte counts being 0 and 0, respectively.  	[MsgId: MERR-26374]
End auto log messages stack.	[MsgId: MMSG-10544]


Start auto log messages stack - Iteration 16.	[MsgId: MMSG-10545]
..\\Parameters\\GlobalActions.h(204): Notify: Transaction "Itinerary" ended with a "Pass" status (Duration: 0,1247 Wasted Time: 0,0001).	[MsgId: MMSG-16871]
Action1.c(17): lr_think_time: 5,00 seconds.	[MsgId: MMSG-15948]
..\\Parameters\\GlobalActions.h(221): Notify: Transaction "ChooseTicketForDelete" started.	[MsgId: MMSG-16999]
..\\Parameters\\GlobalActions.h(223): web_reg_find started  	[MsgId: MMSG-26355]
..\\Parameters\\GlobalActions.h(223): Registering web_reg_find was successful  	[MsgId: MMSG-26390]
..\\Parameters\\GlobalActions.h(226): web_add_header("Origin") started  	[MsgId: MMSG-26355]
..\\Parameters\\GlobalActions.h(226): web_add_header("Origin") was successful  	[MsgId: MMSG-26392]
..\\Parameters\\GlobalActions.h(230): web_submit_form("itinerary.pl") started  	[MsgId: MMSG-26355]
..\\Parameters\\GlobalActions.h(230): Error -27979: Requested form not found  	[MsgId: MERR-27979]
End auto log messages stack.	[MsgId: MMSG-10544]


Start auto log messages stack - Iteration 16.	[MsgId: MMSG-10545]
..\\Parameters\\GlobalActions.h(230): Warning -26379: Pending web_reg_save_param/web_reg_find/web_create_html_param/web_create_html_param_ex request(s) are deleted and will be handled as "not found"  	[MsgId: MWAR-26379]
..\\Parameters\\GlobalActions.h(230): Error -26366: "Text=Flights List" not found for web_reg_find  	[MsgId: MERR-26366]
..\\Parameters\\GlobalActions.h(230): Error -26374: The above "not found" error(s) may be explained by header and body byte counts being 0 and 0, respectively.  	[MsgId: MERR-26374]
End auto log messages stack.	[MsgId: MMSG-10544]


Start auto log messages stack - Iteration 17.	[MsgId: MMSG-10545]
..\\Parameters\\GlobalActions.h(204): Notify: Transaction "Itinerary" ended with a "Pass" status (Duration: 0,0948 Wasted Time: 0,0001).	[MsgId: MMSG-16871]
Action1.c(17): lr_think_time: 5,00 seconds.	[MsgId: MMSG-15948]
..\\Parameters\\GlobalActions.h(221): Notify: Transaction "ChooseTicketForDelete" started.	[MsgId: MMSG-16999]
..\\Parameters\\GlobalActions.h(223): web_reg_find started  	[MsgId: MMSG-26355]
..\\Parameters\\GlobalActions.h(223): Registering web_reg_find was successful  	[MsgId: MMSG-26390]
..\\Parameters\\GlobalActions.h(226): web_add_header("Origin") started  	[MsgId: MMSG-26355]
..\\Parameters\\GlobalActions.h(226): web_add_header("Origin") was successful  	[MsgId: MMSG-26392]
..\\Parameters\\GlobalActions.h(230): web_submit_form("itinerary.pl") started  	[MsgId: MMSG-26355]
..\\Parameters\\GlobalActions.h(230): Error -27979: Requested form not found  	[MsgId: MERR-27979]
End auto log messages stack.	[MsgId: MMSG-10544]


Start auto log messages stack - Iteration 17.	[MsgId: MMSG-10545]
..\\Parameters\\GlobalActions.h(230): Warning -26379: Pending web_reg_save_param/web_reg_find/web_create_html_param/web_create_html_param_ex request(s) are deleted and will be handled as "not found"  	[MsgId: MWAR-26379]
..\\Parameters\\GlobalActions.h(230): Error -26366: "Text=Flights List" not found for web_reg_find  	[MsgId: MERR-26366]
..\\Parameters\\GlobalActions.h(230): Error -26374: The above "not found" error(s) may be explained by header and body byte counts being 0 and 0, respectively.  	[MsgId: MERR-26374]
End auto log messages stack.	[MsgId: MMSG-10544]


Start auto log messages stack - Iteration 18.	[MsgId: MMSG-10545]
..\\Parameters\\GlobalActions.h(204): Notify: Transaction "Itinerary" ended with a "Pass" status (Duration: 3,5278 Wasted Time: 0,0001).	[MsgId: MMSG-16871]
Action1.c(17): lr_think_time: 5,00 seconds.	[MsgId: MMSG-15948]
..\\Parameters\\GlobalActions.h(221): Notify: Transaction "ChooseTicketForDelete" started.	[MsgId: MMSG-16999]
..\\Parameters\\GlobalActions.h(223): web_reg_find started  	[MsgId: MMSG-26355]
..\\Parameters\\GlobalActions.h(223): Registering web_reg_find was successful  	[MsgId: MMSG-26390]
..\\Parameters\\GlobalActions.h(226): web_add_header("Origin") started  	[MsgId: MMSG-26355]
..\\Parameters\\GlobalActions.h(226): web_add_header("Origin") was successful  	[MsgId: MMSG-26392]
..\\Parameters\\GlobalActions.h(230): web_submit_form("itinerary.pl") started  	[MsgId: MMSG-26355]
..\\Parameters\\GlobalActions.h(230): Error -27979: Requested form not found  	[MsgId: MERR-27979]
End auto log messages stack.	[MsgId: MMSG-10544]


Start auto log messages stack - Iteration 18.	[MsgId: MMSG-10545]
..\\Parameters\\GlobalActions.h(230): Warning -26379: Pending web_reg_save_param/web_reg_find/web_create_html_param/web_create_html_param_ex request(s) are deleted and will be handled as "not found"  	[MsgId: MWAR-26379]
..\\Parameters\\GlobalActions.h(230): Error -26366: "Text=Flights List" not found for web_reg_find  	[MsgId: MERR-26366]
..\\Parameters\\GlobalActions.h(230): Error -26374: The above "not found" error(s) may be explained by header and body byte counts being 0 and 0, respectively.  	[MsgId: MERR-26374]
End auto log messages stack.	[MsgId: MMSG-10544]


Start auto log messages stack - Iteration 19.	[MsgId: MMSG-10545]
..\\Parameters\\GlobalActions.h(204): Notify: Transaction "Itinerary" ended with a "Pass" status (Duration: 0,1984 Wasted Time: 0,0001).	[MsgId: MMSG-16871]
Action1.c(17): lr_think_time: 5,00 seconds.	[MsgId: MMSG-15948]
..\\Parameters\\GlobalActions.h(221): Notify: Transaction "ChooseTicketForDelete" started.	[MsgId: MMSG-16999]
..\\Parameters\\GlobalActions.h(223): web_reg_find started  	[MsgId: MMSG-26355]
..\\Parameters\\GlobalActions.h(223): Registering web_reg_find was successful  	[MsgId: MMSG-26390]
..\\Parameters\\GlobalActions.h(226): web_add_header("Origin") started  	[MsgId: MMSG-26355]
..\\Parameters\\GlobalActions.h(226): web_add_header("Origin") was successful  	[MsgId: MMSG-26392]
..\\Parameters\\GlobalActions.h(230): web_submit_form("itinerary.pl") started  	[MsgId: MMSG-26355]
..\\Parameters\\GlobalActions.h(230): Error -27979: Requested form not found  	[MsgId: MERR-27979]
End auto log messages stack.	[MsgId: MMSG-10544]


Start auto log messages stack - Iteration 19.	[MsgId: MMSG-10545]
..\\Parameters\\GlobalActions.h(230): Warning -26379: Pending web_reg_save_param/web_reg_find/web_create_html_param/web_create_html_param_ex request(s) are deleted and will be handled as "not found"  	[MsgId: MWAR-26379]
..\\Parameters\\GlobalActions.h(230): Error -26366: "Text=Flights List" not found for web_reg_find  	[MsgId: MERR-26366]
..\\Parameters\\GlobalActions.h(230): Error -26374: The above "not found" error(s) may be explained by header and body byte counts being 0 and 0, respectively.  	[MsgId: MERR-26374]
End auto log messages stack.	[MsgId: MMSG-10544]


Start auto log messages stack - Iteration 20.	[MsgId: MMSG-10545]
..\\Parameters\\GlobalActions.h(204): Notify: Transaction "Itinerary" ended with a "Pass" status (Duration: 2,0340 Wasted Time: 0,0001).	[MsgId: MMSG-16871]
Action1.c(17): lr_think_time: 5,00 seconds.	[MsgId: MMSG-15948]
..\\Parameters\\GlobalActions.h(221): Notify: Transaction "ChooseTicketForDelete" started.	[MsgId: MMSG-16999]
..\\Parameters\\GlobalActions.h(223): web_reg_find started  	[MsgId: MMSG-26355]
..\\Parameters\\GlobalActions.h(223): Registering web_reg_find was successful  	[MsgId: MMSG-26390]
..\\Parameters\\GlobalActions.h(226): web_add_header("Origin") started  	[MsgId: MMSG-26355]
..\\Parameters\\GlobalActions.h(226): web_add_header("Origin") was successful  	[MsgId: MMSG-26392]
..\\Parameters\\GlobalActions.h(230): web_submit_form("itinerary.pl") started  	[MsgId: MMSG-26355]
..\\Parameters\\GlobalActions.h(230): Error -27979: Requested form not found  	[MsgId: MERR-27979]
End auto log messages stack.	[MsgId: MMSG-10544]


Start auto log messages stack - Iteration 20.	[MsgId: MMSG-10545]
..\\Parameters\\GlobalActions.h(230): Warning -26379: Pending web_reg_save_param/web_reg_find/web_create_html_param/web_create_html_param_ex request(s) are deleted and will be handled as "not found"  	[MsgId: MWAR-26379]
..\\Parameters\\GlobalActions.h(230): Error -26366: "Text=Flights List" not found for web_reg_find  	[MsgId: MERR-26366]
..\\Parameters\\GlobalActions.h(230): Error -26374: The above "not found" error(s) may be explained by header and body byte counts being 0 and 0, respectively.  	[MsgId: MERR-26374]
End auto log messages stack.	[MsgId: MMSG-10544]


Start auto log messages stack - Iteration 21.	[MsgId: MMSG-10545]
..\\Parameters\\GlobalActions.h(204): Notify: Transaction "Itinerary" ended with a "Pass" status (Duration: 1,3582 Wasted Time: 0,0029).	[MsgId: MMSG-16871]
Action1.c(17): lr_think_time: 5,00 seconds.	[MsgId: MMSG-15948]
..\\Parameters\\GlobalActions.h(221): Notify: Transaction "ChooseTicketForDelete" started.	[MsgId: MMSG-16999]
..\\Parameters\\GlobalActions.h(223): web_reg_find started  	[MsgId: MMSG-26355]
..\\Parameters\\GlobalActions.h(223): Registering web_reg_find was successful  	[MsgId: MMSG-26390]
..\\Parameters\\GlobalActions.h(226): web_add_header("Origin") started  	[MsgId: MMSG-26355]
..\\Parameters\\GlobalActions.h(226): web_add_header("Origin") was successful  	[MsgId: MMSG-26392]
..\\Parameters\\GlobalActions.h(230): web_submit_form("itinerary.pl") started  	[MsgId: MMSG-26355]
..\\Parameters\\GlobalActions.h(230): Error -27979: Requested form not found  	[MsgId: MERR-27979]
End auto log messages stack.	[MsgId: MMSG-10544]


Start auto log messages stack - Iteration 21.	[MsgId: MMSG-10545]
..\\Parameters\\GlobalActions.h(230): Warning -26379: Pending web_reg_save_param/web_reg_find/web_create_html_param/web_create_html_param_ex request(s) are deleted and will be handled as "not found"  	[MsgId: MWAR-26379]
..\\Parameters\\GlobalActions.h(230): Error -26366: "Text=Flights List" not found for web_reg_find  	[MsgId: MERR-26366]
..\\Parameters\\GlobalActions.h(230): Error -26374: The above "not found" error(s) may be explained by header and body byte counts being 0 and 0, respectively.  	[MsgId: MERR-26374]
End auto log messages stack.	[MsgId: MMSG-10544]


Start auto log messages stack - Iteration 22.	[MsgId: MMSG-10545]
..\\Parameters\\GlobalActions.h(204): Notify: Transaction "Itinerary" ended with a "Pass" status (Duration: 1,3713 Wasted Time: 0,0001).	[MsgId: MMSG-16871]
Action1.c(17): lr_think_time: 5,00 seconds.	[MsgId: MMSG-15948]
..\\Parameters\\GlobalActions.h(221): Notify: Transaction "ChooseTicketForDelete" started.	[MsgId: MMSG-16999]
..\\Parameters\\GlobalActions.h(223): web_reg_find started  	[MsgId: MMSG-26355]
..\\Parameters\\GlobalActions.h(223): Registering web_reg_find was successful  	[MsgId: MMSG-26390]
..\\Parameters\\GlobalActions.h(226): web_add_header("Origin") started  	[MsgId: MMSG-26355]
..\\Parameters\\GlobalActions.h(226): web_add_header("Origin") was successful  	[MsgId: MMSG-26392]
..\\Parameters\\GlobalActions.h(230): web_submit_form("itinerary.pl") started  	[MsgId: MMSG-26355]
..\\Parameters\\GlobalActions.h(230): Error -27979: Requested form not found  	[MsgId: MERR-27979]
End auto log messages stack.	[MsgId: MMSG-10544]


Start auto log messages stack - Iteration 22.	[MsgId: MMSG-10545]
..\\Parameters\\GlobalActions.h(230): Warning -26379: Pending web_reg_save_param/web_reg_find/web_create_html_param/web_create_html_param_ex request(s) are deleted and will be handled as "not found"  	[MsgId: MWAR-26379]
..\\Parameters\\GlobalActions.h(230): Error -26366: "Text=Flights List" not found for web_reg_find  	[MsgId: MERR-26366]
..\\Parameters\\GlobalActions.h(230): Error -26374: The above "not found" error(s) may be explained by header and body byte counts being 0 and 0, respectively.  	[MsgId: MERR-26374]
End auto log messages stack.	[MsgId: MMSG-10544]


Start auto log messages stack - Iteration 23.	[MsgId: MMSG-10545]
..\\Parameters\\GlobalActions.h(204): Notify: Transaction "Itinerary" ended with a "Pass" status (Duration: 0,7415 Wasted Time: 0,0001).	[MsgId: MMSG-16871]
Action1.c(17): lr_think_time: 5,00 seconds.	[MsgId: MMSG-15948]
..\\Parameters\\GlobalActions.h(221): Notify: Transaction "ChooseTicketForDelete" started.	[MsgId: MMSG-16999]
..\\Parameters\\GlobalActions.h(223): web_reg_find started  	[MsgId: MMSG-26355]
..\\Parameters\\GlobalActions.h(223): Registering web_reg_find was successful  	[MsgId: MMSG-26390]
..\\Parameters\\GlobalActions.h(226): web_add_header("Origin") started  	[MsgId: MMSG-26355]
..\\Parameters\\GlobalActions.h(226): web_add_header("Origin") was successful  	[MsgId: MMSG-26392]
..\\Parameters\\GlobalActions.h(230): web_submit_form("itinerary.pl") started  	[MsgId: MMSG-26355]
..\\Parameters\\GlobalActions.h(230): Error -27979: Requested form not found  	[MsgId: MERR-27979]
End auto log messages stack.	[MsgId: MMSG-10544]


Start auto log messages stack - Iteration 23.	[MsgId: MMSG-10545]
..\\Parameters\\GlobalActions.h(230): Warning -26379: Pending web_reg_save_param/web_reg_find/web_create_html_param/web_create_html_param_ex request(s) are deleted and will be handled as "not found"  	[MsgId: MWAR-26379]
..\\Parameters\\GlobalActions.h(230): Error -26366: "Text=Flights List" not found for web_reg_find  	[MsgId: MERR-26366]
..\\Parameters\\GlobalActions.h(230): Error -26374: The above "not found" error(s) may be explained by header and body byte counts being 0 and 0, respectively.  	[MsgId: MERR-26374]
End auto log messages stack.	[MsgId: MMSG-10544]


Start auto log messages stack - Iteration 24.	[MsgId: MMSG-10545]
..\\Parameters\\GlobalActions.h(204): Notify: Transaction "Itinerary" ended with a "Pass" status (Duration: 0,1413 Wasted Time: 0,0001).	[MsgId: MMSG-16871]
Action1.c(17): lr_think_time: 5,00 seconds.	[MsgId: MMSG-15948]
..\\Parameters\\GlobalActions.h(221): Notify: Transaction "ChooseTicketForDelete" started.	[MsgId: MMSG-16999]
..\\Parameters\\GlobalActions.h(223): web_reg_find started  	[MsgId: MMSG-26355]
..\\Parameters\\GlobalActions.h(223): Registering web_reg_find was successful  	[MsgId: MMSG-26390]
..\\Parameters\\GlobalActions.h(226): web_add_header("Origin") started  	[MsgId: MMSG-26355]
..\\Parameters\\GlobalActions.h(226): web_add_header("Origin") was successful  	[MsgId: MMSG-26392]
..\\Parameters\\GlobalActions.h(230): web_submit_form("itinerary.pl") started  	[MsgId: MMSG-26355]
..\\Parameters\\GlobalActions.h(230): Error -27979: Requested form not found  	[MsgId: MERR-27979]
End auto log messages stack.	[MsgId: MMSG-10544]


Start auto log messages stack - Iteration 24.	[MsgId: MMSG-10545]
..\\Parameters\\GlobalActions.h(230): Warning -26379: Pending web_reg_save_param/web_reg_find/web_create_html_param/web_create_html_param_ex request(s) are deleted and will be handled as "not found"  	[MsgId: MWAR-26379]
..\\Parameters\\GlobalActions.h(230): Error -26366: "Text=Flights List" not found for web_reg_find  	[MsgId: MERR-26366]
..\\Parameters\\GlobalActions.h(230): Error -26374: The above "not found" error(s) may be explained by header and body byte counts being 0 and 0, respectively.  	[MsgId: MERR-26374]
End auto log messages stack.	[MsgId: MMSG-10544]


Start auto log messages stack - Iteration 25.	[MsgId: MMSG-10545]
..\\Parameters\\GlobalActions.h(204): Notify: Transaction "Itinerary" ended with a "Pass" status (Duration: 1,4774 Wasted Time: 0,0001).	[MsgId: MMSG-16871]
Action1.c(17): lr_think_time: 5,00 seconds.	[MsgId: MMSG-15948]
..\\Parameters\\GlobalActions.h(221): Notify: Transaction "ChooseTicketForDelete" started.	[MsgId: MMSG-16999]
..\\Parameters\\GlobalActions.h(223): web_reg_find started  	[MsgId: MMSG-26355]
..\\Parameters\\GlobalActions.h(223): Registering web_reg_find was successful  	[MsgId: MMSG-26390]
..\\Parameters\\GlobalActions.h(226): web_add_header("Origin") started  	[MsgId: MMSG-26355]
..\\Parameters\\GlobalActions.h(226): web_add_header("Origin") was successful  	[MsgId: MMSG-26392]
..\\Parameters\\GlobalActions.h(230): web_submit_form("itinerary.pl") started  	[MsgId: MMSG-26355]
..\\Parameters\\GlobalActions.h(230): Error -27979: Requested form not found  	[MsgId: MERR-27979]
End auto log messages stack.	[MsgId: MMSG-10544]


Start auto log messages stack - Iteration 25.	[MsgId: MMSG-10545]
..\\Parameters\\GlobalActions.h(230): Warning -26379: Pending web_reg_save_param/web_reg_find/web_create_html_param/web_create_html_param_ex request(s) are deleted and will be handled as "not found"  	[MsgId: MWAR-26379]
..\\Parameters\\GlobalActions.h(230): Error -26366: "Text=Flights List" not found for web_reg_find  	[MsgId: MERR-26366]
..\\Parameters\\GlobalActions.h(230): Error -26374: The above "not found" error(s) may be explained by header and body byte counts being 0 and 0, respectively.  	[MsgId: MERR-26374]
End auto log messages stack.	[MsgId: MMSG-10544]


Start auto log messages stack - Iteration 26.	[MsgId: MMSG-10545]
..\\Parameters\\GlobalActions.h(204): Notify: Transaction "Itinerary" ended with a "Pass" status (Duration: 0,8515 Wasted Time: 0,0001).	[MsgId: MMSG-16871]
Action1.c(17): lr_think_time: 5,00 seconds.	[MsgId: MMSG-15948]
..\\Parameters\\GlobalActions.h(221): Notify: Transaction "ChooseTicketForDelete" started.	[MsgId: MMSG-16999]
..\\Parameters\\GlobalActions.h(223): web_reg_find started  	[MsgId: MMSG-26355]
..\\Parameters\\GlobalActions.h(223): Registering web_reg_find was successful  	[MsgId: MMSG-26390]
..\\Parameters\\GlobalActions.h(226): web_add_header("Origin") started  	[MsgId: MMSG-26355]
..\\Parameters\\GlobalActions.h(226): web_add_header("Origin") was successful  	[MsgId: MMSG-26392]
..\\Parameters\\GlobalActions.h(230): web_submit_form("itinerary.pl") started  	[MsgId: MMSG-26355]
..\\Parameters\\GlobalActions.h(230): Error -27979: Requested form not found  	[MsgId: MERR-27979]
End auto log messages stack.	[MsgId: MMSG-10544]


Start auto log messages stack - Iteration 26.	[MsgId: MMSG-10545]
..\\Parameters\\GlobalActions.h(230): Warning -26379: Pending web_reg_save_param/web_reg_find/web_create_html_param/web_create_html_param_ex request(s) are deleted and will be handled as "not found"  	[MsgId: MWAR-26379]
..\\Parameters\\GlobalActions.h(230): Error -26366: "Text=Flights List" not found for web_reg_find  	[MsgId: MERR-26366]
..\\Parameters\\GlobalActions.h(230): Error -26374: The above "not found" error(s) may be explained by header and body byte counts being 0 and 0, respectively.  	[MsgId: MERR-26374]
End auto log messages stack.	[MsgId: MMSG-10544]


