Start auto log messages stack - Iteration 5.	[MsgId: MMSG-10545]
..\\Parameters\\GlobalActions.h(204): Notify: Transaction "Itinerary" ended with a "Pass" status (Duration: 0,0852 Wasted Time: 0,0001).	[MsgId: MMSG-16871]
Action1.c(17): lr_think_time: 5,00 seconds.	[MsgId: MMSG-15948]
..\\Parameters\\GlobalActions.h(221): Notify: Transaction "ChooseTicketForDelete" started.	[MsgId: MMSG-16999]
..\\Parameters\\GlobalActions.h(223): web_reg_find started  	[MsgId: MMSG-26355]
..\\Parameters\\GlobalActions.h(223): Registering web_reg_find was successful  	[MsgId: MMSG-26390]
..\\Parameters\\GlobalActions.h(226): web_add_header("Origin") started  	[MsgId: MMSG-26355]
..\\Parameters\\GlobalActions.h(226): web_add_header("Origin") was successful  	[MsgId: MMSG-26392]
..\\Parameters\\GlobalActions.h(230): web_submit_form("itinerary.pl") started  	[MsgId: MMSG-26355]
..\\Parameters\\GlobalActions.h(230): Error -27979: Requested form not found  	[MsgId: MERR-27979]
End auto log messages stack.	[MsgId: MMSG-10544]


Start auto log messages stack - Iteration 5.	[MsgId: MMSG-10545]
..\\Parameters\\GlobalActions.h(230): Warning -26379: Pending web_reg_save_param/web_reg_find/web_create_html_param/web_create_html_param_ex request(s) are deleted and will be handled as "not found"  	[MsgId: MWAR-26379]
..\\Parameters\\GlobalActions.h(230): Error -26366: "Text=Flights List" not found for web_reg_find  	[MsgId: MERR-26366]
..\\Parameters\\GlobalActions.h(230): Error -26374: The above "not found" error(s) may be explained by header and body byte counts being 0 and 0, respectively.  	[MsgId: MERR-26374]
End auto log messages stack.	[MsgId: MMSG-10544]


Start auto log messages stack - Iteration 6.	[MsgId: MMSG-10545]
..\\Parameters\\GlobalActions.h(204): Notify: Transaction "Itinerary" ended with a "Pass" status (Duration: 0,1183 Wasted Time: 0,0001).	[MsgId: MMSG-16871]
Action1.c(17): lr_think_time: 5,00 seconds.	[MsgId: MMSG-15948]
..\\Parameters\\GlobalActions.h(221): Notify: Transaction "ChooseTicketForDelete" started.	[MsgId: MMSG-16999]
..\\Parameters\\GlobalActions.h(223): web_reg_find started  	[MsgId: MMSG-26355]
..\\Parameters\\GlobalActions.h(223): Registering web_reg_find was successful  	[MsgId: MMSG-26390]
..\\Parameters\\GlobalActions.h(226): web_add_header("Origin") started  	[MsgId: MMSG-26355]
..\\Parameters\\GlobalActions.h(226): web_add_header("Origin") was successful  	[MsgId: MMSG-26392]
..\\Parameters\\GlobalActions.h(230): web_submit_form("itinerary.pl") started  	[MsgId: MMSG-26355]
..\\Parameters\\GlobalActions.h(230): Error -27979: Requested form not found  	[MsgId: MERR-27979]
End auto log messages stack.	[MsgId: MMSG-10544]


Start auto log messages stack - Iteration 6.	[MsgId: MMSG-10545]
..\\Parameters\\GlobalActions.h(230): Warning -26379: Pending web_reg_save_param/web_reg_find/web_create_html_param/web_create_html_param_ex request(s) are deleted and will be handled as "not found"  	[MsgId: MWAR-26379]
..\\Parameters\\GlobalActions.h(230): Error -26366: "Text=Flights List" not found for web_reg_find  	[MsgId: MERR-26366]
..\\Parameters\\GlobalActions.h(230): Error -26374: The above "not found" error(s) may be explained by header and body byte counts being 0 and 0, respectively.  	[MsgId: MERR-26374]
End auto log messages stack.	[MsgId: MMSG-10544]


Start auto log messages stack - Iteration 7.	[MsgId: MMSG-10545]
..\\Parameters\\GlobalActions.h(204): Notify: Transaction "Itinerary" ended with a "Pass" status (Duration: 0,1206 Wasted Time: 0,0001).	[MsgId: MMSG-16871]
Action1.c(17): lr_think_time: 5,00 seconds.	[MsgId: MMSG-15948]
..\\Parameters\\GlobalActions.h(221): Notify: Transaction "ChooseTicketForDelete" started.	[MsgId: MMSG-16999]
..\\Parameters\\GlobalActions.h(223): web_reg_find started  	[MsgId: MMSG-26355]
..\\Parameters\\GlobalActions.h(223): Registering web_reg_find was successful  	[MsgId: MMSG-26390]
..\\Parameters\\GlobalActions.h(226): web_add_header("Origin") started  	[MsgId: MMSG-26355]
..\\Parameters\\GlobalActions.h(226): web_add_header("Origin") was successful  	[MsgId: MMSG-26392]
..\\Parameters\\GlobalActions.h(230): web_submit_form("itinerary.pl") started  	[MsgId: MMSG-26355]
..\\Parameters\\GlobalActions.h(230): Error -27979: Requested form not found  	[MsgId: MERR-27979]
End auto log messages stack.	[MsgId: MMSG-10544]


Start auto log messages stack - Iteration 7.	[MsgId: MMSG-10545]
..\\Parameters\\GlobalActions.h(230): Warning -26379: Pending web_reg_save_param/web_reg_find/web_create_html_param/web_create_html_param_ex request(s) are deleted and will be handled as "not found"  	[MsgId: MWAR-26379]
..\\Parameters\\GlobalActions.h(230): Error -26366: "Text=Flights List" not found for web_reg_find  	[MsgId: MERR-26366]
..\\Parameters\\GlobalActions.h(230): Error -26374: The above "not found" error(s) may be explained by header and body byte counts being 0 and 0, respectively.  	[MsgId: MERR-26374]
End auto log messages stack.	[MsgId: MMSG-10544]


Start auto log messages stack - Iteration 8.	[MsgId: MMSG-10545]
..\\Parameters\\GlobalActions.h(204): Notify: Transaction "Itinerary" ended with a "Pass" status (Duration: 0,1197 Wasted Time: 0,0001).	[MsgId: MMSG-16871]
Action1.c(17): lr_think_time: 5,00 seconds.	[MsgId: MMSG-15948]
..\\Parameters\\GlobalActions.h(221): Notify: Transaction "ChooseTicketForDelete" started.	[MsgId: MMSG-16999]
..\\Parameters\\GlobalActions.h(223): web_reg_find started  	[MsgId: MMSG-26355]
..\\Parameters\\GlobalActions.h(223): Registering web_reg_find was successful  	[MsgId: MMSG-26390]
..\\Parameters\\GlobalActions.h(226): web_add_header("Origin") started  	[MsgId: MMSG-26355]
..\\Parameters\\GlobalActions.h(226): web_add_header("Origin") was successful  	[MsgId: MMSG-26392]
..\\Parameters\\GlobalActions.h(230): web_submit_form("itinerary.pl") started  	[MsgId: MMSG-26355]
..\\Parameters\\GlobalActions.h(230): Error -27979: Requested form not found  	[MsgId: MERR-27979]
End auto log messages stack.	[MsgId: MMSG-10544]


Start auto log messages stack - Iteration 8.	[MsgId: MMSG-10545]
..\\Parameters\\GlobalActions.h(230): Warning -26379: Pending web_reg_save_param/web_reg_find/web_create_html_param/web_create_html_param_ex request(s) are deleted and will be handled as "not found"  	[MsgId: MWAR-26379]
..\\Parameters\\GlobalActions.h(230): Error -26366: "Text=Flights List" not found for web_reg_find  	[MsgId: MERR-26366]
..\\Parameters\\GlobalActions.h(230): Error -26374: The above "not found" error(s) may be explained by header and body byte counts being 0 and 0, respectively.  	[MsgId: MERR-26374]
End auto log messages stack.	[MsgId: MMSG-10544]


Start auto log messages stack - Iteration 5.	[MsgId: MMSG-10545]
..\\Parameters\\GlobalActions.h(204): Notify: Transaction "Itinerary" ended with a "Pass" status (Duration: 0,1128 Wasted Time: 0,0001).	[MsgId: MMSG-16871]
Action1.c(17): lr_think_time: 5,00 seconds.	[MsgId: MMSG-15948]
..\\Parameters\\GlobalActions.h(221): Notify: Transaction "ChooseTicketForDelete" started.	[MsgId: MMSG-16999]
..\\Parameters\\GlobalActions.h(223): web_reg_find started  	[MsgId: MMSG-26355]
..\\Parameters\\GlobalActions.h(223): Registering web_reg_find was successful  	[MsgId: MMSG-26390]
..\\Parameters\\GlobalActions.h(226): web_add_header("Origin") started  	[MsgId: MMSG-26355]
..\\Parameters\\GlobalActions.h(226): web_add_header("Origin") was successful  	[MsgId: MMSG-26392]
..\\Parameters\\GlobalActions.h(230): web_submit_form("itinerary.pl") started  	[MsgId: MMSG-26355]
..\\Parameters\\GlobalActions.h(230): Error -27979: Requested form not found  	[MsgId: MERR-27979]
End auto log messages stack.	[MsgId: MMSG-10544]


Start auto log messages stack - Iteration 5.	[MsgId: MMSG-10545]
..\\Parameters\\GlobalActions.h(230): Warning -26379: Pending web_reg_save_param/web_reg_find/web_create_html_param/web_create_html_param_ex request(s) are deleted and will be handled as "not found"  	[MsgId: MWAR-26379]
..\\Parameters\\GlobalActions.h(230): Error -26366: "Text=Flights List" not found for web_reg_find  	[MsgId: MERR-26366]
..\\Parameters\\GlobalActions.h(230): Error -26374: The above "not found" error(s) may be explained by header and body byte counts being 0 and 0, respectively.  	[MsgId: MERR-26374]
End auto log messages stack.	[MsgId: MMSG-10544]


Start auto log messages stack - Iteration 6.	[MsgId: MMSG-10545]
..\\Parameters\\GlobalActions.h(204): Notify: Transaction "Itinerary" ended with a "Pass" status (Duration: 0,1177 Wasted Time: 0,0001).	[MsgId: MMSG-16871]
Action1.c(17): lr_think_time: 5,00 seconds.	[MsgId: MMSG-15948]
..\\Parameters\\GlobalActions.h(221): Notify: Transaction "ChooseTicketForDelete" started.	[MsgId: MMSG-16999]
..\\Parameters\\GlobalActions.h(223): web_reg_find started  	[MsgId: MMSG-26355]
..\\Parameters\\GlobalActions.h(223): Registering web_reg_find was successful  	[MsgId: MMSG-26390]
..\\Parameters\\GlobalActions.h(226): web_add_header("Origin") started  	[MsgId: MMSG-26355]
..\\Parameters\\GlobalActions.h(226): web_add_header("Origin") was successful  	[MsgId: MMSG-26392]
..\\Parameters\\GlobalActions.h(230): web_submit_form("itinerary.pl") started  	[MsgId: MMSG-26355]
..\\Parameters\\GlobalActions.h(230): Error -27979: Requested form not found  	[MsgId: MERR-27979]
End auto log messages stack.	[MsgId: MMSG-10544]


Start auto log messages stack - Iteration 6.	[MsgId: MMSG-10545]
..\\Parameters\\GlobalActions.h(230): Warning -26379: Pending web_reg_save_param/web_reg_find/web_create_html_param/web_create_html_param_ex request(s) are deleted and will be handled as "not found"  	[MsgId: MWAR-26379]
..\\Parameters\\GlobalActions.h(230): Error -26366: "Text=Flights List" not found for web_reg_find  	[MsgId: MERR-26366]
..\\Parameters\\GlobalActions.h(230): Error -26374: The above "not found" error(s) may be explained by header and body byte counts being 0 and 0, respectively.  	[MsgId: MERR-26374]
End auto log messages stack.	[MsgId: MMSG-10544]


Start auto log messages stack - Iteration 10.	[MsgId: MMSG-10545]
..\\Parameters\\GlobalActions.h(204): Notify: Transaction "Itinerary" ended with a "Pass" status (Duration: 0,0906 Wasted Time: 0,0001).	[MsgId: MMSG-16871]
Action1.c(17): lr_think_time: 5,00 seconds.	[MsgId: MMSG-15948]
..\\Parameters\\GlobalActions.h(221): Notify: Transaction "ChooseTicketForDelete" started.	[MsgId: MMSG-16999]
..\\Parameters\\GlobalActions.h(223): web_reg_find started  	[MsgId: MMSG-26355]
..\\Parameters\\GlobalActions.h(223): Registering web_reg_find was successful  	[MsgId: MMSG-26390]
..\\Parameters\\GlobalActions.h(226): web_add_header("Origin") started  	[MsgId: MMSG-26355]
..\\Parameters\\GlobalActions.h(226): web_add_header("Origin") was successful  	[MsgId: MMSG-26392]
..\\Parameters\\GlobalActions.h(230): web_submit_form("itinerary.pl") started  	[MsgId: MMSG-26355]
..\\Parameters\\GlobalActions.h(230): Error -27979: Requested form not found  	[MsgId: MERR-27979]
End auto log messages stack.	[MsgId: MMSG-10544]


Start auto log messages stack - Iteration 10.	[MsgId: MMSG-10545]
..\\Parameters\\GlobalActions.h(230): Warning -26379: Pending web_reg_save_param/web_reg_find/web_create_html_param/web_create_html_param_ex request(s) are deleted and will be handled as "not found"  	[MsgId: MWAR-26379]
..\\Parameters\\GlobalActions.h(230): Error -26366: "Text=Flights List" not found for web_reg_find  	[MsgId: MERR-26366]
..\\Parameters\\GlobalActions.h(230): Error -26374: The above "not found" error(s) may be explained by header and body byte counts being 0 and 0, respectively.  	[MsgId: MERR-26374]
End auto log messages stack.	[MsgId: MMSG-10544]


Start auto log messages stack - Iteration 7.	[MsgId: MMSG-10545]
..\\Parameters\\GlobalActions.h(204): Notify: Transaction "Itinerary" ended with a "Pass" status (Duration: 0,1178 Wasted Time: 0,0001).	[MsgId: MMSG-16871]
Action1.c(17): lr_think_time: 5,00 seconds.	[MsgId: MMSG-15948]
..\\Parameters\\GlobalActions.h(221): Notify: Transaction "ChooseTicketForDelete" started.	[MsgId: MMSG-16999]
..\\Parameters\\GlobalActions.h(223): web_reg_find started  	[MsgId: MMSG-26355]
..\\Parameters\\GlobalActions.h(223): Registering web_reg_find was successful  	[MsgId: MMSG-26390]
..\\Parameters\\GlobalActions.h(226): web_add_header("Origin") started  	[MsgId: MMSG-26355]
..\\Parameters\\GlobalActions.h(226): web_add_header("Origin") was successful  	[MsgId: MMSG-26392]
..\\Parameters\\GlobalActions.h(230): web_submit_form("itinerary.pl") started  	[MsgId: MMSG-26355]
..\\Parameters\\GlobalActions.h(230): Error -27979: Requested form not found  	[MsgId: MERR-27979]
End auto log messages stack.	[MsgId: MMSG-10544]


Start auto log messages stack - Iteration 7.	[MsgId: MMSG-10545]
..\\Parameters\\GlobalActions.h(230): Warning -26379: Pending web_reg_save_param/web_reg_find/web_create_html_param/web_create_html_param_ex request(s) are deleted and will be handled as "not found"  	[MsgId: MWAR-26379]
..\\Parameters\\GlobalActions.h(230): Error -26366: "Text=Flights List" not found for web_reg_find  	[MsgId: MERR-26366]
..\\Parameters\\GlobalActions.h(230): Error -26374: The above "not found" error(s) may be explained by header and body byte counts being 0 and 0, respectively.  	[MsgId: MERR-26374]
End auto log messages stack.	[MsgId: MMSG-10544]


Start auto log messages stack - Iteration 11.	[MsgId: MMSG-10545]
..\\Parameters\\GlobalActions.h(204): Notify: Transaction "Itinerary" ended with a "Pass" status (Duration: 0,1110 Wasted Time: 0,0001).	[MsgId: MMSG-16871]
Action1.c(17): lr_think_time: 5,00 seconds.	[MsgId: MMSG-15948]
..\\Parameters\\GlobalActions.h(221): Notify: Transaction "ChooseTicketForDelete" started.	[MsgId: MMSG-16999]
..\\Parameters\\GlobalActions.h(223): web_reg_find started  	[MsgId: MMSG-26355]
..\\Parameters\\GlobalActions.h(223): Registering web_reg_find was successful  	[MsgId: MMSG-26390]
..\\Parameters\\GlobalActions.h(226): web_add_header("Origin") started  	[MsgId: MMSG-26355]
..\\Parameters\\GlobalActions.h(226): web_add_header("Origin") was successful  	[MsgId: MMSG-26392]
..\\Parameters\\GlobalActions.h(230): web_submit_form("itinerary.pl") started  	[MsgId: MMSG-26355]
..\\Parameters\\GlobalActions.h(230): Error -27979: Requested form not found  	[MsgId: MERR-27979]
End auto log messages stack.	[MsgId: MMSG-10544]


Start auto log messages stack - Iteration 11.	[MsgId: MMSG-10545]
..\\Parameters\\GlobalActions.h(230): Warning -26379: Pending web_reg_save_param/web_reg_find/web_create_html_param/web_create_html_param_ex request(s) are deleted and will be handled as "not found"  	[MsgId: MWAR-26379]
..\\Parameters\\GlobalActions.h(230): Error -26366: "Text=Flights List" not found for web_reg_find  	[MsgId: MERR-26366]
..\\Parameters\\GlobalActions.h(230): Error -26374: The above "not found" error(s) may be explained by header and body byte counts being 0 and 0, respectively.  	[MsgId: MERR-26374]
End auto log messages stack.	[MsgId: MMSG-10544]


